============================= test session starts ==============================
platform linux -- Python 3.8.0, pytest-5.4.3, py-1.9.0, pluggy-0.13.1
rootdir: /dc-app-performance-toolkit/app
plugins: apiritif-0.9.3
collected 14 items

selenium_ui/jira_ui.py first driver inits
1597732993473,1019,selenium_login:open_login_page,Success,True
1597732994617,1144,selenium_login:login_and_view_dashboard,Success,True
1597732994617,2164,selenium_login,Success,True
.test_0_selenium_a_login,Total:1 Passed:1 Failed:0
1597732995058,420,selenium_browse_projects_list,Success,True
.test_1_selenium_browse_projects_list,Total:2 Passed:2 Failed:0
1597732995467,407,selenium_browse_boards_list,Success,True
.test_1_selenium_browse_boards_list,Total:3 Passed:3 Failed:0
1597732996472,984,selenium_create_issue:open_quick_create,Success,True
1597733000241,1159,selenium_create_issue:fill_and_submit_issue_form:submit_issue_form,Success,True
1597733000241,3769,selenium_create_issue:fill_and_submit_issue_form,Success,True
1597733000241,4753,selenium_create_issue,Success,True
.test_1_selenium_create_issue,Total:4 Passed:4 Failed:0
1597733000846,576,selenium_edit_issue:open_edit_issue_form,Success,True
1597733002530,793,selenium_edit_issue:save_edit_issue_form,Success,True
1597733002530,2259,selenium_edit_issue,Success,True
.test_1_selenium_edit_issue,Total:5 Passed:5 Failed:0
1597733003002,470,selenium_save_comment:open_comment_form,Success,True
1597733004348,1102,selenium_save_comment:submit_form,Success,True
1597733004348,1816,selenium_save_comment,Success,True
.test_1_selenium_save_comment,Total:6 Passed:6 Failed:0
1597733006151,1801,selenium_search_jql,Success,True
.test_1_selenium_search_jql,Total:7 Passed:7 Failed:0
1597733007046,893,selenium_view_scrum_board_backlog,Success,True
.test_1_selenium_view_backlog_for_scrum_board,Total:8 Passed:8 Failed:0
1597733007945,897,selenium_view_scrum_board,Success,True
.test_1_selenium_view_scrum_board,Total:9 Passed:9 Failed:0
1597733009200,1253,selenium_view_kanban_board,Success,True
.test_1_selenium_view_kanban_board,Total:10 Passed:10 Failed:0
1597733010021,819,selenium_view_dashboard,Success,True
.test_1_selenium_view_dashboard,Total:11 Passed:11 Failed:0
1597733010906,883,selenium_view_issue,Success,True
.test_1_selenium_view_issue,Total:12 Passed:12 Failed:0
1597733011298,389,selenium_project_summary,Success,True
.test_1_selenium_view_project_summary,Total:13 Passed:13 Failed:0
1597733011770,470,selenium_log_out,Success,True
.test_2_selenium_z_log_out,Total:14 Passed:14 Failed:0


=============================== warnings summary ===============================
/usr/local/lib/python3.8/dist-packages/_pytest/config/__init__.py:935
  /usr/local/lib/python3.8/dist-packages/_pytest/config/__init__.py:935: PytestAssertRewriteWarning: Module already imported so cannot be rewritten: apiritif
    self._mark_plugins_for_rewrite(hook)

-- Docs: https://docs.pytest.org/en/latest/warnings.html
======================== 14 passed, 1 warning in 21.37s ========================
============================= test session starts ==============================
platform linux -- Python 3.8.0, pytest-5.4.3, py-1.9.0, pluggy-0.13.1
rootdir: /dc-app-performance-toolkit/app
plugins: apiritif-0.9.3
collected 14 items

selenium_ui/jira_ui.py get driver from global
1597733011983,113,selenium_login:open_login_page,Success,True
1597733012604,621,selenium_login:login_and_view_dashboard,Success,True
1597733012604,734,selenium_login,Success,True
.test_0_selenium_a_login,Total:15 Passed:15 Failed:0
1597733012960,341,selenium_browse_projects_list,Success,True
.test_1_selenium_browse_projects_list,Total:16 Passed:16 Failed:0
1597733013404,442,selenium_browse_boards_list,Success,True
.test_1_selenium_browse_boards_list,Total:17 Passed:17 Failed:0
1597733014362,925,selenium_create_issue:open_quick_create,Success,True
1597733017472,646,selenium_create_issue:fill_and_submit_issue_form:submit_issue_form,Success,True
1597733017472,3109,selenium_create_issue:fill_and_submit_issue_form,Success,True
1597733017472,4035,selenium_create_issue,Success,True
.test_1_selenium_create_issue,Total:18 Passed:18 Failed:0
1597733018358,866,selenium_edit_issue:open_edit_issue_form,Success,True
1597733019722,759,selenium_edit_issue:save_edit_issue_form,Success,True
1597733019722,2230,selenium_edit_issue,Success,True
.test_1_selenium_edit_issue,Total:19 Passed:19 Failed:0
1597733020187,463,selenium_save_comment:open_comment_form,Success,True
1597733021323,921,selenium_save_comment:submit_form,Success,True
1597733021323,1599,selenium_save_comment,Success,True
.test_1_selenium_save_comment,Total:20 Passed:20 Failed:0
1597733022670,1345,selenium_search_jql,Success,True
.test_1_selenium_search_jql,Total:21 Passed:21 Failed:0
1597733023619,947,selenium_view_scrum_board_backlog,Success,True
.test_1_selenium_view_backlog_for_scrum_board,Total:22 Passed:22 Failed:0
1597733024451,830,selenium_view_scrum_board,Success,True
.test_1_selenium_view_scrum_board,Total:23 Passed:23 Failed:0
1597733025500,1047,selenium_view_kanban_board,Success,True
.test_1_selenium_view_kanban_board,Total:24 Passed:24 Failed:0
1597733025899,397,selenium_view_dashboard,Success,True
.test_1_selenium_view_dashboard,Total:25 Passed:25 Failed:0
1597733026797,896,selenium_view_issue,Success,True
.test_1_selenium_view_issue,Total:26 Passed:26 Failed:0
1597733027369,570,selenium_project_summary,Success,True
.test_1_selenium_view_project_summary,Total:27 Passed:27 Failed:0
1597733027796,426,selenium_log_out,Success,True
.test_2_selenium_z_log_out,Total:28 Passed:28 Failed:0


=============================== warnings summary ===============================
/usr/local/lib/python3.8/dist-packages/_pytest/config/__init__.py:935
  /usr/local/lib/python3.8/dist-packages/_pytest/config/__init__.py:935: PytestAssertRewriteWarning: Module already imported so cannot be rewritten: apiritif
    self._mark_plugins_for_rewrite(hook)

-- Docs: https://docs.pytest.org/en/latest/warnings.html
======================== 14 passed, 1 warning in 15.94s ========================
============================= test session starts ==============================
platform linux -- Python 3.8.0, pytest-5.4.3, py-1.9.0, pluggy-0.13.1
rootdir: /dc-app-performance-toolkit/app
plugins: apiritif-0.9.3
collected 14 items

selenium_ui/jira_ui.py get driver from global
1597733027975,124,selenium_login:open_login_page,Success,True
1597733028725,749,selenium_login:login_and_view_dashboard,Success,True
1597733028725,874,selenium_login,Success,True
.test_0_selenium_a_login,Total:29 Passed:29 Failed:0
1597733029076,335,selenium_browse_projects_list,Success,True
.test_1_selenium_browse_projects_list,Total:30 Passed:30 Failed:0
1597733029436,357,selenium_browse_boards_list,Success,True
.test_1_selenium_browse_boards_list,Total:31 Passed:31 Failed:0
1597733030304,850,selenium_create_issue:open_quick_create,Success,True
1597733033380,641,selenium_create_issue:fill_and_submit_issue_form:submit_issue_form,Success,True
1597733033380,3076,selenium_create_issue:fill_and_submit_issue_form,Success,True
1597733033380,3926,selenium_create_issue,Success,True
.test_1_selenium_create_issue,Total:32 Passed:32 Failed:0
1597733033980,582,selenium_edit_issue:open_edit_issue_form,Success,True
1597733035631,734,selenium_edit_issue:save_edit_issue_form,Success,True
1597733035631,2233,selenium_edit_issue,Success,True
.test_1_selenium_edit_issue,Total:33 Passed:33 Failed:0
1597733036109,476,selenium_save_comment:open_comment_form,Success,True
1597733037223,896,selenium_save_comment:submit_form,Success,True
1597733037223,1590,selenium_save_comment,Success,True
.test_1_selenium_save_comment,Total:34 Passed:34 Failed:0
1597733038576,1351,selenium_search_jql,Success,True
.test_1_selenium_search_jql,Total:35 Passed:35 Failed:0
1597733040162,1584,selenium_view_scrum_board_backlog,Success,True
.test_1_selenium_view_backlog_for_scrum_board,Total:36 Passed:36 Failed:0
1597733041016,852,selenium_view_scrum_board,Success,True
.test_1_selenium_view_scrum_board,Total:37 Passed:37 Failed:0
1597733042524,1506,selenium_view_kanban_board,Success,True
.test_1_selenium_view_kanban_board,Total:38 Passed:38 Failed:0
1597733042876,349,selenium_view_dashboard,Success,True
.test_1_selenium_view_dashboard,Total:39 Passed:39 Failed:0
1597733043708,830,selenium_view_issue,Success,True
.test_1_selenium_view_issue,Total:40 Passed:40 Failed:0
1597733044348,639,selenium_project_summary,Success,True
.test_1_selenium_view_project_summary,Total:41 Passed:41 Failed:0
1597733044827,476,selenium_log_out,Success,True
.test_2_selenium_z_log_out,Total:42 Passed:42 Failed:0


=============================== warnings summary ===============================
/usr/local/lib/python3.8/dist-packages/_pytest/config/__init__.py:935
  /usr/local/lib/python3.8/dist-packages/_pytest/config/__init__.py:935: PytestAssertRewriteWarning: Module already imported so cannot be rewritten: apiritif
    self._mark_plugins_for_rewrite(hook)

-- Docs: https://docs.pytest.org/en/latest/warnings.html
======================== 14 passed, 1 warning in 16.99s ========================
============================= test session starts ==============================
platform linux -- Python 3.8.0, pytest-5.4.3, py-1.9.0, pluggy-0.13.1
rootdir: /dc-app-performance-toolkit/app
plugins: apiritif-0.9.3
collected 14 items

selenium_ui/jira_ui.py get driver from global
1597733045053,170,selenium_login:open_login_page,Success,True
1597733045687,633,selenium_login:login_and_view_dashboard,Success,True
1597733045687,803,selenium_login,Success,True
.test_0_selenium_a_login,Total:43 Passed:43 Failed:0
1597733046038,336,selenium_browse_projects_list,Success,True
.test_1_selenium_browse_projects_list,Total:44 Passed:44 Failed:0
1597733046412,372,selenium_browse_boards_list,Success,True
.test_1_selenium_browse_boards_list,Total:45 Passed:45 Failed:0
1597733047439,996,selenium_create_issue:open_quick_create,Success,True
1597733050552,654,selenium_create_issue:fill_and_submit_issue_form:submit_issue_form,Success,True
1597733050552,3113,selenium_create_issue:fill_and_submit_issue_form,Success,True
1597733050552,4109,selenium_create_issue,Success,True
.test_1_selenium_create_issue,Total:46 Passed:46 Failed:0
1597733051427,857,selenium_edit_issue:open_edit_issue_form,Success,True
1597733052757,757,selenium_edit_issue:save_edit_issue_form,Success,True
1597733052757,2187,selenium_edit_issue,Success,True
.test_1_selenium_edit_issue,Total:47 Passed:47 Failed:0
1597733053193,434,selenium_save_comment:open_comment_form,Success,True
1597733054459,1039,selenium_save_comment:submit_form,Success,True
1597733054459,1699,selenium_save_comment,Success,True
.test_1_selenium_save_comment,Total:48 Passed:48 Failed:0
1597733055836,1376,selenium_search_jql,Success,True
.test_1_selenium_search_jql,Total:49 Passed:49 Failed:0
1597733057488,1650,selenium_view_scrum_board_backlog,Success,True
.test_1_selenium_view_backlog_for_scrum_board,Total:50 Passed:50 Failed:0
1597733058311,821,selenium_view_scrum_board,Success,True
.test_1_selenium_view_scrum_board,Total:51 Passed:51 Failed:0
1597733059255,942,selenium_view_kanban_board,Success,True
.test_1_selenium_view_kanban_board,Total:52 Passed:52 Failed:0
1597733059719,461,selenium_view_dashboard,Success,True
.test_1_selenium_view_dashboard,Total:53 Passed:53 Failed:0
1597733060593,872,selenium_view_issue,Success,True
.test_1_selenium_view_issue,Total:54 Passed:54 Failed:0
1597733061148,553,selenium_project_summary,Success,True
.test_1_selenium_view_project_summary,Total:55 Passed:55 Failed:0
1597733061643,493,selenium_log_out,Success,True
.test_2_selenium_z_log_out,Total:56 Passed:56 Failed:0


=============================== warnings summary ===============================
/usr/local/lib/python3.8/dist-packages/_pytest/config/__init__.py:935
  /usr/local/lib/python3.8/dist-packages/_pytest/config/__init__.py:935: PytestAssertRewriteWarning: Module already imported so cannot be rewritten: apiritif
    self._mark_plugins_for_rewrite(hook)

-- Docs: https://docs.pytest.org/en/latest/warnings.html
======================== 14 passed, 1 warning in 16.77s ========================
============================= test session starts ==============================
platform linux -- Python 3.8.0, pytest-5.4.3, py-1.9.0, pluggy-0.13.1
rootdir: /dc-app-performance-toolkit/app
plugins: apiritif-0.9.3
collected 14 items

selenium_ui/jira_ui.py get driver from global
1597733061824,119,selenium_login:open_login_page,Success,True
1597733062511,687,selenium_login:login_and_view_dashboard,Success,True
1597733062511,807,selenium_login,Success,True
.test_0_selenium_a_login,Total:57 Passed:57 Failed:0
1597733062876,347,selenium_browse_projects_list,Success,True
.test_1_selenium_browse_projects_list,Total:58 Passed:58 Failed:0
1597733063283,405,selenium_browse_boards_list,Success,True
.test_1_selenium_browse_boards_list,Total:59 Passed:59 Failed:0
1597733064169,858,selenium_create_issue:open_quick_create,Success,True
1597733067216,647,selenium_create_issue:fill_and_submit_issue_form:submit_issue_form,Success,True
1597733067216,3046,selenium_create_issue:fill_and_submit_issue_form,Success,True
1597733067216,3905,selenium_create_issue,Success,True
.test_1_selenium_create_issue,Total:60 Passed:60 Failed:0
1597733068036,780,selenium_edit_issue:open_edit_issue_form,Success,True
1597733069384,715,selenium_edit_issue:save_edit_issue_form,Success,True
1597733069384,2129,selenium_edit_issue,Success,True
.test_1_selenium_edit_issue,Total:61 Passed:61 Failed:0
1597733069804,417,selenium_save_comment:open_comment_form,Success,True
1597733071101,1081,selenium_save_comment:submit_form,Success,True
1597733071101,1715,selenium_save_comment,Success,True
.test_1_selenium_save_comment,Total:62 Passed:62 Failed:0
1597733072421,1318,selenium_search_jql,Success,True
.test_1_selenium_search_jql,Total:63 Passed:63 Failed:0
1597733074003,1580,selenium_view_scrum_board_backlog,Success,True
.test_1_selenium_view_backlog_for_scrum_board,Total:64 Passed:64 Failed:0
1597733074831,826,selenium_view_scrum_board,Success,True
.test_1_selenium_view_scrum_board,Total:65 Passed:65 Failed:0
1597733076060,1227,selenium_view_kanban_board,Success,True
.test_1_selenium_view_kanban_board,Total:66 Passed:66 Failed:0
1597733076342,280,selenium_view_dashboard,Success,True
.test_1_selenium_view_dashboard,Total:67 Passed:67 Failed:0
1597733077238,894,selenium_view_issue,Success,True
.test_1_selenium_view_issue,Total:68 Passed:68 Failed:0
1597733077791,551,selenium_project_summary,Success,True
.test_1_selenium_view_project_summary,Total:69 Passed:69 Failed:0
1597733078230,437,selenium_log_out,Success,True
.test_2_selenium_z_log_out,Total:70 Passed:70 Failed:0


=============================== warnings summary ===============================
/usr/local/lib/python3.8/dist-packages/_pytest/config/__init__.py:935
  /usr/local/lib/python3.8/dist-packages/_pytest/config/__init__.py:935: PytestAssertRewriteWarning: Module already imported so cannot be rewritten: apiritif
    self._mark_plugins_for_rewrite(hook)

-- Docs: https://docs.pytest.org/en/latest/warnings.html
======================== 14 passed, 1 warning in 16.54s ========================
============================= test session starts ==============================
platform linux -- Python 3.8.0, pytest-5.4.3, py-1.9.0, pluggy-0.13.1
rootdir: /dc-app-performance-toolkit/app
plugins: apiritif-0.9.3
collected 14 items

selenium_ui/jira_ui.py get driver from global
1597733078403,117,selenium_login:open_login_page,Success,True
1597733079146,742,selenium_login:login_and_view_dashboard,Success,True
1597733079146,860,selenium_login,Success,True
.test_0_selenium_a_login,Total:71 Passed:71 Failed:0
1597733079523,362,selenium_browse_projects_list,Success,True
.test_1_selenium_browse_projects_list,Total:72 Passed:72 Failed:0
1597733079888,363,selenium_browse_boards_list,Success,True
.test_1_selenium_browse_boards_list,Total:73 Passed:73 Failed:0
1597733080712,810,selenium_create_issue:open_quick_create,Success,True
1597733083892,655,selenium_create_issue:fill_and_submit_issue_form:submit_issue_form,Success,True
1597733083892,3180,selenium_create_issue:fill_and_submit_issue_form,Success,True
1597733083892,3991,selenium_create_issue,Success,True
.test_1_selenium_create_issue,Total:74 Passed:74 Failed:0
1597733084496,585,selenium_edit_issue:open_edit_issue_form,Success,True
1597733085945,698,selenium_edit_issue:save_edit_issue_form,Success,True
1597733085945,2034,selenium_edit_issue,Success,True
.test_1_selenium_edit_issue,Total:75 Passed:75 Failed:0
1597733086300,353,selenium_save_comment:open_comment_form,Success,True
1597733087501,961,selenium_save_comment:submit_form,Success,True
1597733087501,1554,selenium_save_comment,Success,True
.test_1_selenium_save_comment,Total:76 Passed:76 Failed:0
1597733088819,1317,selenium_search_jql,Success,True
.test_1_selenium_search_jql,Total:77 Passed:77 Failed:0
1597733090528,1707,selenium_view_scrum_board_backlog,Success,True
.test_1_selenium_view_backlog_for_scrum_board,Total:78 Passed:78 Failed:0
1597733091365,836,selenium_view_scrum_board,Success,True
.test_1_selenium_view_scrum_board,Total:79 Passed:79 Failed:0
1597733092345,978,selenium_view_kanban_board,Success,True
.test_1_selenium_view_kanban_board,Total:80 Passed:80 Failed:0
1597733092644,297,selenium_view_dashboard,Success,True
.test_1_selenium_view_dashboard,Total:81 Passed:81 Failed:0
1597733093457,810,selenium_view_issue,Success,True
.test_1_selenium_view_issue,Total:82 Passed:82 Failed:0
1597733094014,555,selenium_project_summary,Success,True
.test_1_selenium_view_project_summary,Total:83 Passed:83 Failed:0
1597733094461,445,selenium_log_out,Success,True
.test_2_selenium_z_log_out,Total:84 Passed:84 Failed:0


=============================== warnings summary ===============================
/usr/local/lib/python3.8/dist-packages/_pytest/config/__init__.py:935
  /usr/local/lib/python3.8/dist-packages/_pytest/config/__init__.py:935: PytestAssertRewriteWarning: Module already imported so cannot be rewritten: apiritif
    self._mark_plugins_for_rewrite(hook)

-- Docs: https://docs.pytest.org/en/latest/warnings.html
======================== 14 passed, 1 warning in 16.19s ========================
============================= test session starts ==============================
platform linux -- Python 3.8.0, pytest-5.4.3, py-1.9.0, pluggy-0.13.1
rootdir: /dc-app-performance-toolkit/app
plugins: apiritif-0.9.3
collected 14 items

selenium_ui/jira_ui.py get driver from global
1597733094637,121,selenium_login:open_login_page,Success,True
1597733095252,614,selenium_login:login_and_view_dashboard,Success,True
1597733095252,735,selenium_login,Success,True
.test_0_selenium_a_login,Total:85 Passed:85 Failed:0
1597733095757,464,selenium_browse_projects_list,Success,True
.test_1_selenium_browse_projects_list,Total:86 Passed:86 Failed:0
1597733096316,556,selenium_browse_boards_list,Success,True
.test_1_selenium_browse_boards_list,Total:87 Passed:87 Failed:0
1597733097390,1052,selenium_create_issue:open_quick_create,Success,True
1597733100489,641,selenium_create_issue:fill_and_submit_issue_form:submit_issue_form,Success,True
1597733100489,3098,selenium_create_issue:fill_and_submit_issue_form,Success,True
1597733100489,4151,selenium_create_issue,Success,True
.test_1_selenium_create_issue,Total:88 Passed:88 Failed:0
1597733101124,597,selenium_edit_issue:open_edit_issue_form,Success,True
1597733102819,926,selenium_edit_issue:save_edit_issue_form,Success,True
1597733102819,2293,selenium_edit_issue,Success,True
.test_1_selenium_edit_issue,Total:89 Passed:89 Failed:0
1597733103273,452,selenium_save_comment:open_comment_form,Success,True
1597733104566,1075,selenium_save_comment:submit_form,Success,True
1597733104566,1744,selenium_save_comment,Success,True
.test_1_selenium_save_comment,Total:90 Passed:90 Failed:0
1597733105917,1349,selenium_search_jql,Success,True
.test_1_selenium_search_jql,Total:91 Passed:91 Failed:0
1597733106764,845,selenium_view_scrum_board_backlog,Success,True
.test_1_selenium_view_backlog_for_scrum_board,Total:92 Passed:92 Failed:0
1597733107587,821,selenium_view_scrum_board,Success,True
.test_1_selenium_view_scrum_board,Total:93 Passed:93 Failed:0
1597733108367,777,selenium_view_kanban_board,Success,True
.test_1_selenium_view_kanban_board,Total:94 Passed:94 Failed:0
1597733108663,294,selenium_view_dashboard,Success,True
.test_1_selenium_view_dashboard,Total:95 Passed:95 Failed:0
1597733109451,785,selenium_view_issue,Success,True
.test_1_selenium_view_issue,Total:96 Passed:96 Failed:0
1597733109973,520,selenium_project_summary,Success,True
.test_1_selenium_view_project_summary,Total:97 Passed:97 Failed:0
1597733110394,418,selenium_log_out,Success,True
.test_2_selenium_z_log_out,Total:98 Passed:98 Failed:0


=============================== warnings summary ===============================
/usr/local/lib/python3.8/dist-packages/_pytest/config/__init__.py:935
  /usr/local/lib/python3.8/dist-packages/_pytest/config/__init__.py:935: PytestAssertRewriteWarning: Module already imported so cannot be rewritten: apiritif
    self._mark_plugins_for_rewrite(hook)

-- Docs: https://docs.pytest.org/en/latest/warnings.html
======================== 14 passed, 1 warning in 15.89s ========================
============================= test session starts ==============================
platform linux -- Python 3.8.0, pytest-5.4.3, py-1.9.0, pluggy-0.13.1
rootdir: /dc-app-performance-toolkit/app
plugins: apiritif-0.9.3
collected 14 items

selenium_ui/jira_ui.py get driver from global
1597733110567,117,selenium_login:open_login_page,Success,True
1597733111209,641,selenium_login:login_and_view_dashboard,Success,True
1597733111209,759,selenium_login,Success,True
.test_0_selenium_a_login,Total:99 Passed:99 Failed:0
1597733111586,338,selenium_browse_projects_list,Success,True
.test_1_selenium_browse_projects_list,Total:100 Passed:100 Failed:0
1597733111930,342,selenium_browse_boards_list,Success,True
.test_1_selenium_browse_boards_list,Total:101 Passed:101 Failed:0
1597733112654,698,selenium_create_issue:open_quick_create,Success,True
1597733117384,725,selenium_create_issue:fill_and_submit_issue_form:submit_issue_form,Success,True
1597733117384,4730,selenium_create_issue:fill_and_submit_issue_form,Success,True
1597733117384,5428,selenium_create_issue,Success,True
.test_1_selenium_create_issue,Total:102 Passed:102 Failed:0
1597733118032,611,selenium_edit_issue:open_edit_issue_form,Success,True
1597733119731,807,selenium_edit_issue:save_edit_issue_form,Success,True
1597733119731,2309,selenium_edit_issue,Success,True
.test_1_selenium_edit_issue,Total:103 Passed:103 Failed:0
1597733120212,478,selenium_save_comment:open_comment_form,Success,True
1597733121482,1051,selenium_save_comment:submit_form,Success,True
1597733121482,1747,selenium_save_comment,Success,True
.test_1_selenium_save_comment,Total:104 Passed:104 Failed:0
1597733122800,1317,selenium_search_jql,Success,True
.test_1_selenium_search_jql,Total:105 Passed:105 Failed:0
1597733123666,863,selenium_view_scrum_board_backlog,Success,True
.test_1_selenium_view_backlog_for_scrum_board,Total:106 Passed:106 Failed:0
1597733124520,852,selenium_view_scrum_board,Success,True
.test_1_selenium_view_scrum_board,Total:107 Passed:107 Failed:0
1597733125394,872,selenium_view_kanban_board,Success,True
.test_1_selenium_view_kanban_board,Total:108 Passed:108 Failed:0
1597733125691,295,selenium_view_dashboard,Success,True
.test_1_selenium_view_dashboard,Total:109 Passed:109 Failed:0
1597733126553,861,selenium_view_issue,Success,True
.test_1_selenium_view_issue,Total:110 Passed:110 Failed:0
1597733127129,574,selenium_project_summary,Success,True
.test_1_selenium_view_project_summary,Total:111 Passed:111 Failed:0
1597733127539,407,selenium_log_out,Success,True
.test_2_selenium_z_log_out,Total:112 Passed:112 Failed:0


=============================== warnings summary ===============================
/usr/local/lib/python3.8/dist-packages/_pytest/config/__init__.py:935
  /usr/local/lib/python3.8/dist-packages/_pytest/config/__init__.py:935: PytestAssertRewriteWarning: Module already imported so cannot be rewritten: apiritif
    self._mark_plugins_for_rewrite(hook)

-- Docs: https://docs.pytest.org/en/latest/warnings.html
======================== 14 passed, 1 warning in 17.10s ========================
============================= test session starts ==============================
platform linux -- Python 3.8.0, pytest-5.4.3, py-1.9.0, pluggy-0.13.1
rootdir: /dc-app-performance-toolkit/app
plugins: apiritif-0.9.3
collected 14 items

selenium_ui/jira_ui.py get driver from global
1597733127724,128,selenium_login:open_login_page,Success,True
1597733128454,729,selenium_login:login_and_view_dashboard,Success,True
1597733128454,858,selenium_login,Success,True
.test_0_selenium_a_login,Total:113 Passed:113 Failed:0
1597733128782,312,selenium_browse_projects_list,Success,True
.test_1_selenium_browse_projects_list,Total:114 Passed:114 Failed:0
1597733129143,359,selenium_browse_boards_list,Success,True
.test_1_selenium_browse_boards_list,Total:115 Passed:115 Failed:0
1597733129977,804,selenium_create_issue:open_quick_create,Success,True
1597733134683,705,selenium_create_issue:fill_and_submit_issue_form:submit_issue_form,Success,True
1597733134683,4705,selenium_create_issue:fill_and_submit_issue_form,Success,True
1597733134683,5510,selenium_create_issue,Success,True
.test_1_selenium_create_issue,Total:116 Passed:116 Failed:0
1597733135339,637,selenium_edit_issue:open_edit_issue_form,Success,True
1597733136712,607,selenium_edit_issue:save_edit_issue_form,Success,True
1597733136712,2010,selenium_edit_issue,Success,True
.test_1_selenium_edit_issue,Total:117 Passed:117 Failed:0
1597733137059,344,selenium_save_comment:open_comment_form,Success,True
1597733138222,924,selenium_save_comment:submit_form,Success,True
1597733138222,1508,selenium_save_comment,Success,True
.test_1_selenium_save_comment,Total:118 Passed:118 Failed:0
1597733139649,1424,selenium_search_jql,Success,True
.test_1_selenium_search_jql,Total:119 Passed:119 Failed:0
1597733140503,852,selenium_view_scrum_board_backlog,Success,True
.test_1_selenium_view_backlog_for_scrum_board,Total:120 Passed:120 Failed:0
1597733141382,876,selenium_view_scrum_board,Success,True
.test_1_selenium_view_scrum_board,Total:121 Passed:121 Failed:0
1597733142164,780,selenium_view_kanban_board,Success,True
.test_1_selenium_view_kanban_board,Total:122 Passed:122 Failed:0
1597733142433,267,selenium_view_dashboard,Success,True
.test_1_selenium_view_dashboard,Total:123 Passed:123 Failed:0
1597733143167,732,selenium_view_issue,Success,True
.test_1_selenium_view_issue,Total:124 Passed:124 Failed:0
1597733143852,681,selenium_project_summary,Success,True
.test_1_selenium_view_project_summary,Total:125 Passed:125 Failed:0
1597733144279,425,selenium_log_out,Success,True
.test_2_selenium_z_log_out,Total:126 Passed:126 Failed:0


=============================== warnings summary ===============================
/usr/local/lib/python3.8/dist-packages/_pytest/config/__init__.py:935
  /usr/local/lib/python3.8/dist-packages/_pytest/config/__init__.py:935: PytestAssertRewriteWarning: Module already imported so cannot be rewritten: apiritif
    self._mark_plugins_for_rewrite(hook)

-- Docs: https://docs.pytest.org/en/latest/warnings.html
======================== 14 passed, 1 warning in 16.69s ========================
============================= test session starts ==============================
platform linux -- Python 3.8.0, pytest-5.4.3, py-1.9.0, pluggy-0.13.1
rootdir: /dc-app-performance-toolkit/app
plugins: apiritif-0.9.3
collected 14 items

selenium_ui/jira_ui.py get driver from global
1597733144451,113,selenium_login:open_login_page,Success,True
1597733145209,757,selenium_login:login_and_view_dashboard,Success,True
1597733145209,871,selenium_login,Success,True
.test_0_selenium_a_login,Total:127 Passed:127 Failed:0
1597733145604,379,selenium_browse_projects_list,Success,True
.test_1_selenium_browse_projects_list,Total:128 Passed:128 Failed:0
1597733145992,387,selenium_browse_boards_list,Success,True
.test_1_selenium_browse_boards_list,Total:129 Passed:129 Failed:0
1597733146928,922,selenium_create_issue:open_quick_create,Success,True
1597733150071,651,selenium_create_issue:fill_and_submit_issue_form:submit_issue_form,Success,True
1597733150071,3142,selenium_create_issue:fill_and_submit_issue_form,Success,True
1597733150071,4065,selenium_create_issue,Success,True
.test_1_selenium_create_issue,Total:130 Passed:130 Failed:0
1597733150696,606,selenium_edit_issue:open_edit_issue_form,Success,True
1597733152250,737,selenium_edit_issue:save_edit_issue_form,Success,True
1597733152250,2160,selenium_edit_issue,Success,True
.test_1_selenium_edit_issue,Total:131 Passed:131 Failed:0
1597733152823,571,selenium_save_comment:open_comment_form,Success,True
1597733153950,968,selenium_save_comment:submit_form,Success,True
1597733153951,1699,selenium_save_comment,Success,True
.test_1_selenium_save_comment,Total:132 Passed:132 Failed:0
1597733155346,1393,selenium_search_jql,Success,True
.test_1_selenium_search_jql,Total:133 Passed:133 Failed:0
1597733157044,1696,selenium_view_scrum_board_backlog,Success,True
.test_1_selenium_view_backlog_for_scrum_board,Total:134 Passed:134 Failed:0
1597733157897,850,selenium_view_scrum_board,Success,True
.test_1_selenium_view_scrum_board,Total:135 Passed:135 Failed:0
1597733158427,528,selenium_view_kanban_board,Success,True
.test_1_selenium_view_kanban_board,Total:136 Passed:136 Failed:0
1597733158731,302,selenium_view_dashboard,Success,True
.test_1_selenium_view_dashboard,Total:137 Passed:137 Failed:0
1597733159594,861,selenium_view_issue,Success,True
.test_1_selenium_view_issue,Total:138 Passed:138 Failed:0
1597733160189,592,selenium_project_summary,Success,True
.test_1_selenium_view_project_summary,Total:139 Passed:139 Failed:0
1597733160668,478,selenium_log_out,Success,True
.test_2_selenium_z_log_out,Total:140 Passed:140 Failed:0


=============================== warnings summary ===============================
/usr/local/lib/python3.8/dist-packages/_pytest/config/__init__.py:935
  /usr/local/lib/python3.8/dist-packages/_pytest/config/__init__.py:935: PytestAssertRewriteWarning: Module already imported so cannot be rewritten: apiritif
    self._mark_plugins_for_rewrite(hook)

-- Docs: https://docs.pytest.org/en/latest/warnings.html
======================== 14 passed, 1 warning in 16.34s ========================
============================= test session starts ==============================
platform linux -- Python 3.8.0, pytest-5.4.3, py-1.9.0, pluggy-0.13.1
rootdir: /dc-app-performance-toolkit/app
plugins: apiritif-0.9.3
collected 14 items

selenium_ui/jira_ui.py get driver from global
1597733160862,137,selenium_login:open_login_page,Success,True
1597733161590,727,selenium_login:login_and_view_dashboard,Success,True
1597733161591,865,selenium_login,Success,True
.test_0_selenium_a_login,Total:141 Passed:141 Failed:0
1597733162021,411,selenium_browse_projects_list,Success,True
.test_1_selenium_browse_projects_list,Total:142 Passed:142 Failed:0
1597733162385,361,selenium_browse_boards_list,Success,True
.test_1_selenium_browse_boards_list,Total:143 Passed:143 Failed:0
1597733163324,923,selenium_create_issue:open_quick_create,Success,True
1597733166400,656,selenium_create_issue:fill_and_submit_issue_form:submit_issue_form,Success,True
1597733166400,3075,selenium_create_issue:fill_and_submit_issue_form,Success,True
1597733166400,3999,selenium_create_issue,Success,True
.test_1_selenium_create_issue,Total:144 Passed:144 Failed:0
1597733167020,600,selenium_edit_issue:open_edit_issue_form,Success,True
1597733168710,895,selenium_edit_issue:save_edit_issue_form,Success,True
1597733168710,2290,selenium_edit_issue,Success,True
.test_1_selenium_edit_issue,Total:145 Passed:145 Failed:0
1597733169139,428,selenium_save_comment:open_comment_form,Success,True
1597733170345,986,selenium_save_comment:submit_form,Success,True
1597733170345,1633,selenium_save_comment,Success,True
.test_1_selenium_save_comment,Total:146 Passed:146 Failed:0
1597733171664,1317,selenium_search_jql,Success,True
.test_1_selenium_search_jql,Total:147 Passed:147 Failed:0
1597733173311,1645,selenium_view_scrum_board_backlog,Success,True
.test_1_selenium_view_backlog_for_scrum_board,Total:148 Passed:148 Failed:0
1597733174132,820,selenium_view_scrum_board,Success,True
.test_1_selenium_view_scrum_board,Total:149 Passed:149 Failed:0
1597733175631,1497,selenium_view_kanban_board,Success,True
.test_1_selenium_view_kanban_board,Total:150 Passed:150 Failed:0
1597733175989,356,selenium_view_dashboard,Success,True
.test_1_selenium_view_dashboard,Total:151 Passed:151 Failed:0
1597733176990,999,selenium_view_issue,Success,True
.test_1_selenium_view_issue,Total:152 Passed:152 Failed:0
1597733177627,634,selenium_project_summary,Success,True
.test_1_selenium_view_project_summary,Total:153 Passed:153 Failed:0
1597733178080,451,selenium_log_out,Success,True
.test_2_selenium_z_log_out,Total:154 Passed:154 Failed:0


=============================== warnings summary ===============================
/usr/local/lib/python3.8/dist-packages/_pytest/config/__init__.py:935
  /usr/local/lib/python3.8/dist-packages/_pytest/config/__init__.py:935: PytestAssertRewriteWarning: Module already imported so cannot be rewritten: apiritif
    self._mark_plugins_for_rewrite(hook)

-- Docs: https://docs.pytest.org/en/latest/warnings.html
======================== 14 passed, 1 warning in 17.37s ========================
============================= test session starts ==============================
platform linux -- Python 3.8.0, pytest-5.4.3, py-1.9.0, pluggy-0.13.1
rootdir: /dc-app-performance-toolkit/app
plugins: apiritif-0.9.3
collected 14 items

selenium_ui/jira_ui.py get driver from global
1597733178256,116,selenium_login:open_login_page,Success,True
1597733178981,725,selenium_login:login_and_view_dashboard,Success,True
1597733178981,842,selenium_login,Success,True
.test_0_selenium_a_login,Total:155 Passed:155 Failed:0
1597733179350,353,selenium_browse_projects_list,Success,True
.test_1_selenium_browse_projects_list,Total:156 Passed:156 Failed:0
1597733179766,414,selenium_browse_boards_list,Success,True
.test_1_selenium_browse_boards_list,Total:157 Passed:157 Failed:0
1597733180517,721,selenium_create_issue:open_quick_create,Success,True
1597733185617,710,selenium_create_issue:fill_and_submit_issue_form:submit_issue_form,Success,True
1597733185617,5099,selenium_create_issue:fill_and_submit_issue_form,Success,True
1597733185617,5821,selenium_create_issue,Success,True
.test_1_selenium_create_issue,Total:158 Passed:158 Failed:0
1597733186298,664,selenium_edit_issue:open_edit_issue_form,Success,True
1597733187939,843,selenium_edit_issue:save_edit_issue_form,Success,True
1597733187939,2305,selenium_edit_issue,Success,True
.test_1_selenium_edit_issue,Total:159 Passed:159 Failed:0
1597733188494,552,selenium_save_comment:open_comment_form,Success,True
1597733189666,1016,selenium_save_comment:submit_form,Success,True
1597733189666,1724,selenium_save_comment,Success,True
.test_1_selenium_save_comment,Total:160 Passed:160 Failed:0
1597733190996,1327,selenium_search_jql,Success,True
.test_1_selenium_search_jql,Total:161 Passed:161 Failed:0
1597733192598,1600,selenium_view_scrum_board_backlog,Success,True
.test_1_selenium_view_backlog_for_scrum_board,Total:162 Passed:162 Failed:0
1597733193430,830,selenium_view_scrum_board,Success,True
.test_1_selenium_view_scrum_board,Total:163 Passed:163 Failed:0
1597733194538,1105,selenium_view_kanban_board,Success,True
.test_1_selenium_view_kanban_board,Total:164 Passed:164 Failed:0
1597733195008,468,selenium_view_dashboard,Success,True
.test_1_selenium_view_dashboard,Total:165 Passed:165 Failed:0
1597733195830,819,selenium_view_issue,Success,True
.test_1_selenium_view_issue,Total:166 Passed:166 Failed:0
1597733196483,650,selenium_project_summary,Success,True
.test_1_selenium_view_project_summary,Total:167 Passed:167 Failed:0
1597733196924,440,selenium_log_out,Success,True
.test_2_selenium_z_log_out,Total:168 Passed:168 Failed:0


=============================== warnings summary ===============================
/usr/local/lib/python3.8/dist-packages/_pytest/config/__init__.py:935
  /usr/local/lib/python3.8/dist-packages/_pytest/config/__init__.py:935: PytestAssertRewriteWarning: Module already imported so cannot be rewritten: apiritif
    self._mark_plugins_for_rewrite(hook)

-- Docs: https://docs.pytest.org/en/latest/warnings.html
======================== 14 passed, 1 warning in 18.80s ========================
============================= test session starts ==============================
platform linux -- Python 3.8.0, pytest-5.4.3, py-1.9.0, pluggy-0.13.1
rootdir: /dc-app-performance-toolkit/app
plugins: apiritif-0.9.3
collected 14 items

selenium_ui/jira_ui.py get driver from global
1597733197101,118,selenium_login:open_login_page,Success,True
1597733197867,766,selenium_login:login_and_view_dashboard,Success,True
1597733197867,885,selenium_login,Success,True
.test_0_selenium_a_login,Total:169 Passed:169 Failed:0
1597733198253,336,selenium_browse_projects_list,Success,True
.test_1_selenium_browse_projects_list,Total:170 Passed:170 Failed:0
1597733198601,346,selenium_browse_boards_list,Success,True
.test_1_selenium_browse_boards_list,Total:171 Passed:171 Failed:0
1597733199484,854,selenium_create_issue:open_quick_create,Success,True
1597733202816,653,selenium_create_issue:fill_and_submit_issue_form:submit_issue_form,Success,True
1597733202817,3332,selenium_create_issue:fill_and_submit_issue_form,Success,True
1597733202817,4187,selenium_create_issue,Success,True
.test_1_selenium_create_issue,Total:172 Passed:172 Failed:0
1597733203488,646,selenium_edit_issue:open_edit_issue_form,Success,True
1597733205132,824,selenium_edit_issue:save_edit_issue_form,Success,True
1597733205132,2290,selenium_edit_issue,Success,True
.test_1_selenium_edit_issue,Total:173 Passed:173 Failed:0
1597733205560,426,selenium_save_comment:open_comment_form,Success,True
1597733206783,998,selenium_save_comment:submit_form,Success,True
1597733206783,1649,selenium_save_comment,Success,True
.test_1_selenium_save_comment,Total:174 Passed:174 Failed:0
1597733208121,1336,selenium_search_jql,Success,True
.test_1_selenium_search_jql,Total:175 Passed:175 Failed:0
1597733208980,857,selenium_view_scrum_board_backlog,Success,True
.test_1_selenium_view_backlog_for_scrum_board,Total:176 Passed:176 Failed:0
1597733209813,831,selenium_view_scrum_board,Success,True
.test_1_selenium_view_scrum_board,Total:177 Passed:177 Failed:0
1597733210714,900,selenium_view_kanban_board,Success,True
.test_1_selenium_view_kanban_board,Total:178 Passed:178 Failed:0
1597733211207,491,selenium_view_dashboard,Success,True
.test_1_selenium_view_dashboard,Total:179 Passed:179 Failed:0
1597733212003,793,selenium_view_issue,Success,True
.test_1_selenium_view_issue,Total:180 Passed:180 Failed:0
1597733212549,544,selenium_project_summary,Success,True
.test_1_selenium_view_project_summary,Total:181 Passed:181 Failed:0
1597733213026,475,selenium_log_out,Success,True
.test_2_selenium_z_log_out,Total:182 Passed:182 Failed:0


=============================== warnings summary ===============================
/usr/local/lib/python3.8/dist-packages/_pytest/config/__init__.py:935
  /usr/local/lib/python3.8/dist-packages/_pytest/config/__init__.py:935: PytestAssertRewriteWarning: Module already imported so cannot be rewritten: apiritif
    self._mark_plugins_for_rewrite(hook)

-- Docs: https://docs.pytest.org/en/latest/warnings.html
======================== 14 passed, 1 warning in 16.06s ========================
============================= test session starts ==============================
platform linux -- Python 3.8.0, pytest-5.4.3, py-1.9.0, pluggy-0.13.1
rootdir: /dc-app-performance-toolkit/app
plugins: apiritif-0.9.3
collected 14 items

selenium_ui/jira_ui.py get driver from global
1597733213213,130,selenium_login:open_login_page,Success,True
1597733213891,677,selenium_login:login_and_view_dashboard,Success,True
1597733213891,808,selenium_login,Success,True
.test_0_selenium_a_login,Total:183 Passed:183 Failed:0
1597733214250,316,selenium_browse_projects_list,Success,True
.test_1_selenium_browse_projects_list,Total:184 Passed:184 Failed:0
1597733214613,361,selenium_browse_boards_list,Success,True
.test_1_selenium_browse_boards_list,Total:185 Passed:185 Failed:0
1597733215517,892,selenium_create_issue:open_quick_create,Success,True
1597733218579,658,selenium_create_issue:fill_and_submit_issue_form:submit_issue_form,Success,True
1597733218579,3061,selenium_create_issue:fill_and_submit_issue_form,Success,True
1597733218579,3954,selenium_create_issue,Success,True
.test_1_selenium_create_issue,Total:186 Passed:186 Failed:0
1597733219280,681,selenium_edit_issue:open_edit_issue_form,Success,True
1597733220902,797,selenium_edit_issue:save_edit_issue_form,Success,True
1597733220902,2303,selenium_edit_issue,Success,True
.test_1_selenium_edit_issue,Total:187 Passed:187 Failed:0
1597733221425,522,selenium_save_comment:open_comment_form,Success,True
1597733222586,1002,selenium_save_comment:submit_form,Success,True
1597733222586,1682,selenium_save_comment,Success,True
.test_1_selenium_save_comment,Total:188 Passed:188 Failed:0
1597733223954,1367,selenium_search_jql,Success,True
.test_1_selenium_search_jql,Total:189 Passed:189 Failed:0
1597733224784,828,selenium_view_scrum_board_backlog,Success,True
.test_1_selenium_view_backlog_for_scrum_board,Total:190 Passed:190 Failed:0
1597733225770,984,selenium_view_scrum_board,Success,True
.test_1_selenium_view_scrum_board,Total:191 Passed:191 Failed:0
1597733227066,1295,selenium_view_kanban_board,Success,True
.test_1_selenium_view_kanban_board,Total:192 Passed:192 Failed:0
1597733227595,526,selenium_view_dashboard,Success,True
.test_1_selenium_view_dashboard,Total:193 Passed:193 Failed:0
1597733228481,884,selenium_view_issue,Success,True
.test_1_selenium_view_issue,Total:194 Passed:194 Failed:0
1597733229069,585,selenium_project_summary,Success,True
.test_1_selenium_view_project_summary,Total:195 Passed:195 Failed:0
1597733229518,447,selenium_log_out,Success,True
.test_2_selenium_z_log_out,Total:196 Passed:196 Failed:0


=============================== warnings summary ===============================
/usr/local/lib/python3.8/dist-packages/_pytest/config/__init__.py:935
  /usr/local/lib/python3.8/dist-packages/_pytest/config/__init__.py:935: PytestAssertRewriteWarning: Module already imported so cannot be rewritten: apiritif
    self._mark_plugins_for_rewrite(hook)

-- Docs: https://docs.pytest.org/en/latest/warnings.html
======================== 14 passed, 1 warning in 16.45s ========================
============================= test session starts ==============================
platform linux -- Python 3.8.0, pytest-5.4.3, py-1.9.0, pluggy-0.13.1
rootdir: /dc-app-performance-toolkit/app
plugins: apiritif-0.9.3
collected 14 items

selenium_ui/jira_ui.py get driver from global
1597733229699,126,selenium_login:open_login_page,Success,True
1597733230548,848,selenium_login:login_and_view_dashboard,Success,True
1597733230548,974,selenium_login,Success,True
.test_0_selenium_a_login,Total:197 Passed:197 Failed:0
1597733230884,322,selenium_browse_projects_list,Success,True
.test_1_selenium_browse_projects_list,Total:198 Passed:198 Failed:0
1597733231263,377,selenium_browse_boards_list,Success,True
.test_1_selenium_browse_boards_list,Total:199 Passed:199 Failed:0
1597733232217,937,selenium_create_issue:open_quick_create,Success,True
1597733235348,643,selenium_create_issue:fill_and_submit_issue_form:submit_issue_form,Success,True
1597733235348,3130,selenium_create_issue:fill_and_submit_issue_form,Success,True
1597733235348,4069,selenium_create_issue,Success,True
.test_1_selenium_create_issue,Total:200 Passed:200 Failed:0
1597733235961,595,selenium_edit_issue:open_edit_issue_form,Success,True
1597733237691,869,selenium_edit_issue:save_edit_issue_form,Success,True
1597733237691,2326,selenium_edit_issue,Success,True
.test_1_selenium_edit_issue,Total:201 Passed:201 Failed:0
1597733238174,481,selenium_save_comment:open_comment_form,Success,True
1597733239322,999,selenium_save_comment:submit_form,Success,True
1597733239322,1629,selenium_save_comment,Success,True
.test_1_selenium_save_comment,Total:202 Passed:202 Failed:0
1597733240676,1351,selenium_search_jql,Success,True
.test_1_selenium_search_jql,Total:203 Passed:203 Failed:0
1597733242264,1587,selenium_view_scrum_board_backlog,Success,True
.test_1_selenium_view_backlog_for_scrum_board,Total:204 Passed:204 Failed:0
1597733243103,836,selenium_view_scrum_board,Success,True
.test_1_selenium_view_scrum_board,Total:205 Passed:205 Failed:0
1597733244331,1226,selenium_view_kanban_board,Success,True
.test_1_selenium_view_kanban_board,Total:206 Passed:206 Failed:0
1597733244630,296,selenium_view_dashboard,Success,True
.test_1_selenium_view_dashboard,Total:207 Passed:207 Failed:0
1597733245471,840,selenium_view_issue,Success,True
.test_1_selenium_view_issue,Total:208 Passed:208 Failed:0
1597733246030,557,selenium_project_summary,Success,True
.test_1_selenium_view_project_summary,Total:209 Passed:209 Failed:0
1597733246471,439,selenium_log_out,Success,True
.test_2_selenium_z_log_out,Total:210 Passed:210 Failed:0


=============================== warnings summary ===============================
/usr/local/lib/python3.8/dist-packages/_pytest/config/__init__.py:935
  /usr/local/lib/python3.8/dist-packages/_pytest/config/__init__.py:935: PytestAssertRewriteWarning: Module already imported so cannot be rewritten: apiritif
    self._mark_plugins_for_rewrite(hook)

-- Docs: https://docs.pytest.org/en/latest/warnings.html
======================== 14 passed, 1 warning in 16.91s ========================
============================= test session starts ==============================
platform linux -- Python 3.8.0, pytest-5.4.3, py-1.9.0, pluggy-0.13.1
rootdir: /dc-app-performance-toolkit/app
plugins: apiritif-0.9.3
collected 14 items

selenium_ui/jira_ui.py get driver from global
1597733246659,115,selenium_login:open_login_page,Success,True
1597733247424,763,selenium_login:login_and_view_dashboard,Success,True
1597733247424,879,selenium_login,Success,True
.test_0_selenium_a_login,Total:211 Passed:211 Failed:0
1597733247775,334,selenium_browse_projects_list,Success,True
.test_1_selenium_browse_projects_list,Total:212 Passed:212 Failed:0
1597733248120,343,selenium_browse_boards_list,Success,True
.test_1_selenium_browse_boards_list,Total:213 Passed:213 Failed:0
1597733248921,788,selenium_create_issue:open_quick_create,Success,True
1597733253517,711,selenium_create_issue:fill_and_submit_issue_form:submit_issue_form,Success,True
1597733253517,4596,selenium_create_issue:fill_and_submit_issue_form,Success,True
1597733253517,5384,selenium_create_issue,Success,True
.test_1_selenium_create_issue,Total:214 Passed:214 Failed:0
1597733254798,1261,selenium_edit_issue:open_edit_issue_form,Success,True
1597733256080,717,selenium_edit_issue:save_edit_issue_form,Success,True
1597733256080,2544,selenium_edit_issue,Success,True
.test_1_selenium_edit_issue,Total:215 Passed:215 Failed:0
1597733256551,468,selenium_save_comment:open_comment_form,Success,True
1597733257712,930,selenium_save_comment:submit_form,Success,True
1597733257712,1629,selenium_save_comment,Success,True
.test_1_selenium_save_comment,Total:216 Passed:216 Failed:0
1597733259067,1353,selenium_search_jql,Success,True
.test_1_selenium_search_jql,Total:217 Passed:217 Failed:0
1597733259931,862,selenium_view_scrum_board_backlog,Success,True
.test_1_selenium_view_backlog_for_scrum_board,Total:218 Passed:218 Failed:0
1597733260812,879,selenium_view_scrum_board,Success,True
.test_1_selenium_view_scrum_board,Total:219 Passed:219 Failed:0
1597733262000,1186,selenium_view_kanban_board,Success,True
.test_1_selenium_view_kanban_board,Total:220 Passed:220 Failed:0
1597733262321,318,selenium_view_dashboard,Success,True
.test_1_selenium_view_dashboard,Total:221 Passed:221 Failed:0
1597733263150,827,selenium_view_issue,Success,True
.test_1_selenium_view_issue,Total:222 Passed:222 Failed:0
1597733263714,561,selenium_project_summary,Success,True
.test_1_selenium_view_project_summary,Total:223 Passed:223 Failed:0
1597733264094,379,selenium_log_out,Success,True
.test_2_selenium_z_log_out,Total:224 Passed:224 Failed:0


=============================== warnings summary ===============================
/usr/local/lib/python3.8/dist-packages/_pytest/config/__init__.py:935
  /usr/local/lib/python3.8/dist-packages/_pytest/config/__init__.py:935: PytestAssertRewriteWarning: Module already imported so cannot be rewritten: apiritif
    self._mark_plugins_for_rewrite(hook)

-- Docs: https://docs.pytest.org/en/latest/warnings.html
======================== 14 passed, 1 warning in 17.56s ========================
============================= test session starts ==============================
platform linux -- Python 3.8.0, pytest-5.4.3, py-1.9.0, pluggy-0.13.1
rootdir: /dc-app-performance-toolkit/app
plugins: apiritif-0.9.3
collected 14 items

selenium_ui/jira_ui.py get driver from global
1597733264303,118,selenium_login:open_login_page,Success,True
1597733265046,742,selenium_login:login_and_view_dashboard,Success,True
1597733265046,861,selenium_login,Success,True
.test_0_selenium_a_login,Total:225 Passed:225 Failed:0
1597733265380,319,selenium_browse_projects_list,Success,True
.test_1_selenium_browse_projects_list,Total:226 Passed:226 Failed:0
1597733265735,353,selenium_browse_boards_list,Success,True
.test_1_selenium_browse_boards_list,Total:227 Passed:227 Failed:0
1597733266691,926,selenium_create_issue:open_quick_create,Success,True
1597733269753,645,selenium_create_issue:fill_and_submit_issue_form:submit_issue_form,Success,True
1597733269753,3062,selenium_create_issue:fill_and_submit_issue_form,Success,True
1597733269753,3988,selenium_create_issue,Success,True
.test_1_selenium_create_issue,Total:228 Passed:228 Failed:0
1597733270379,608,selenium_edit_issue:open_edit_issue_form,Success,True
1597733271897,721,selenium_edit_issue:save_edit_issue_form,Success,True
1597733271897,2126,selenium_edit_issue,Success,True
.test_1_selenium_edit_issue,Total:229 Passed:229 Failed:0
1597733272459,560,selenium_save_comment:open_comment_form,Success,True
1597733273629,1024,selenium_save_comment:submit_form,Success,True
1597733273630,1730,selenium_save_comment,Success,True
.test_1_selenium_save_comment,Total:230 Passed:230 Failed:0
1597733274949,1317,selenium_search_jql,Success,True
.test_1_selenium_search_jql,Total:231 Passed:231 Failed:0
1597733275802,851,selenium_view_scrum_board_backlog,Success,True
.test_1_selenium_view_backlog_for_scrum_board,Total:232 Passed:232 Failed:0
1597733276645,842,selenium_view_scrum_board,Success,True
.test_1_selenium_view_scrum_board,Total:233 Passed:233 Failed:0
1597733277509,862,selenium_view_kanban_board,Success,True
.test_1_selenium_view_kanban_board,Total:234 Passed:234 Failed:0
1597733277774,263,selenium_view_dashboard,Success,True
.test_1_selenium_view_dashboard,Total:235 Passed:235 Failed:0
1597733278677,901,selenium_view_issue,Success,True
.test_1_selenium_view_issue,Total:236 Passed:236 Failed:0
1597733279269,589,selenium_project_summary,Success,True
.test_1_selenium_view_project_summary,Total:237 Passed:237 Failed:0
1597733279679,409,selenium_log_out,Success,True
.test_2_selenium_z_log_out,Total:238 Passed:238 Failed:0


=============================== warnings summary ===============================
/usr/local/lib/python3.8/dist-packages/_pytest/config/__init__.py:935
  /usr/local/lib/python3.8/dist-packages/_pytest/config/__init__.py:935: PytestAssertRewriteWarning: Module already imported so cannot be rewritten: apiritif
    self._mark_plugins_for_rewrite(hook)

-- Docs: https://docs.pytest.org/en/latest/warnings.html
======================== 14 passed, 1 warning in 15.51s ========================
============================= test session starts ==============================
platform linux -- Python 3.8.0, pytest-5.4.3, py-1.9.0, pluggy-0.13.1
rootdir: /dc-app-performance-toolkit/app
plugins: apiritif-0.9.3
collected 14 items

selenium_ui/jira_ui.py get driver from global
1597733279862,128,selenium_login:open_login_page,Success,True
1597733280583,720,selenium_login:login_and_view_dashboard,Success,True
1597733280583,849,selenium_login,Success,True
.test_0_selenium_a_login,Total:239 Passed:239 Failed:0
1597733280940,314,selenium_browse_projects_list,Success,True
.test_1_selenium_browse_projects_list,Total:240 Passed:240 Failed:0
1597733281336,394,selenium_browse_boards_list,Success,True
.test_1_selenium_browse_boards_list,Total:241 Passed:241 Failed:0
1597733282296,937,selenium_create_issue:open_quick_create,Success,True
1597733285537,656,selenium_create_issue:fill_and_submit_issue_form:submit_issue_form,Success,True
1597733285537,3241,selenium_create_issue:fill_and_submit_issue_form,Success,True
1597733285537,4179,selenium_create_issue,Success,True
.test_1_selenium_create_issue,Total:242 Passed:242 Failed:0
1597733286250,675,selenium_edit_issue:open_edit_issue_form,Success,True
1597733287738,689,selenium_edit_issue:save_edit_issue_form,Success,True
1597733287738,2162,selenium_edit_issue,Success,True
.test_1_selenium_edit_issue,Total:243 Passed:243 Failed:0
1597733288117,378,selenium_save_comment:open_comment_form,Success,True
1597733289318,979,selenium_save_comment:submit_form,Success,True
1597733289318,1579,selenium_save_comment,Success,True
.test_1_selenium_save_comment,Total:244 Passed:244 Failed:0
1597733290654,1333,selenium_search_jql,Success,True
.test_1_selenium_search_jql,Total:245 Passed:245 Failed:0
1597733292233,1577,selenium_view_scrum_board_backlog,Success,True
.test_1_selenium_view_backlog_for_scrum_board,Total:246 Passed:246 Failed:0
1597733293096,861,selenium_view_scrum_board,Success,True
.test_1_selenium_view_scrum_board,Total:247 Passed:247 Failed:0
1597733294477,1379,selenium_view_kanban_board,Success,True
.test_1_selenium_view_kanban_board,Total:248 Passed:248 Failed:0
1597733294792,313,selenium_view_dashboard,Success,True
.test_1_selenium_view_dashboard,Total:249 Passed:249 Failed:0
1597733295667,872,selenium_view_issue,Success,True
.test_1_selenium_view_issue,Total:250 Passed:250 Failed:0
1597733296343,673,selenium_project_summary,Success,True
.test_1_selenium_view_project_summary,Total:251 Passed:251 Failed:0
1597733296729,383,selenium_log_out,Success,True
.test_2_selenium_z_log_out,Total:252 Passed:252 Failed:0


=============================== warnings summary ===============================
/usr/local/lib/python3.8/dist-packages/_pytest/config/__init__.py:935
  /usr/local/lib/python3.8/dist-packages/_pytest/config/__init__.py:935: PytestAssertRewriteWarning: Module already imported so cannot be rewritten: apiritif
    self._mark_plugins_for_rewrite(hook)

-- Docs: https://docs.pytest.org/en/latest/warnings.html
======================== 14 passed, 1 warning in 17.01s ========================
============================= test session starts ==============================
platform linux -- Python 3.8.0, pytest-5.4.3, py-1.9.0, pluggy-0.13.1
rootdir: /dc-app-performance-toolkit/app
plugins: apiritif-0.9.3
collected 14 items

selenium_ui/jira_ui.py get driver from global
1597733296917,133,selenium_login:open_login_page,Success,True
1597733297555,638,selenium_login:login_and_view_dashboard,Success,True
1597733297555,772,selenium_login,Success,True
.test_0_selenium_a_login,Total:253 Passed:253 Failed:0
1597733297953,377,selenium_browse_projects_list,Success,True
.test_1_selenium_browse_projects_list,Total:254 Passed:254 Failed:0
1597733298306,351,selenium_browse_boards_list,Success,True
.test_1_selenium_browse_boards_list,Total:255 Passed:255 Failed:0
1597733299262,936,selenium_create_issue:open_quick_create,Success,True
1597733302392,654,selenium_create_issue:fill_and_submit_issue_form:submit_issue_form,Success,True
1597733302392,3130,selenium_create_issue:fill_and_submit_issue_form,Success,True
1597733302392,4067,selenium_create_issue,Success,True
.test_1_selenium_create_issue,Total:256 Passed:256 Failed:0
1597733303015,604,selenium_edit_issue:open_edit_issue_form,Success,True
1597733304717,902,selenium_edit_issue:save_edit_issue_form,Success,True
1597733304718,2307,selenium_edit_issue,Success,True
.test_1_selenium_edit_issue,Total:257 Passed:257 Failed:0
1597733305130,410,selenium_save_comment:open_comment_form,Success,True
1597733306417,1068,selenium_save_comment:submit_form,Success,True
1597733306417,1698,selenium_save_comment,Success,True
.test_1_selenium_save_comment,Total:258 Passed:258 Failed:0
1597733307818,1399,selenium_search_jql,Success,True
.test_1_selenium_search_jql,Total:259 Passed:259 Failed:0
1597733309396,1576,selenium_view_scrum_board_backlog,Success,True
.test_1_selenium_view_backlog_for_scrum_board,Total:260 Passed:260 Failed:0
1597733310222,824,selenium_view_scrum_board,Success,True
.test_1_selenium_view_scrum_board,Total:261 Passed:261 Failed:0
1597733311497,1273,selenium_view_kanban_board,Success,True
.test_1_selenium_view_kanban_board,Total:262 Passed:262 Failed:0
1597733311811,312,selenium_view_dashboard,Success,True
.test_1_selenium_view_dashboard,Total:263 Passed:263 Failed:0
1597733312673,860,selenium_view_issue,Success,True
.test_1_selenium_view_issue,Total:264 Passed:264 Failed:0
1597733313302,628,selenium_project_summary,Success,True
.test_1_selenium_view_project_summary,Total:265 Passed:265 Failed:0
1597733313692,387,selenium_log_out,Success,True
.test_2_selenium_z_log_out,Total:266 Passed:266 Failed:0


=============================== warnings summary ===============================
/usr/local/lib/python3.8/dist-packages/_pytest/config/__init__.py:935
  /usr/local/lib/python3.8/dist-packages/_pytest/config/__init__.py:935: PytestAssertRewriteWarning: Module already imported so cannot be rewritten: apiritif
    self._mark_plugins_for_rewrite(hook)

-- Docs: https://docs.pytest.org/en/latest/warnings.html
======================== 14 passed, 1 warning in 16.92s ========================
============================= test session starts ==============================
platform linux -- Python 3.8.0, pytest-5.4.3, py-1.9.0, pluggy-0.13.1
rootdir: /dc-app-performance-toolkit/app
plugins: apiritif-0.9.3
collected 14 items

selenium_ui/jira_ui.py get driver from global
1597733313867,119,selenium_login:open_login_page,Success,True
1597733314598,731,selenium_login:login_and_view_dashboard,Success,True
1597733314598,851,selenium_login,Success,True
.test_0_selenium_a_login,Total:267 Passed:267 Failed:0
1597733315013,371,selenium_browse_projects_list,Success,True
.test_1_selenium_browse_projects_list,Total:268 Passed:268 Failed:0
1597733315373,359,selenium_browse_boards_list,Success,True
.test_1_selenium_browse_boards_list,Total:269 Passed:269 Failed:0
1597733316284,891,selenium_create_issue:open_quick_create,Success,True
1597733319546,646,selenium_create_issue:fill_and_submit_issue_form:submit_issue_form,Success,True
1597733319546,3262,selenium_create_issue:fill_and_submit_issue_form,Success,True
1597733319546,4154,selenium_create_issue,Success,True
.test_1_selenium_create_issue,Total:270 Passed:270 Failed:0
1597733320179,596,selenium_edit_issue:open_edit_issue_form,Success,True
1597733321684,713,selenium_edit_issue:save_edit_issue_form,Success,True
1597733321684,2101,selenium_edit_issue,Success,True
.test_1_selenium_edit_issue,Total:271 Passed:271 Failed:0
1597733322110,424,selenium_save_comment:open_comment_form,Success,True
1597733323244,909,selenium_save_comment:submit_form,Success,True
1597733323244,1558,selenium_save_comment,Success,True
.test_1_selenium_save_comment,Total:272 Passed:272 Failed:0
1597733324629,1383,selenium_search_jql,Success,True
.test_1_selenium_search_jql,Total:273 Passed:273 Failed:0
1597733326225,1593,selenium_view_scrum_board_backlog,Success,True
.test_1_selenium_view_backlog_for_scrum_board,Total:274 Passed:274 Failed:0
1597733327057,830,selenium_view_scrum_board,Success,True
.test_1_selenium_view_scrum_board,Total:275 Passed:275 Failed:0
1597733328069,1010,selenium_view_kanban_board,Success,True
.test_1_selenium_view_kanban_board,Total:276 Passed:276 Failed:0
1597733328329,259,selenium_view_dashboard,Success,True
.test_1_selenium_view_dashboard,Total:277 Passed:277 Failed:0
1597733329157,826,selenium_view_issue,Success,True
.test_1_selenium_view_issue,Total:278 Passed:278 Failed:0
1597733329656,497,selenium_project_summary,Success,True
.test_1_selenium_view_project_summary,Total:279 Passed:279 Failed:0
1597733330109,451,selenium_log_out,Success,True
.test_2_selenium_z_log_out,Total:280 Passed:280 Failed:0


=============================== warnings summary ===============================
/usr/local/lib/python3.8/dist-packages/_pytest/config/__init__.py:935
  /usr/local/lib/python3.8/dist-packages/_pytest/config/__init__.py:935: PytestAssertRewriteWarning: Module already imported so cannot be rewritten: apiritif
    self._mark_plugins_for_rewrite(hook)

-- Docs: https://docs.pytest.org/en/latest/warnings.html
======================== 14 passed, 1 warning in 16.37s ========================
============================= test session starts ==============================
platform linux -- Python 3.8.0, pytest-5.4.3, py-1.9.0, pluggy-0.13.1
rootdir: /dc-app-performance-toolkit/app
plugins: apiritif-0.9.3
collected 14 items

selenium_ui/jira_ui.py get driver from global
1597733330296,128,selenium_login:open_login_page,Success,True
1597733331003,706,selenium_login:login_and_view_dashboard,Success,True
1597733331003,835,selenium_login,Success,True
.test_0_selenium_a_login,Total:281 Passed:281 Failed:0
1597733331342,324,selenium_browse_projects_list,Success,True
.test_1_selenium_browse_projects_list,Total:282 Passed:282 Failed:0
1597733331699,355,selenium_browse_boards_list,Success,True
.test_1_selenium_browse_boards_list,Total:283 Passed:283 Failed:0
1597733332619,898,selenium_create_issue:open_quick_create,Success,True
1597733335690,659,selenium_create_issue:fill_and_submit_issue_form:submit_issue_form,Success,True
1597733335690,3070,selenium_create_issue:fill_and_submit_issue_form,Success,True
1597733335690,3968,selenium_create_issue,Success,True
.test_1_selenium_create_issue,Total:284 Passed:284 Failed:0
1597733336626,905,selenium_edit_issue:open_edit_issue_form,Success,True
1597733337893,720,selenium_edit_issue:save_edit_issue_form,Success,True
1597733337893,2173,selenium_edit_issue,Success,True
.test_1_selenium_edit_issue,Total:285 Passed:285 Failed:0
1597733338328,432,selenium_save_comment:open_comment_form,Success,True
1597733339555,993,selenium_save_comment:submit_form,Success,True
1597733339555,1659,selenium_save_comment,Success,True
.test_1_selenium_save_comment,Total:286 Passed:286 Failed:0
1597733340869,1312,selenium_search_jql,Success,True
.test_1_selenium_search_jql,Total:287 Passed:287 Failed:0
1597733342533,1662,selenium_view_scrum_board_backlog,Success,True
.test_1_selenium_view_backlog_for_scrum_board,Total:288 Passed:288 Failed:0
1597733343360,825,selenium_view_scrum_board,Success,True
.test_1_selenium_view_scrum_board,Total:289 Passed:289 Failed:0
1597733344957,1595,selenium_view_kanban_board,Success,True
.test_1_selenium_view_kanban_board,Total:290 Passed:290 Failed:0
1597733345330,371,selenium_view_dashboard,Success,True
.test_1_selenium_view_dashboard,Total:291 Passed:291 Failed:0
1597733346246,915,selenium_view_issue,Success,True
.test_1_selenium_view_issue,Total:292 Passed:292 Failed:0
1597733346785,537,selenium_project_summary,Success,True
.test_1_selenium_view_project_summary,Total:293 Passed:293 Failed:0
1597733347243,456,selenium_log_out,Success,True
.test_2_selenium_z_log_out,Total:294 Passed:294 Failed:0


=============================== warnings summary ===============================
/usr/local/lib/python3.8/dist-packages/_pytest/config/__init__.py:935
  /usr/local/lib/python3.8/dist-packages/_pytest/config/__init__.py:935: PytestAssertRewriteWarning: Module already imported so cannot be rewritten: apiritif
    self._mark_plugins_for_rewrite(hook)

-- Docs: https://docs.pytest.org/en/latest/warnings.html
======================== 14 passed, 1 warning in 17.09s ========================
============================= test session starts ==============================
platform linux -- Python 3.8.0, pytest-5.4.3, py-1.9.0, pluggy-0.13.1
rootdir: /dc-app-performance-toolkit/app
plugins: apiritif-0.9.3
collected 14 items

selenium_ui/jira_ui.py get driver from global
1597733347419,119,selenium_login:open_login_page,Success,True
1597733348051,631,selenium_login:login_and_view_dashboard,Success,True
1597733348051,751,selenium_login,Success,True
.test_0_selenium_a_login,Total:295 Passed:295 Failed:0
1597733348431,365,selenium_browse_projects_list,Success,True
.test_1_selenium_browse_projects_list,Total:296 Passed:296 Failed:0
1597733348818,385,selenium_browse_boards_list,Success,True
.test_1_selenium_browse_boards_list,Total:297 Passed:297 Failed:0
1597733349578,739,selenium_create_issue:open_quick_create,Success,True
1597733354201,654,selenium_create_issue:fill_and_submit_issue_form:submit_issue_form,Success,True
1597733354201,4623,selenium_create_issue:fill_and_submit_issue_form,Success,True
1597733354201,5362,selenium_create_issue,Success,True
.test_1_selenium_create_issue,Total:298 Passed:298 Failed:0
1597733354898,665,selenium_edit_issue:open_edit_issue_form,Success,True
1597733356449,785,selenium_edit_issue:save_edit_issue_form,Success,True
1597733356449,2217,selenium_edit_issue,Success,True
.test_1_selenium_edit_issue,Total:299 Passed:299 Failed:0
1597733356878,426,selenium_save_comment:open_comment_form,Success,True
1597733358188,1074,selenium_save_comment:submit_form,Success,True
1597733358188,1736,selenium_save_comment,Success,True
.test_1_selenium_save_comment,Total:300 Passed:300 Failed:0
1597733359509,1319,selenium_search_jql,Success,True
.test_1_selenium_search_jql,Total:301 Passed:301 Failed:0
1597733360441,930,selenium_view_scrum_board_backlog,Success,True
.test_1_selenium_view_backlog_for_scrum_board,Total:302 Passed:302 Failed:0
1597733361273,830,selenium_view_scrum_board,Success,True
.test_1_selenium_view_scrum_board,Total:303 Passed:303 Failed:0
1597733362430,1155,selenium_view_kanban_board,Success,True
.test_1_selenium_view_kanban_board,Total:304 Passed:304 Failed:0
1597733362720,288,selenium_view_dashboard,Success,True
.test_1_selenium_view_dashboard,Total:305 Passed:305 Failed:0
1597733363515,794,selenium_view_issue,Success,True
.test_1_selenium_view_issue,Total:306 Passed:306 Failed:0
1597733364072,555,selenium_project_summary,Success,True
.test_1_selenium_view_project_summary,Total:307 Passed:307 Failed:0
1597733364503,429,selenium_log_out,Success,True
.test_2_selenium_z_log_out,Total:308 Passed:308 Failed:0


=============================== warnings summary ===============================
/usr/local/lib/python3.8/dist-packages/_pytest/config/__init__.py:935
  /usr/local/lib/python3.8/dist-packages/_pytest/config/__init__.py:935: PytestAssertRewriteWarning: Module already imported so cannot be rewritten: apiritif
    self._mark_plugins_for_rewrite(hook)

-- Docs: https://docs.pytest.org/en/latest/warnings.html
======================== 14 passed, 1 warning in 17.22s ========================
============================= test session starts ==============================
platform linux -- Python 3.8.0, pytest-5.4.3, py-1.9.0, pluggy-0.13.1
rootdir: /dc-app-performance-toolkit/app
plugins: apiritif-0.9.3
collected 14 items

selenium_ui/jira_ui.py get driver from global
1597733364688,128,selenium_login:open_login_page,Success,True
1597733365323,635,selenium_login:login_and_view_dashboard,Success,True
1597733365323,764,selenium_login,Success,True
.test_0_selenium_a_login,Total:309 Passed:309 Failed:0
1597733365655,316,selenium_browse_projects_list,Success,True
.test_1_selenium_browse_projects_list,Total:310 Passed:310 Failed:0
1597733366011,354,selenium_browse_boards_list,Success,True
.test_1_selenium_browse_boards_list,Total:311 Passed:311 Failed:0
1597733366763,729,selenium_create_issue:open_quick_create,Success,True
1597733371238,697,selenium_create_issue:fill_and_submit_issue_form:submit_issue_form,Success,True
1597733371238,4474,selenium_create_issue:fill_and_submit_issue_form,Success,True
1597733371238,5204,selenium_create_issue,Success,True
.test_1_selenium_create_issue,Total:312 Passed:312 Failed:0
1597733371858,601,selenium_edit_issue:open_edit_issue_form,Success,True
1597733373483,829,selenium_edit_issue:save_edit_issue_form,Success,True
1597733373483,2227,selenium_edit_issue,Success,True
.test_1_selenium_edit_issue,Total:313 Passed:313 Failed:0
1597733373953,468,selenium_save_comment:open_comment_form,Success,True
1597733375097,1000,selenium_save_comment:submit_form,Success,True
1597733375097,1612,selenium_save_comment,Success,True
.test_1_selenium_save_comment,Total:314 Passed:314 Failed:0
1597733376479,1380,selenium_search_jql,Success,True
.test_1_selenium_search_jql,Total:315 Passed:315 Failed:0
1597733377351,870,selenium_view_scrum_board_backlog,Success,True
.test_1_selenium_view_backlog_for_scrum_board,Total:316 Passed:316 Failed:0
1597733378174,821,selenium_view_scrum_board,Success,True
.test_1_selenium_view_scrum_board,Total:317 Passed:317 Failed:0
1597733379075,898,selenium_view_kanban_board,Success,True
.test_1_selenium_view_kanban_board,Total:318 Passed:318 Failed:0
1597733379583,507,selenium_view_dashboard,Success,True
.test_1_selenium_view_dashboard,Total:319 Passed:319 Failed:0
1597733380466,880,selenium_view_issue,Success,True
.test_1_selenium_view_issue,Total:320 Passed:320 Failed:0
1597733380976,508,selenium_project_summary,Success,True
.test_1_selenium_view_project_summary,Total:321 Passed:321 Failed:0
1597733381420,442,selenium_log_out,Success,True
.test_2_selenium_z_log_out,Total:322 Passed:322 Failed:0


=============================== warnings summary ===============================
/usr/local/lib/python3.8/dist-packages/_pytest/config/__init__.py:935
  /usr/local/lib/python3.8/dist-packages/_pytest/config/__init__.py:935: PytestAssertRewriteWarning: Module already imported so cannot be rewritten: apiritif
    self._mark_plugins_for_rewrite(hook)

-- Docs: https://docs.pytest.org/en/latest/warnings.html
======================== 14 passed, 1 warning in 16.87s ========================
============================= test session starts ==============================
platform linux -- Python 3.8.0, pytest-5.4.3, py-1.9.0, pluggy-0.13.1
rootdir: /dc-app-performance-toolkit/app
plugins: apiritif-0.9.3
collected 14 items

selenium_ui/jira_ui.py get driver from global
1597733381598,124,selenium_login:open_login_page,Success,True
1597733382274,675,selenium_login:login_and_view_dashboard,Success,True
1597733382274,800,selenium_login,Success,True
.test_0_selenium_a_login,Total:323 Passed:323 Failed:0
1597733382761,331,selenium_browse_projects_list,Success,True
.test_1_selenium_browse_projects_list,Total:324 Passed:324 Failed:0
1597733383123,360,selenium_browse_boards_list,Success,True
.test_1_selenium_browse_boards_list,Total:325 Passed:325 Failed:0
1597733384022,873,selenium_create_issue:open_quick_create,Success,True
1597733387158,641,selenium_create_issue:fill_and_submit_issue_form:submit_issue_form,Success,True
1597733387159,3136,selenium_create_issue:fill_and_submit_issue_form,Success,True
1597733387159,4010,selenium_create_issue,Success,True
.test_1_selenium_create_issue,Total:326 Passed:326 Failed:0
1597733387896,714,selenium_edit_issue:open_edit_issue_form,Success,True
1597733389352,754,selenium_edit_issue:save_edit_issue_form,Success,True
1597733389352,2170,selenium_edit_issue,Success,True
.test_1_selenium_edit_issue,Total:327 Passed:327 Failed:0
1597733389741,387,selenium_save_comment:open_comment_form,Success,True
1597733390967,1014,selenium_save_comment:submit_form,Success,True
1597733390967,1613,selenium_save_comment,Success,True
.test_1_selenium_save_comment,Total:328 Passed:328 Failed:0
1597733392211,1241,selenium_search_jql,Success,True
.test_1_selenium_search_jql,Total:329 Passed:329 Failed:0
1597733393060,847,selenium_view_scrum_board_backlog,Success,True
.test_1_selenium_view_backlog_for_scrum_board,Total:330 Passed:330 Failed:0
1597733393901,839,selenium_view_scrum_board,Success,True
.test_1_selenium_view_scrum_board,Total:331 Passed:331 Failed:0
1597733394755,852,selenium_view_kanban_board,Success,True
.test_1_selenium_view_kanban_board,Total:332 Passed:332 Failed:0
1597733395033,276,selenium_view_dashboard,Success,True
.test_1_selenium_view_dashboard,Total:333 Passed:333 Failed:0
1597733395903,868,selenium_view_issue,Success,True
.test_1_selenium_view_issue,Total:334 Passed:334 Failed:0
1597733396529,623,selenium_project_summary,Success,True
.test_1_selenium_view_project_summary,Total:335 Passed:335 Failed:0
1597733396965,435,selenium_log_out,Success,True
.test_2_selenium_z_log_out,Total:336 Passed:336 Failed:0


=============================== warnings summary ===============================
/usr/local/lib/python3.8/dist-packages/_pytest/config/__init__.py:935
  /usr/local/lib/python3.8/dist-packages/_pytest/config/__init__.py:935: PytestAssertRewriteWarning: Module already imported so cannot be rewritten: apiritif
    self._mark_plugins_for_rewrite(hook)

-- Docs: https://docs.pytest.org/en/latest/warnings.html
======================== 14 passed, 1 warning in 15.50s ========================
============================= test session starts ==============================
platform linux -- Python 3.8.0, pytest-5.4.3, py-1.9.0, pluggy-0.13.1
rootdir: /dc-app-performance-toolkit/app
plugins: apiritif-0.9.3
collected 14 items

selenium_ui/jira_ui.py get driver from global
1597733397140,118,selenium_login:open_login_page,Success,True
1597733397922,781,selenium_login:login_and_view_dashboard,Success,True
1597733397922,900,selenium_login,Success,True
.test_0_selenium_a_login,Total:337 Passed:337 Failed:0
1597733398327,374,selenium_browse_projects_list,Success,True
.test_1_selenium_browse_projects_list,Total:338 Passed:338 Failed:0
1597733398690,360,selenium_browse_boards_list,Success,True
.test_1_selenium_browse_boards_list,Total:339 Passed:339 Failed:0
1597733399610,904,selenium_create_issue:open_quick_create,Success,True
1597733402681,656,selenium_create_issue:fill_and_submit_issue_form:submit_issue_form,Success,True
1597733402681,3071,selenium_create_issue:fill_and_submit_issue_form,Success,True
1597733402681,3975,selenium_create_issue,Success,True
.test_1_selenium_create_issue,Total:340 Passed:340 Failed:0
1597733403279,576,selenium_edit_issue:open_edit_issue_form,Success,True
1597733404970,817,selenium_edit_issue:save_edit_issue_form,Success,True
1597733404970,2267,selenium_edit_issue,Success,True
.test_1_selenium_edit_issue,Total:341 Passed:341 Failed:0
1597733405467,494,selenium_save_comment:open_comment_form,Success,True
1597733406613,938,selenium_save_comment:submit_form,Success,True
1597733406613,1641,selenium_save_comment,Success,True
.test_1_selenium_save_comment,Total:342 Passed:342 Failed:0
1597733407869,1254,selenium_search_jql,Success,True
.test_1_selenium_search_jql,Total:343 Passed:343 Failed:0
1597733408721,850,selenium_view_scrum_board_backlog,Success,True
.test_1_selenium_view_backlog_for_scrum_board,Total:344 Passed:344 Failed:0
1597733409564,841,selenium_view_scrum_board,Success,True
.test_1_selenium_view_scrum_board,Total:345 Passed:345 Failed:0
1597733410924,1359,selenium_view_kanban_board,Success,True
.test_1_selenium_view_kanban_board,Total:346 Passed:346 Failed:0
1597733411390,463,selenium_view_dashboard,Success,True
.test_1_selenium_view_dashboard,Total:347 Passed:347 Failed:0
1597733412359,966,selenium_view_issue,Success,True
.test_1_selenium_view_issue,Total:348 Passed:348 Failed:0
1597733412910,549,selenium_project_summary,Success,True
.test_1_selenium_view_project_summary,Total:349 Passed:349 Failed:0
1597733413382,470,selenium_log_out,Success,True
.test_2_selenium_z_log_out,Total:350 Passed:350 Failed:0


=============================== warnings summary ===============================
/usr/local/lib/python3.8/dist-packages/_pytest/config/__init__.py:935
  /usr/local/lib/python3.8/dist-packages/_pytest/config/__init__.py:935: PytestAssertRewriteWarning: Module already imported so cannot be rewritten: apiritif
    self._mark_plugins_for_rewrite(hook)

-- Docs: https://docs.pytest.org/en/latest/warnings.html
======================== 14 passed, 1 warning in 16.37s ========================
============================= test session starts ==============================
platform linux -- Python 3.8.0, pytest-5.4.3, py-1.9.0, pluggy-0.13.1
rootdir: /dc-app-performance-toolkit/app
plugins: apiritif-0.9.3
collected 14 items

selenium_ui/jira_ui.py get driver from global
1597733413568,128,selenium_login:open_login_page,Success,True
1597733414305,736,selenium_login:login_and_view_dashboard,Success,True
1597733414305,865,selenium_login,Success,True
.test_0_selenium_a_login,Total:351 Passed:351 Failed:0
1597733414633,311,selenium_browse_projects_list,Success,True
.test_1_selenium_browse_projects_list,Total:352 Passed:352 Failed:0
1597733415041,405,selenium_browse_boards_list,Success,True
.test_1_selenium_browse_boards_list,Total:353 Passed:353 Failed:0
1597733415982,923,selenium_create_issue:open_quick_create,Success,True
1597733419341,646,selenium_create_issue:fill_and_submit_issue_form:submit_issue_form,Success,True
1597733419341,3359,selenium_create_issue:fill_and_submit_issue_form,Success,True
1597733419341,4283,selenium_create_issue,Success,True
.test_1_selenium_create_issue,Total:354 Passed:354 Failed:0
1597733420031,665,selenium_edit_issue:open_edit_issue_form,Success,True
1597733421729,872,selenium_edit_issue:save_edit_issue_form,Success,True
1597733421729,2363,selenium_edit_issue,Success,True
.test_1_selenium_edit_issue,Total:355 Passed:355 Failed:0
1597733422135,404,selenium_save_comment:open_comment_form,Success,True
1597733423381,1017,selenium_save_comment:submit_form,Success,True
1597733423381,1650,selenium_save_comment,Success,True
.test_1_selenium_save_comment,Total:356 Passed:356 Failed:0
1597733424697,1314,selenium_search_jql,Success,True
.test_1_selenium_search_jql,Total:357 Passed:357 Failed:0
1597733426354,1654,selenium_view_scrum_board_backlog,Success,True
.test_1_selenium_view_backlog_for_scrum_board,Total:358 Passed:358 Failed:0
1597733427196,840,selenium_view_scrum_board,Success,True
.test_1_selenium_view_scrum_board,Total:359 Passed:359 Failed:0
1597733428520,1322,selenium_view_kanban_board,Success,True
.test_1_selenium_view_kanban_board,Total:360 Passed:360 Failed:0
1597733428843,321,selenium_view_dashboard,Success,True
.test_1_selenium_view_dashboard,Total:361 Passed:361 Failed:0
1597733429782,938,selenium_view_issue,Success,True
.test_1_selenium_view_issue,Total:362 Passed:362 Failed:0
1597733430389,605,selenium_project_summary,Success,True
.test_1_selenium_view_project_summary,Total:363 Passed:363 Failed:0
1597733430837,447,selenium_log_out,Success,True
.test_2_selenium_z_log_out,Total:364 Passed:364 Failed:0


=============================== warnings summary ===============================
/usr/local/lib/python3.8/dist-packages/_pytest/config/__init__.py:935
  /usr/local/lib/python3.8/dist-packages/_pytest/config/__init__.py:935: PytestAssertRewriteWarning: Module already imported so cannot be rewritten: apiritif
    self._mark_plugins_for_rewrite(hook)

-- Docs: https://docs.pytest.org/en/latest/warnings.html
======================== 14 passed, 1 warning in 17.41s ========================
============================= test session starts ==============================
[...]
.test_2_selenium_z_log_out,Total:2170 Passed:2170 Failed:0


=============================== warnings summary ===============================
/usr/local/lib/python3.8/dist-packages/_pytest/config/__init__.py:935
  /usr/local/lib/python3.8/dist-packages/_pytest/config/__init__.py:935: PytestAssertRewriteWarning: Module already imported so cannot be rewritten: apiritif
    self._mark_plugins_for_rewrite(hook)

-- Docs: https://docs.pytest.org/en/latest/warnings.html
======================== 14 passed, 1 warning in 16.78s ========================
============================= test session starts ==============================
platform linux -- Python 3.8.0, pytest-5.4.3, py-1.9.0, pluggy-0.13.1
rootdir: /dc-app-performance-toolkit/app
plugins: apiritif-0.9.3
collected 14 items

selenium_ui/jira_ui.py get driver from global
1597735568687,115,selenium_login:open_login_page,Success,True
1597735569378,690,selenium_login:login_and_view_dashboard,Success,True
1597735569378,805,selenium_login,Success,True
.test_0_selenium_a_login,Total:2171 Passed:2171 Failed:0
1597735569745,351,selenium_browse_projects_list,Success,True
.test_1_selenium_browse_projects_list,Total:2172 Passed:2172 Failed:0
1597735570094,346,selenium_browse_boards_list,Success,True
.test_1_selenium_browse_boards_list,Total:2173 Passed:2173 Failed:0
1597735571074,949,selenium_create_issue:open_quick_create,Success,True
1597735574153,638,selenium_create_issue:fill_and_submit_issue_form:submit_issue_form,Success,True
1597735574153,3078,selenium_create_issue:fill_and_submit_issue_form,Success,True
1597735574153,4027,selenium_create_issue,Success,True
.test_1_selenium_create_issue,Total:2174 Passed:2174 Failed:0
1597735574882,712,selenium_edit_issue:open_edit_issue_form,Success,True
1597735576233,692,selenium_edit_issue:save_edit_issue_form,Success,True
1597735576233,2063,selenium_edit_issue,Success,True
.test_1_selenium_edit_issue,Total:2175 Passed:2175 Failed:0
1597735576718,483,selenium_save_comment:open_comment_form,Success,True
1597735577832,956,selenium_save_comment:submit_form,Success,True
1597735577832,1597,selenium_save_comment,Success,True
.test_1_selenium_save_comment,Total:2176 Passed:2176 Failed:0
1597735579265,1431,selenium_search_jql,Success,True
.test_1_selenium_search_jql,Total:2177 Passed:2177 Failed:0
1597735581033,1767,selenium_view_scrum_board_backlog,Success,True
.test_1_selenium_view_backlog_for_scrum_board,Total:2178 Passed:2178 Failed:0
1597735581877,842,selenium_view_scrum_board,Success,True
.test_1_selenium_view_scrum_board,Total:2179 Passed:2179 Failed:0
1597735582688,809,selenium_view_kanban_board,Success,True
.test_1_selenium_view_kanban_board,Total:2180 Passed:2180 Failed:0
1597735583184,494,selenium_view_dashboard,Success,True
.test_1_selenium_view_dashboard,Total:2181 Passed:2181 Failed:0
1597735583955,769,selenium_view_issue,Success,True
.test_1_selenium_view_issue,Total:2182 Passed:2182 Failed:0
1597735584574,616,selenium_project_summary,Success,True
.test_1_selenium_view_project_summary,Total:2183 Passed:2183 Failed:0
1597735585051,475,selenium_log_out,Success,True
.test_2_selenium_z_log_out,Total:2184 Passed:2184 Failed:0


=============================== warnings summary ===============================
/usr/local/lib/python3.8/dist-packages/_pytest/config/__init__.py:935
  /usr/local/lib/python3.8/dist-packages/_pytest/config/__init__.py:935: PytestAssertRewriteWarning: Module already imported so cannot be rewritten: apiritif
    self._mark_plugins_for_rewrite(hook)

-- Docs: https://docs.pytest.org/en/latest/warnings.html
======================== 14 passed, 1 warning in 16.49s ========================
============================= test session starts ==============================
platform linux -- Python 3.8.0, pytest-5.4.3, py-1.9.0, pluggy-0.13.1
rootdir: /dc-app-performance-toolkit/app
plugins: apiritif-0.9.3
collected 14 items

selenium_ui/jira_ui.py get driver from global
1597735585216,112,selenium_login:open_login_page,Success,True
1597735586012,795,selenium_login:login_and_view_dashboard,Success,True
1597735586012,907,selenium_login,Success,True
.test_0_selenium_a_login,Total:2185 Passed:2185 Failed:0
1597735586353,324,selenium_browse_projects_list,Success,True
.test_1_selenium_browse_projects_list,Total:2186 Passed:2186 Failed:0
1597735586718,363,selenium_browse_boards_list,Success,True
.test_1_selenium_browse_boards_list,Total:2187 Passed:2187 Failed:0
1597735587623,889,selenium_create_issue:open_quick_create,Success,True
1597735590784,648,selenium_create_issue:fill_and_submit_issue_form:submit_issue_form,Success,True
1597735590784,3161,selenium_create_issue:fill_and_submit_issue_form,Success,True
1597735590784,4051,selenium_create_issue,Success,True
.test_1_selenium_create_issue,Total:2188 Passed:2188 Failed:0
1597735591521,718,selenium_edit_issue:open_edit_issue_form,Success,True
1597735592888,712,selenium_edit_issue:save_edit_issue_form,Success,True
1597735592888,2085,selenium_edit_issue,Success,True
.test_1_selenium_edit_issue,Total:2189 Passed:2189 Failed:0
1597735593361,471,selenium_save_comment:open_comment_form,Success,True
1597735594604,1025,selenium_save_comment:submit_form,Success,True
1597735594604,1714,selenium_save_comment,Success,True
.test_1_selenium_save_comment,Total:2190 Passed:2190 Failed:0
1597735595900,1294,selenium_search_jql,Success,True
.test_1_selenium_search_jql,Total:2191 Passed:2191 Failed:0
1597735596803,900,selenium_view_scrum_board_backlog,Success,True
.test_1_selenium_view_backlog_for_scrum_board,Total:2192 Passed:2192 Failed:0
1597735597653,848,selenium_view_scrum_board,Success,True
.test_1_selenium_view_scrum_board,Total:2193 Passed:2193 Failed:0
1597735598599,944,selenium_view_kanban_board,Success,True
.test_1_selenium_view_kanban_board,Total:2194 Passed:2194 Failed:0
1597735598993,392,selenium_view_dashboard,Success,True
.test_1_selenium_view_dashboard,Total:2195 Passed:2195 Failed:0
1597735599823,828,selenium_view_issue,Success,True
.test_1_selenium_view_issue,Total:2196 Passed:2196 Failed:0
1597735600431,607,selenium_project_summary,Success,True
.test_1_selenium_view_project_summary,Total:2197 Passed:2197 Failed:0
1597735600867,434,selenium_log_out,Success,True
.test_2_selenium_z_log_out,Total:2198 Passed:2198 Failed:0


=============================== warnings summary ===============================
/usr/local/lib/python3.8/dist-packages/_pytest/config/__init__.py:935
  /usr/local/lib/python3.8/dist-packages/_pytest/config/__init__.py:935: PytestAssertRewriteWarning: Module already imported so cannot be rewritten: apiritif
    self._mark_plugins_for_rewrite(hook)

-- Docs: https://docs.pytest.org/en/latest/warnings.html
======================== 14 passed, 1 warning in 15.77s ========================
============================= test session starts ==============================
platform linux -- Python 3.8.0, pytest-5.4.3, py-1.9.0, pluggy-0.13.1
rootdir: /dc-app-performance-toolkit/app
plugins: apiritif-0.9.3
collected 14 items

selenium_ui/jira_ui.py get driver from global
1597735601037,114,selenium_login:open_login_page,Success,True
1597735601764,726,selenium_login:login_and_view_dashboard,Success,True
1597735601764,841,selenium_login,Success,True
.test_0_selenium_a_login,Total:2199 Passed:2199 Failed:0
1597735602127,346,selenium_browse_projects_list,Success,True
.test_1_selenium_browse_projects_list,Total:2200 Passed:2200 Failed:0
1597735602481,352,selenium_browse_boards_list,Success,True
.test_1_selenium_browse_boards_list,Total:2201 Passed:2201 Failed:0
1597735603419,913,selenium_create_issue:open_quick_create,Success,True
1597735606577,654,selenium_create_issue:fill_and_submit_issue_form:submit_issue_form,Success,True
1597735606577,3158,selenium_create_issue:fill_and_submit_issue_form,Success,True
1597735606577,4071,selenium_create_issue,Success,True
.test_1_selenium_create_issue,Total:2202 Passed:2202 Failed:0
1597735607497,903,selenium_edit_issue:open_edit_issue_form,Success,True
1597735608886,776,selenium_edit_issue:save_edit_issue_form,Success,True
1597735608886,2293,selenium_edit_issue,Success,True
.test_1_selenium_edit_issue,Total:2203 Passed:2203 Failed:0
1597735609316,427,selenium_save_comment:open_comment_form,Success,True
1597735610500,946,selenium_save_comment:submit_form,Success,True
1597735610500,1612,selenium_save_comment,Success,True
.test_1_selenium_save_comment,Total:2204 Passed:2204 Failed:0
1597735611872,1370,selenium_search_jql,Success,True
.test_1_selenium_search_jql,Total:2205 Passed:2205 Failed:0
1597735612750,876,selenium_view_scrum_board_backlog,Success,True
.test_1_selenium_view_backlog_for_scrum_board,Total:2206 Passed:2206 Failed:0
1597735613591,839,selenium_view_scrum_board,Success,True
.test_1_selenium_view_scrum_board,Total:2207 Passed:2207 Failed:0
1597735614842,1249,selenium_view_kanban_board,Success,True
.test_1_selenium_view_kanban_board,Total:2208 Passed:2208 Failed:0
1597735615190,346,selenium_view_dashboard,Success,True
.test_1_selenium_view_dashboard,Total:2209 Passed:2209 Failed:0
1597735616061,868,selenium_view_issue,Success,True
.test_1_selenium_view_issue,Total:2210 Passed:2210 Failed:0
1597735616642,579,selenium_project_summary,Success,True
.test_1_selenium_view_project_summary,Total:2211 Passed:2211 Failed:0
1597735617101,456,selenium_log_out,Success,True
.test_2_selenium_z_log_out,Total:2212 Passed:2212 Failed:0


=============================== warnings summary ===============================
/usr/local/lib/python3.8/dist-packages/_pytest/config/__init__.py:935
  /usr/local/lib/python3.8/dist-packages/_pytest/config/__init__.py:935: PytestAssertRewriteWarning: Module already imported so cannot be rewritten: apiritif
    self._mark_plugins_for_rewrite(hook)

-- Docs: https://docs.pytest.org/en/latest/warnings.html
======================== 14 passed, 1 warning in 16.19s ========================
============================= test session starts ==============================
platform linux -- Python 3.8.0, pytest-5.4.3, py-1.9.0, pluggy-0.13.1
rootdir: /dc-app-performance-toolkit/app
plugins: apiritif-0.9.3
collected 14 items

selenium_ui/jira_ui.py get driver from global
1597735617283,124,selenium_login:open_login_page,Success,True
1597735617963,679,selenium_login:login_and_view_dashboard,Success,True
1597735617963,804,selenium_login,Success,True
.test_0_selenium_a_login,Total:2213 Passed:2213 Failed:0
1597735618366,379,selenium_browse_projects_list,Success,True
.test_1_selenium_browse_projects_list,Total:2214 Passed:2214 Failed:0
1597735618726,358,selenium_browse_boards_list,Success,True
.test_1_selenium_browse_boards_list,Total:2215 Passed:2215 Failed:0
1597735619674,926,selenium_create_issue:open_quick_create,Success,True
1597735622924,653,selenium_create_issue:fill_and_submit_issue_form:submit_issue_form,Success,True
1597735622924,3250,selenium_create_issue:fill_and_submit_issue_form,Success,True
1597735622924,4176,selenium_create_issue,Success,True
.test_1_selenium_create_issue,Total:2216 Passed:2216 Failed:0
1597735623713,771,selenium_edit_issue:open_edit_issue_form,Success,True
1597735625099,733,selenium_edit_issue:save_edit_issue_form,Success,True
1597735625099,2157,selenium_edit_issue,Success,True
.test_1_selenium_edit_issue,Total:2217 Passed:2217 Failed:0
1597735625608,507,selenium_save_comment:open_comment_form,Success,True
1597735626900,1043,selenium_save_comment:submit_form,Success,True
1597735626900,1799,selenium_save_comment,Success,True
.test_1_selenium_save_comment,Total:2218 Passed:2218 Failed:0
1597735628246,1344,selenium_search_jql,Success,True
.test_1_selenium_search_jql,Total:2219 Passed:2219 Failed:0
1597735629103,855,selenium_view_scrum_board_backlog,Success,True
.test_1_selenium_view_backlog_for_scrum_board,Total:2220 Passed:2220 Failed:0
1597735629955,849,selenium_view_scrum_board,Success,True
.test_1_selenium_view_scrum_board,Total:2221 Passed:2221 Failed:0
1597735631189,1232,selenium_view_kanban_board,Success,True
.test_1_selenium_view_kanban_board,Total:2222 Passed:2222 Failed:0
1597735631869,678,selenium_view_dashboard,Success,True
.test_1_selenium_view_dashboard,Total:2223 Passed:2223 Failed:0
1597735632791,920,selenium_view_issue,Success,True
.test_1_selenium_view_issue,Total:2224 Passed:2224 Failed:0
1597735633391,598,selenium_project_summary,Success,True
.test_1_selenium_view_project_summary,Total:2225 Passed:2225 Failed:0
1597735633803,410,selenium_log_out,Success,True
.test_2_selenium_z_log_out,Total:2226 Passed:2226 Failed:0


=============================== warnings summary ===============================
/usr/local/lib/python3.8/dist-packages/_pytest/config/__init__.py:935
  /usr/local/lib/python3.8/dist-packages/_pytest/config/__init__.py:935: PytestAssertRewriteWarning: Module already imported so cannot be rewritten: apiritif
    self._mark_plugins_for_rewrite(hook)

-- Docs: https://docs.pytest.org/en/latest/warnings.html
======================== 14 passed, 1 warning in 16.66s ========================
============================= test session starts ==============================
platform linux -- Python 3.8.0, pytest-5.4.3, py-1.9.0, pluggy-0.13.1
rootdir: /dc-app-performance-toolkit/app
plugins: apiritif-0.9.3
collected 14 items

selenium_ui/jira_ui.py get driver from global
1597735633979,119,selenium_login:open_login_page,Success,True
1597735634728,748,selenium_login:login_and_view_dashboard,Success,True
1597735634728,868,selenium_login,Success,True
.test_0_selenium_a_login,Total:2227 Passed:2227 Failed:0
1597735635106,353,selenium_browse_projects_list,Success,True
.test_1_selenium_browse_projects_list,Total:2228 Passed:2228 Failed:0
1597735635478,371,selenium_browse_boards_list,Success,True
.test_1_selenium_browse_boards_list,Total:2229 Passed:2229 Failed:0
1597735636386,894,selenium_create_issue:open_quick_create,Success,True
1597735639568,654,selenium_create_issue:fill_and_submit_issue_form:submit_issue_form,Success,True
1597735639568,3181,selenium_create_issue:fill_and_submit_issue_form,Success,True
1597735639568,4076,selenium_create_issue,Success,True
.test_1_selenium_create_issue,Total:2230 Passed:2230 Failed:0
1597735640200,608,selenium_edit_issue:open_edit_issue_form,Success,True
1597735641860,727,selenium_edit_issue:save_edit_issue_form,Success,True
1597735641860,2269,selenium_edit_issue,Success,True
.test_1_selenium_edit_issue,Total:2231 Passed:2231 Failed:0
1597735642293,430,selenium_save_comment:open_comment_form,Success,True
1597735643509,987,selenium_save_comment:submit_form,Success,True
1597735643509,1646,selenium_save_comment,Success,True
.test_1_selenium_save_comment,Total:2232 Passed:2232 Failed:0
1597735644790,1278,selenium_search_jql,Success,True
.test_1_selenium_search_jql,Total:2233 Passed:2233 Failed:0
1597735645639,848,selenium_view_scrum_board_backlog,Success,True
.test_1_selenium_view_backlog_for_scrum_board,Total:2234 Passed:2234 Failed:0
1597735646477,836,selenium_view_scrum_board,Success,True
.test_1_selenium_view_scrum_board,Total:2235 Passed:2235 Failed:0
1597735647314,835,selenium_view_kanban_board,Success,True
.test_1_selenium_view_kanban_board,Total:2236 Passed:2236 Failed:0
1597735647611,294,selenium_view_dashboard,Success,True
.test_1_selenium_view_dashboard,Total:2237 Passed:2237 Failed:0
1597735648417,804,selenium_view_issue,Success,True
.test_1_selenium_view_issue,Total:2238 Passed:2238 Failed:0
1597735648966,547,selenium_project_summary,Success,True
.test_1_selenium_view_project_summary,Total:2239 Passed:2239 Failed:0
1597735649352,385,selenium_log_out,Success,True
.test_2_selenium_z_log_out,Total:2240 Passed:2240 Failed:0


=============================== warnings summary ===============================
/usr/local/lib/python3.8/dist-packages/_pytest/config/__init__.py:935
  /usr/local/lib/python3.8/dist-packages/_pytest/config/__init__.py:935: PytestAssertRewriteWarning: Module already imported so cannot be rewritten: apiritif
    self._mark_plugins_for_rewrite(hook)

-- Docs: https://docs.pytest.org/en/latest/warnings.html
======================== 14 passed, 1 warning in 15.51s ========================
============================= test session starts ==============================
platform linux -- Python 3.8.0, pytest-5.4.3, py-1.9.0, pluggy-0.13.1
rootdir: /dc-app-performance-toolkit/app
plugins: apiritif-0.9.3
collected 14 items

selenium_ui/jira_ui.py get driver from global
1597735649526,119,selenium_login:open_login_page,Success,True
1597735650277,750,selenium_login:login_and_view_dashboard,Success,True
1597735650277,870,selenium_login,Success,True
.test_0_selenium_a_login,Total:2241 Passed:2241 Failed:0
1597735650657,345,selenium_browse_projects_list,Success,True
.test_1_selenium_browse_projects_list,Total:2242 Passed:2242 Failed:0
1597735651043,383,selenium_browse_boards_list,Success,True
.test_1_selenium_browse_boards_list,Total:2243 Passed:2243 Failed:0
1597735651880,824,selenium_create_issue:open_quick_create,Success,True
1597735654724,639,selenium_create_issue:fill_and_submit_issue_form:submit_issue_form,Success,True
1597735654724,2843,selenium_create_issue:fill_and_submit_issue_form,Success,True
1597735654724,3667,selenium_create_issue,Success,True
.test_1_selenium_create_issue,Total:2244 Passed:2244 Failed:0
1597735655330,588,selenium_edit_issue:open_edit_issue_form,Success,True
1597735656887,737,selenium_edit_issue:save_edit_issue_form,Success,True
1597735656887,2145,selenium_edit_issue,Success,True
.test_1_selenium_edit_issue,Total:2245 Passed:2245 Failed:0
1597735657345,456,selenium_save_comment:open_comment_form,Success,True
1597735658488,916,selenium_save_comment:submit_form,Success,True
1597735658488,1599,selenium_save_comment,Success,True
.test_1_selenium_save_comment,Total:2246 Passed:2246 Failed:0
1597735659820,1330,selenium_search_jql,Success,True
.test_1_selenium_search_jql,Total:2247 Passed:2247 Failed:0
1597735660672,849,selenium_view_scrum_board_backlog,Success,True
.test_1_selenium_view_backlog_for_scrum_board,Total:2248 Passed:2248 Failed:0
1597735661510,836,selenium_view_scrum_board,Success,True
.test_1_selenium_view_scrum_board,Total:2249 Passed:2249 Failed:0
1597735662823,1311,selenium_view_kanban_board,Success,True
.test_1_selenium_view_kanban_board,Total:2250 Passed:2250 Failed:0
1597735663269,444,selenium_view_dashboard,Success,True
.test_1_selenium_view_dashboard,Total:2251 Passed:2251 Failed:0
1597735664024,752,selenium_view_issue,Success,True
.test_1_selenium_view_issue,Total:2252 Passed:2252 Failed:0
1597735664660,635,selenium_project_summary,Success,True
.test_1_selenium_view_project_summary,Total:2253 Passed:2253 Failed:0
1597735665039,376,selenium_log_out,Success,True
.test_2_selenium_z_log_out,Total:2254 Passed:2254 Failed:0


=============================== warnings summary ===============================
/usr/local/lib/python3.8/dist-packages/_pytest/config/__init__.py:935
  /usr/local/lib/python3.8/dist-packages/_pytest/config/__init__.py:935: PytestAssertRewriteWarning: Module already imported so cannot be rewritten: apiritif
    self._mark_plugins_for_rewrite(hook)

-- Docs: https://docs.pytest.org/en/latest/warnings.html
======================== 14 passed, 1 warning in 15.64s ========================
============================= test session starts ==============================
platform linux -- Python 3.8.0, pytest-5.4.3, py-1.9.0, pluggy-0.13.1
rootdir: /dc-app-performance-toolkit/app
plugins: apiritif-0.9.3
collected 14 items

selenium_ui/jira_ui.py get driver from global
1597735665292,117,selenium_login:open_login_page,Success,True
1597735665937,645,selenium_login:login_and_view_dashboard,Success,True
1597735665937,762,selenium_login,Success,True
.test_0_selenium_a_login,Total:2255 Passed:2255 Failed:0
1597735666441,460,selenium_browse_projects_list,Success,True
.test_1_selenium_browse_projects_list,Total:2256 Passed:2256 Failed:0
1597735666801,357,selenium_browse_boards_list,Success,True
.test_1_selenium_browse_boards_list,Total:2257 Passed:2257 Failed:0
