============================= test session starts ==============================
platform linux -- Python 3.8.0, pytest-5.4.3, py-1.9.0, pluggy-0.13.1
rootdir: /dc-app-performance-toolkit/app
plugins: apiritif-0.9.3
collected 14 items

selenium_ui/jira_ui.py first driver inits
1597743579129,987,selenium_login:open_login_page,Success,True
1597743580205,1076,selenium_login:login_and_view_dashboard,Success,True
1597743580205,2064,selenium_login,Success,True
.test_0_selenium_a_login,Total:1 Passed:1 Failed:0
1597743580615,393,selenium_browse_projects_list,Success,True
.test_1_selenium_browse_projects_list,Total:2 Passed:2 Failed:0
1597743581069,451,selenium_browse_boards_list,Success,True
.test_1_selenium_browse_boards_list,Total:3 Passed:3 Failed:0
1597743581960,879,selenium_create_issue:open_quick_create,Success,True
1597743584998,642,selenium_create_issue:fill_and_submit_issue_form:submit_issue_form,Success,True
1597743584998,3037,selenium_create_issue:fill_and_submit_issue_form,Success,True
1597743584998,3917,selenium_create_issue,Success,True
.test_1_selenium_create_issue,Total:4 Passed:4 Failed:0
1597743585618,600,selenium_edit_issue:open_edit_issue_form,Success,True
1597743587338,912,selenium_edit_issue:save_edit_issue_form,Success,True
1597743587338,2321,selenium_edit_issue,Success,True
.test_1_selenium_edit_issue,Total:5 Passed:5 Failed:0
1597743587776,435,selenium_save_comment:open_comment_form,Success,True
1597743589037,1107,selenium_save_comment:submit_form,Success,True
1597743589038,1697,selenium_save_comment,Success,True
.test_1_selenium_save_comment,Total:6 Passed:6 Failed:0
1597743590593,1553,selenium_search_jql,Success,True
.test_1_selenium_search_jql,Total:7 Passed:7 Failed:0
1597743592310,1715,selenium_view_scrum_board_backlog,Success,True
.test_1_selenium_view_backlog_for_scrum_board,Total:8 Passed:8 Failed:0
1597743593239,927,selenium_view_scrum_board,Success,True
.test_1_selenium_view_scrum_board,Total:9 Passed:9 Failed:0
1597743594638,1397,selenium_view_kanban_board,Success,True
.test_1_selenium_view_kanban_board,Total:10 Passed:10 Failed:0
1597743595292,652,selenium_view_dashboard,Success,True
.test_1_selenium_view_dashboard,Total:11 Passed:11 Failed:0
1597743596135,841,selenium_view_issue,Success,True
.test_1_selenium_view_issue,Total:12 Passed:12 Failed:0
1597743596583,446,selenium_project_summary,Success,True
.test_1_selenium_view_project_summary,Total:13 Passed:13 Failed:0
1597743597036,451,selenium_log_out,Success,True
.test_2_selenium_z_log_out,Total:14 Passed:14 Failed:0


=============================== warnings summary ===============================
/usr/local/lib/python3.8/dist-packages/_pytest/config/__init__.py:935
  /usr/local/lib/python3.8/dist-packages/_pytest/config/__init__.py:935: PytestAssertRewriteWarning: Module already imported so cannot be rewritten: apiritif
    self._mark_plugins_for_rewrite(hook)

-- Docs: https://docs.pytest.org/en/latest/warnings.html
======================== 14 passed, 1 warning in 20.10s ========================
============================= test session starts ==============================
platform linux -- Python 3.8.0, pytest-5.4.3, py-1.9.0, pluggy-0.13.1
rootdir: /dc-app-performance-toolkit/app
plugins: apiritif-0.9.3
collected 14 items

selenium_ui/jira_ui.py get driver from global
1597743597237,125,selenium_login:open_login_page,Success,True
1597743598061,824,selenium_login:login_and_view_dashboard,Success,True
1597743598061,950,selenium_login,Success,True
.test_0_selenium_a_login,Total:15 Passed:15 Failed:0
1597743598419,342,selenium_browse_projects_list,Success,True
.test_1_selenium_browse_projects_list,Total:16 Passed:16 Failed:0
1597743598827,407,selenium_browse_boards_list,Success,True
.test_1_selenium_browse_boards_list,Total:17 Passed:17 Failed:0
1597743599706,868,selenium_create_issue:open_quick_create,Success,True
1597743602690,634,selenium_create_issue:fill_and_submit_issue_form:submit_issue_form,Success,True
1597743602690,2983,selenium_create_issue:fill_and_submit_issue_form,Success,True
1597743602690,3851,selenium_create_issue,Success,True
.test_1_selenium_create_issue,Total:18 Passed:18 Failed:0
1597743603391,679,selenium_edit_issue:open_edit_issue_form,Success,True
1597743604786,714,selenium_edit_issue:save_edit_issue_form,Success,True
1597743604786,2074,selenium_edit_issue,Success,True
.test_1_selenium_edit_issue,Total:19 Passed:19 Failed:0
1597743605346,558,selenium_save_comment:open_comment_form,Success,True
1597743606392,891,selenium_save_comment:submit_form,Success,True
1597743606392,1604,selenium_save_comment,Success,True
.test_1_selenium_save_comment,Total:20 Passed:20 Failed:0
1597743607699,1305,selenium_search_jql,Success,True
.test_1_selenium_search_jql,Total:21 Passed:21 Failed:0
1597743608627,926,selenium_view_scrum_board_backlog,Success,True
.test_1_selenium_view_backlog_for_scrum_board,Total:22 Passed:22 Failed:0
1597743609460,831,selenium_view_scrum_board,Success,True
.test_1_selenium_view_scrum_board,Total:23 Passed:23 Failed:0
1597743611196,1734,selenium_view_kanban_board,Success,True
.test_1_selenium_view_kanban_board,Total:24 Passed:24 Failed:0
1597743611643,444,selenium_view_dashboard,Success,True
.test_1_selenium_view_dashboard,Total:25 Passed:25 Failed:0
1597743612506,861,selenium_view_issue,Success,True
.test_1_selenium_view_issue,Total:26 Passed:26 Failed:0
1597743613110,602,selenium_project_summary,Success,True
.test_1_selenium_view_project_summary,Total:27 Passed:27 Failed:0
1597743613541,429,selenium_log_out,Success,True
.test_2_selenium_z_log_out,Total:28 Passed:28 Failed:0


=============================== warnings summary ===============================
/usr/local/lib/python3.8/dist-packages/_pytest/config/__init__.py:935
  /usr/local/lib/python3.8/dist-packages/_pytest/config/__init__.py:935: PytestAssertRewriteWarning: Module already imported so cannot be rewritten: apiritif
    self._mark_plugins_for_rewrite(hook)

-- Docs: https://docs.pytest.org/en/latest/warnings.html
======================== 14 passed, 1 warning in 16.44s ========================
============================= test session starts ==============================
platform linux -- Python 3.8.0, pytest-5.4.3, py-1.9.0, pluggy-0.13.1
rootdir: /dc-app-performance-toolkit/app
plugins: apiritif-0.9.3
collected 14 items

selenium_ui/jira_ui.py get driver from global
1597743613719,125,selenium_login:open_login_page,Success,True
1597743614424,704,selenium_login:login_and_view_dashboard,Success,True
1597743614424,830,selenium_login,Success,True
.test_0_selenium_a_login,Total:29 Passed:29 Failed:0
1597743614743,303,selenium_browse_projects_list,Success,True
.test_1_selenium_browse_projects_list,Total:30 Passed:30 Failed:0
1597743615058,314,selenium_browse_boards_list,Success,True
.test_1_selenium_browse_boards_list,Total:31 Passed:31 Failed:0
1597743615955,876,selenium_create_issue:open_quick_create,Success,True
1597743618905,638,selenium_create_issue:fill_and_submit_issue_form:submit_issue_form,Success,True
1597743618905,2949,selenium_create_issue:fill_and_submit_issue_form,Success,True
1597743618905,3826,selenium_create_issue,Success,True
.test_1_selenium_create_issue,Total:32 Passed:32 Failed:0
1597743619645,722,selenium_edit_issue:open_edit_issue_form,Success,True
1597743620955,695,selenium_edit_issue:save_edit_issue_form,Success,True
1597743620956,2032,selenium_edit_issue,Success,True
.test_1_selenium_edit_issue,Total:33 Passed:33 Failed:0
1597743621392,435,selenium_save_comment:open_comment_form,Success,True
1597743622792,1021,selenium_save_comment:submit_form,Success,True
1597743622792,1835,selenium_save_comment,Success,True
.test_1_selenium_save_comment,Total:34 Passed:34 Failed:0
1597743624002,1207,selenium_search_jql,Success,True
.test_1_selenium_search_jql,Total:35 Passed:35 Failed:0
1597743624851,848,selenium_view_scrum_board_backlog,Success,True
.test_1_selenium_view_backlog_for_scrum_board,Total:36 Passed:36 Failed:0
1597743625675,822,selenium_view_scrum_board,Success,True
.test_1_selenium_view_scrum_board,Total:37 Passed:37 Failed:0
1597743627009,1332,selenium_view_kanban_board,Success,True
.test_1_selenium_view_kanban_board,Total:38 Passed:38 Failed:0
1597743627377,366,selenium_view_dashboard,Success,True
.test_1_selenium_view_dashboard,Total:39 Passed:39 Failed:0
1597743628220,840,selenium_view_issue,Success,True
.test_1_selenium_view_issue,Total:40 Passed:40 Failed:0
1597743628785,563,selenium_project_summary,Success,True
.test_1_selenium_view_project_summary,Total:41 Passed:41 Failed:0
1597743629132,345,selenium_log_out,Success,True
.test_2_selenium_z_log_out,Total:42 Passed:42 Failed:0


=============================== warnings summary ===============================
/usr/local/lib/python3.8/dist-packages/_pytest/config/__init__.py:935
  /usr/local/lib/python3.8/dist-packages/_pytest/config/__init__.py:935: PytestAssertRewriteWarning: Module already imported so cannot be rewritten: apiritif
    self._mark_plugins_for_rewrite(hook)

-- Docs: https://docs.pytest.org/en/latest/warnings.html
======================== 14 passed, 1 warning in 15.55s ========================
============================= test session starts ==============================
platform linux -- Python 3.8.0, pytest-5.4.3, py-1.9.0, pluggy-0.13.1
rootdir: /dc-app-performance-toolkit/app
plugins: apiritif-0.9.3
collected 14 items

selenium_ui/jira_ui.py get driver from global
1597743629299,113,selenium_login:open_login_page,Success,True
1597743630048,748,selenium_login:login_and_view_dashboard,Success,True
1597743630048,862,selenium_login,Success,True
.test_0_selenium_a_login,Total:43 Passed:43 Failed:0
1597743630409,330,selenium_browse_projects_list,Success,True
.test_1_selenium_browse_projects_list,Total:44 Passed:44 Failed:0
1597743630785,374,selenium_browse_boards_list,Success,True
.test_1_selenium_browse_boards_list,Total:45 Passed:45 Failed:0
1597743631658,851,selenium_create_issue:open_quick_create,Success,True
1597743634720,639,selenium_create_issue:fill_and_submit_issue_form:submit_issue_form,Success,True
1597743634720,3061,selenium_create_issue:fill_and_submit_issue_form,Success,True
1597743634720,3912,selenium_create_issue,Success,True
.test_1_selenium_create_issue,Total:46 Passed:46 Failed:0
1597743635429,690,selenium_edit_issue:open_edit_issue_form,Success,True
1597743636773,717,selenium_edit_issue:save_edit_issue_form,Success,True
1597743636773,2033,selenium_edit_issue,Success,True
.test_1_selenium_edit_issue,Total:47 Passed:47 Failed:0
1597743637205,431,selenium_save_comment:open_comment_form,Success,True
1597743638395,978,selenium_save_comment:submit_form,Success,True
1597743638395,1621,selenium_save_comment,Success,True
.test_1_selenium_save_comment,Total:48 Passed:48 Failed:0
1597743639684,1286,selenium_search_jql,Success,True
.test_1_selenium_search_jql,Total:49 Passed:49 Failed:0
1597743640559,873,selenium_view_scrum_board_backlog,Success,True
.test_1_selenium_view_backlog_for_scrum_board,Total:50 Passed:50 Failed:0
1597743641381,820,selenium_view_scrum_board,Success,True
.test_1_selenium_view_scrum_board,Total:51 Passed:51 Failed:0
1597743642818,1435,selenium_view_kanban_board,Success,True
.test_1_selenium_view_kanban_board,Total:52 Passed:52 Failed:0
1597743643155,336,selenium_view_dashboard,Success,True
.test_1_selenium_view_dashboard,Total:53 Passed:53 Failed:0
1597743643991,833,selenium_view_issue,Success,True
.test_1_selenium_view_issue,Total:54 Passed:54 Failed:0
1597743644536,543,selenium_project_summary,Success,True
.test_1_selenium_view_project_summary,Total:55 Passed:55 Failed:0
1597743644926,388,selenium_log_out,Success,True
.test_2_selenium_z_log_out,Total:56 Passed:56 Failed:0


=============================== warnings summary ===============================
/usr/local/lib/python3.8/dist-packages/_pytest/config/__init__.py:935
  /usr/local/lib/python3.8/dist-packages/_pytest/config/__init__.py:935: PytestAssertRewriteWarning: Module already imported so cannot be rewritten: apiritif
    self._mark_plugins_for_rewrite(hook)

-- Docs: https://docs.pytest.org/en/latest/warnings.html
======================== 14 passed, 1 warning in 15.75s ========================
============================= test session starts ==============================
platform linux -- Python 3.8.0, pytest-5.4.3, py-1.9.0, pluggy-0.13.1
rootdir: /dc-app-performance-toolkit/app
plugins: apiritif-0.9.3
collected 14 items

selenium_ui/jira_ui.py get driver from global
1597743645096,114,selenium_login:open_login_page,Success,True
1597743645738,642,selenium_login:login_and_view_dashboard,Success,True
1597743645739,757,selenium_login,Success,True
.test_0_selenium_a_login,Total:57 Passed:57 Failed:0
1597743646129,347,selenium_browse_projects_list,Success,True
.test_1_selenium_browse_projects_list,Total:58 Passed:58 Failed:0
1597743646485,353,selenium_browse_boards_list,Success,True
.test_1_selenium_browse_boards_list,Total:59 Passed:59 Failed:0
1597743647406,907,selenium_create_issue:open_quick_create,Success,True
1597743650418,655,selenium_create_issue:fill_and_submit_issue_form:submit_issue_form,Success,True
1597743650418,3012,selenium_create_issue:fill_and_submit_issue_form,Success,True
1597743650418,3920,selenium_create_issue,Success,True
.test_1_selenium_create_issue,Total:60 Passed:60 Failed:0
1597743651027,589,selenium_edit_issue:open_edit_issue_form,Success,True
1597743652618,745,selenium_edit_issue:save_edit_issue_form,Success,True
1597743652618,2180,selenium_edit_issue,Success,True
.test_1_selenium_edit_issue,Total:61 Passed:61 Failed:0
1597743653054,435,selenium_save_comment:open_comment_form,Success,True
1597743654202,938,selenium_save_comment:submit_form,Success,True
1597743654202,1582,selenium_save_comment,Success,True
.test_1_selenium_save_comment,Total:62 Passed:62 Failed:0
1597743655453,1249,selenium_search_jql,Success,True
.test_1_selenium_search_jql,Total:63 Passed:63 Failed:0
1597743656995,1540,selenium_view_scrum_board_backlog,Success,True
.test_1_selenium_view_backlog_for_scrum_board,Total:64 Passed:64 Failed:0
1597743657846,849,selenium_view_scrum_board,Success,True
.test_1_selenium_view_scrum_board,Total:65 Passed:65 Failed:0
1597743659029,1181,selenium_view_kanban_board,Success,True
.test_1_selenium_view_kanban_board,Total:66 Passed:66 Failed:0
1597743659338,307,selenium_view_dashboard,Success,True
.test_1_selenium_view_dashboard,Total:67 Passed:67 Failed:0
1597743660247,908,selenium_view_issue,Success,True
.test_1_selenium_view_issue,Total:68 Passed:68 Failed:0
1597743660920,670,selenium_project_summary,Success,True
.test_1_selenium_view_project_summary,Total:69 Passed:69 Failed:0
1597743661378,456,selenium_log_out,Success,True
.test_2_selenium_z_log_out,Total:70 Passed:70 Failed:0


=============================== warnings summary ===============================
/usr/local/lib/python3.8/dist-packages/_pytest/config/__init__.py:935
  /usr/local/lib/python3.8/dist-packages/_pytest/config/__init__.py:935: PytestAssertRewriteWarning: Module already imported so cannot be rewritten: apiritif
    self._mark_plugins_for_rewrite(hook)

-- Docs: https://docs.pytest.org/en/latest/warnings.html
======================== 14 passed, 1 warning in 16.41s ========================
============================= test session starts ==============================
platform linux -- Python 3.8.0, pytest-5.4.3, py-1.9.0, pluggy-0.13.1
rootdir: /dc-app-performance-toolkit/app
plugins: apiritif-0.9.3
collected 14 items

selenium_ui/jira_ui.py get driver from global
1597743661558,125,selenium_login:open_login_page,Success,True
1597743662285,727,selenium_login:login_and_view_dashboard,Success,True
1597743662285,853,selenium_login,Success,True
.test_0_selenium_a_login,Total:71 Passed:71 Failed:0
1597743662604,303,selenium_browse_projects_list,Success,True
.test_1_selenium_browse_projects_list,Total:72 Passed:72 Failed:0
1597743662951,346,selenium_browse_boards_list,Success,True
.test_1_selenium_browse_boards_list,Total:73 Passed:73 Failed:0
1597743663864,878,selenium_create_issue:open_quick_create,Success,True
1597743666962,656,selenium_create_issue:fill_and_submit_issue_form:submit_issue_form,Success,True
1597743666962,3097,selenium_create_issue:fill_and_submit_issue_form,Success,True
1597743666962,3976,selenium_create_issue,Success,True
.test_1_selenium_create_issue,Total:74 Passed:74 Failed:0
1597743667710,731,selenium_edit_issue:open_edit_issue_form,Success,True
1597743669059,676,selenium_edit_issue:save_edit_issue_form,Success,True
1597743669059,2080,selenium_edit_issue,Success,True
.test_1_selenium_edit_issue,Total:75 Passed:75 Failed:0
1597743669419,358,selenium_save_comment:open_comment_form,Success,True
1597743670601,974,selenium_save_comment:submit_form,Success,True
1597743670601,1540,selenium_save_comment,Success,True
.test_1_selenium_save_comment,Total:76 Passed:76 Failed:0
1597743671872,1269,selenium_search_jql,Success,True
.test_1_selenium_search_jql,Total:77 Passed:77 Failed:0
1597743673436,1563,selenium_view_scrum_board_backlog,Success,True
.test_1_selenium_view_backlog_for_scrum_board,Total:78 Passed:78 Failed:0
1597743674274,836,selenium_view_scrum_board,Success,True
.test_1_selenium_view_scrum_board,Total:79 Passed:79 Failed:0
1597743675180,904,selenium_view_kanban_board,Success,True
.test_1_selenium_view_kanban_board,Total:80 Passed:80 Failed:0
1597743675557,375,selenium_view_dashboard,Success,True
.test_1_selenium_view_dashboard,Total:81 Passed:81 Failed:0
1597743676361,802,selenium_view_issue,Success,True
.test_1_selenium_view_issue,Total:82 Passed:82 Failed:0
1597743676932,569,selenium_project_summary,Success,True
.test_1_selenium_view_project_summary,Total:83 Passed:83 Failed:0
1597743677326,391,selenium_log_out,Success,True
.test_2_selenium_z_log_out,Total:84 Passed:84 Failed:0


=============================== warnings summary ===============================
/usr/local/lib/python3.8/dist-packages/_pytest/config/__init__.py:935
  /usr/local/lib/python3.8/dist-packages/_pytest/config/__init__.py:935: PytestAssertRewriteWarning: Module already imported so cannot be rewritten: apiritif
    self._mark_plugins_for_rewrite(hook)

-- Docs: https://docs.pytest.org/en/latest/warnings.html
======================== 14 passed, 1 warning in 15.91s ========================
============================= test session starts ==============================
platform linux -- Python 3.8.0, pytest-5.4.3, py-1.9.0, pluggy-0.13.1
rootdir: /dc-app-performance-toolkit/app
plugins: apiritif-0.9.3
collected 14 items

selenium_ui/jira_ui.py get driver from global
1597743677508,112,selenium_login:open_login_page,Success,True
1597743678157,648,selenium_login:login_and_view_dashboard,Success,True
1597743678157,761,selenium_login,Success,True
.test_0_selenium_a_login,Total:85 Passed:85 Failed:0
1597743678654,428,selenium_browse_projects_list,Success,True
.test_1_selenium_browse_projects_list,Total:86 Passed:86 Failed:0
1597743678984,327,selenium_browse_boards_list,Success,True
.test_1_selenium_browse_boards_list,Total:87 Passed:87 Failed:0
1597743679984,971,selenium_create_issue:open_quick_create,Success,True
1597743683137,638,selenium_create_issue:fill_and_submit_issue_form:submit_issue_form,Success,True
1597743683137,3152,selenium_create_issue:fill_and_submit_issue_form,Success,True
1597743683137,4124,selenium_create_issue,Success,True
.test_1_selenium_create_issue,Total:88 Passed:88 Failed:0
1597743683795,618,selenium_edit_issue:open_edit_issue_form,Success,True
1597743685272,664,selenium_edit_issue:save_edit_issue_form,Success,True
1597743685272,2094,selenium_edit_issue,Success,True
.test_1_selenium_edit_issue,Total:89 Passed:89 Failed:0
1597743685784,510,selenium_save_comment:open_comment_form,Success,True
1597743686875,939,selenium_save_comment:submit_form,Success,True
1597743686875,1601,selenium_save_comment,Success,True
.test_1_selenium_save_comment,Total:90 Passed:90 Failed:0
1597743688186,1309,selenium_search_jql,Success,True
.test_1_selenium_search_jql,Total:91 Passed:91 Failed:0
1597743689768,1580,selenium_view_scrum_board_backlog,Success,True
.test_1_selenium_view_backlog_for_scrum_board,Total:92 Passed:92 Failed:0
1597743690598,827,selenium_view_scrum_board,Success,True
.test_1_selenium_view_scrum_board,Total:93 Passed:93 Failed:0
1597743691804,1204,selenium_view_kanban_board,Success,True
.test_1_selenium_view_kanban_board,Total:94 Passed:94 Failed:0
1597743692413,607,selenium_view_dashboard,Success,True
.test_1_selenium_view_dashboard,Total:95 Passed:95 Failed:0
1597743693273,857,selenium_view_issue,Success,True
.test_1_selenium_view_issue,Total:96 Passed:96 Failed:0
1597743693877,603,selenium_project_summary,Success,True
.test_1_selenium_view_project_summary,Total:97 Passed:97 Failed:0
1597743694304,425,selenium_log_out,Success,True
.test_2_selenium_z_log_out,Total:98 Passed:98 Failed:0


=============================== warnings summary ===============================
/usr/local/lib/python3.8/dist-packages/_pytest/config/__init__.py:935
  /usr/local/lib/python3.8/dist-packages/_pytest/config/__init__.py:935: PytestAssertRewriteWarning: Module already imported so cannot be rewritten: apiritif
    self._mark_plugins_for_rewrite(hook)

-- Docs: https://docs.pytest.org/en/latest/warnings.html
======================== 14 passed, 1 warning in 16.92s ========================
============================= test session starts ==============================
platform linux -- Python 3.8.0, pytest-5.4.3, py-1.9.0, pluggy-0.13.1
rootdir: /dc-app-performance-toolkit/app
plugins: apiritif-0.9.3
collected 14 items

selenium_ui/jira_ui.py get driver from global
1597743694473,114,selenium_login:open_login_page,Success,True
1597743695181,707,selenium_login:login_and_view_dashboard,Success,True
1597743695181,822,selenium_login,Success,True
.test_0_selenium_a_login,Total:99 Passed:99 Failed:0
1597743695558,362,selenium_browse_projects_list,Success,True
.test_1_selenium_browse_projects_list,Total:100 Passed:100 Failed:0
1597743695931,370,selenium_browse_boards_list,Success,True
.test_1_selenium_browse_boards_list,Total:101 Passed:101 Failed:0
1597743696919,962,selenium_create_issue:open_quick_create,Success,True
1597743700099,685,selenium_create_issue:fill_and_submit_issue_form:submit_issue_form,Success,True
1597743700099,3180,selenium_create_issue:fill_and_submit_issue_form,Success,True
1597743700099,4143,selenium_create_issue,Success,True
.test_1_selenium_create_issue,Total:102 Passed:102 Failed:0
1597743700759,634,selenium_edit_issue:open_edit_issue_form,Success,True
1597743702218,699,selenium_edit_issue:save_edit_issue_form,Success,True
1597743702218,2094,selenium_edit_issue,Success,True
.test_1_selenium_edit_issue,Total:103 Passed:103 Failed:0
1597743702657,438,selenium_save_comment:open_comment_form,Success,True
1597743703841,969,selenium_save_comment:submit_form,Success,True
1597743703841,1621,selenium_save_comment,Success,True
.test_1_selenium_save_comment,Total:104 Passed:104 Failed:0
1597743705082,1239,selenium_search_jql,Success,True
.test_1_selenium_search_jql,Total:105 Passed:105 Failed:0
1597743705929,845,selenium_view_scrum_board_backlog,Success,True
.test_1_selenium_view_backlog_for_scrum_board,Total:106 Passed:106 Failed:0
1597743706747,817,selenium_view_scrum_board,Success,True
.test_1_selenium_view_scrum_board,Total:107 Passed:107 Failed:0
1597743707572,823,selenium_view_kanban_board,Success,True
.test_1_selenium_view_kanban_board,Total:108 Passed:108 Failed:0
1597743707916,342,selenium_view_dashboard,Success,True
.test_1_selenium_view_dashboard,Total:109 Passed:109 Failed:0
1597743708696,778,selenium_view_issue,Success,True
.test_1_selenium_view_issue,Total:110 Passed:110 Failed:0
1597743709289,591,selenium_project_summary,Success,True
.test_1_selenium_view_project_summary,Total:111 Passed:111 Failed:0
1597743709692,401,selenium_log_out,Success,True
.test_2_selenium_z_log_out,Total:112 Passed:112 Failed:0


=============================== warnings summary ===============================
/usr/local/lib/python3.8/dist-packages/_pytest/config/__init__.py:935
  /usr/local/lib/python3.8/dist-packages/_pytest/config/__init__.py:935: PytestAssertRewriteWarning: Module already imported so cannot be rewritten: apiritif
    self._mark_plugins_for_rewrite(hook)

-- Docs: https://docs.pytest.org/en/latest/warnings.html
======================== 14 passed, 1 warning in 15.34s ========================
============================= test session starts ==============================
platform linux -- Python 3.8.0, pytest-5.4.3, py-1.9.0, pluggy-0.13.1
rootdir: /dc-app-performance-toolkit/app
plugins: apiritif-0.9.3
collected 14 items

selenium_ui/jira_ui.py get driver from global
1597743709905,157,selenium_login:open_login_page,Success,True
1597743710687,781,selenium_login:login_and_view_dashboard,Success,True
1597743710687,939,selenium_login,Success,True
.test_0_selenium_a_login,Total:113 Passed:113 Failed:0
1597743711044,313,selenium_browse_projects_list,Success,True
.test_1_selenium_browse_projects_list,Total:114 Passed:114 Failed:0
1597743711408,363,selenium_browse_boards_list,Success,True
.test_1_selenium_browse_boards_list,Total:115 Passed:115 Failed:0
1597743712318,891,selenium_create_issue:open_quick_create,Success,True
1597743715393,690,selenium_create_issue:fill_and_submit_issue_form:submit_issue_form,Success,True
1597743715393,3075,selenium_create_issue:fill_and_submit_issue_form,Success,True
1597743715393,3967,selenium_create_issue,Success,True
.test_1_selenium_create_issue,Total:116 Passed:116 Failed:0
1597743715984,574,selenium_edit_issue:open_edit_issue_form,Success,True
1597743717511,769,selenium_edit_issue:save_edit_issue_form,Success,True
1597743717511,2101,selenium_edit_issue,Success,True
.test_1_selenium_edit_issue,Total:117 Passed:117 Failed:0
1597743717998,485,selenium_save_comment:open_comment_form,Success,True
1597743719160,1006,selenium_save_comment:submit_form,Success,True
1597743719160,1647,selenium_save_comment,Success,True
.test_1_selenium_save_comment,Total:118 Passed:118 Failed:0
1597743720446,1284,selenium_search_jql,Success,True
.test_1_selenium_search_jql,Total:119 Passed:119 Failed:0
1597743721319,871,selenium_view_scrum_board_backlog,Success,True
.test_1_selenium_view_backlog_for_scrum_board,Total:120 Passed:120 Failed:0
1597743722134,813,selenium_view_scrum_board,Success,True
.test_1_selenium_view_scrum_board,Total:121 Passed:121 Failed:0
1597743723272,1135,selenium_view_kanban_board,Success,True
.test_1_selenium_view_kanban_board,Total:122 Passed:122 Failed:0
1597743723616,343,selenium_view_dashboard,Success,True
.test_1_selenium_view_dashboard,Total:123 Passed:123 Failed:0
1597743724418,800,selenium_view_issue,Success,True
.test_1_selenium_view_issue,Total:124 Passed:124 Failed:0
1597743724877,457,selenium_project_summary,Success,True
.test_1_selenium_view_project_summary,Total:125 Passed:125 Failed:0
1597743725420,541,selenium_log_out,Success,True
.test_2_selenium_z_log_out,Total:126 Passed:126 Failed:0


=============================== warnings summary ===============================
/usr/local/lib/python3.8/dist-packages/_pytest/config/__init__.py:935
  /usr/local/lib/python3.8/dist-packages/_pytest/config/__init__.py:935: PytestAssertRewriteWarning: Module already imported so cannot be rewritten: apiritif
    self._mark_plugins_for_rewrite(hook)

-- Docs: https://docs.pytest.org/en/latest/warnings.html
======================== 14 passed, 1 warning in 15.69s ========================
============================= test session starts ==============================
platform linux -- Python 3.8.0, pytest-5.4.3, py-1.9.0, pluggy-0.13.1
rootdir: /dc-app-performance-toolkit/app
plugins: apiritif-0.9.3
collected 14 items

selenium_ui/jira_ui.py get driver from global
1597743725706,198,selenium_login:open_login_page,Success,True
1597743726566,859,selenium_login:login_and_view_dashboard,Success,True
1597743726566,1058,selenium_login,Success,True
.test_0_selenium_a_login,Total:127 Passed:127 Failed:0
1597743726913,330,selenium_browse_projects_list,Success,True
.test_1_selenium_browse_projects_list,Total:128 Passed:128 Failed:0
1597743727269,354,selenium_browse_boards_list,Success,True
.test_1_selenium_browse_boards_list,Total:129 Passed:129 Failed:0
1597743728186,904,selenium_create_issue:open_quick_create,Success,True
1597743731308,699,selenium_create_issue:fill_and_submit_issue_form:submit_issue_form,Success,True
1597743731308,3122,selenium_create_issue:fill_and_submit_issue_form,Success,True
1597743731308,4027,selenium_create_issue,Success,True
.test_1_selenium_create_issue,Total:130 Passed:130 Failed:0
1597743731917,590,selenium_edit_issue:open_edit_issue_form,Success,True
1597743733515,823,selenium_edit_issue:save_edit_issue_form,Success,True
1597743733515,2187,selenium_edit_issue,Success,True
.test_1_selenium_edit_issue,Total:131 Passed:131 Failed:0
1597743734041,524,selenium_save_comment:open_comment_form,Success,True
1597743735067,878,selenium_save_comment:submit_form,Success,True
1597743735067,1550,selenium_save_comment,Success,True
.test_1_selenium_save_comment,Total:132 Passed:132 Failed:0
1597743736296,1228,selenium_search_jql,Success,True
.test_1_selenium_search_jql,Total:133 Passed:133 Failed:0
1597743738030,1732,selenium_view_scrum_board_backlog,Success,True
.test_1_selenium_view_backlog_for_scrum_board,Total:134 Passed:134 Failed:0
1597743738874,843,selenium_view_scrum_board,Success,True
.test_1_selenium_view_scrum_board,Total:135 Passed:135 Failed:0
1597743740675,1799,selenium_view_kanban_board,Success,True
.test_1_selenium_view_kanban_board,Total:136 Passed:136 Failed:0
1597743740999,322,selenium_view_dashboard,Success,True
.test_1_selenium_view_dashboard,Total:137 Passed:137 Failed:0
1597743741729,728,selenium_view_issue,Success,True
.test_1_selenium_view_issue,Total:138 Passed:138 Failed:0
1597743742376,645,selenium_project_summary,Success,True
.test_1_selenium_view_project_summary,Total:139 Passed:139 Failed:0
1597743742806,428,selenium_log_out,Success,True
.test_2_selenium_z_log_out,Total:140 Passed:140 Failed:0


=============================== warnings summary ===============================
/usr/local/lib/python3.8/dist-packages/_pytest/config/__init__.py:935
  /usr/local/lib/python3.8/dist-packages/_pytest/config/__init__.py:935: PytestAssertRewriteWarning: Module already imported so cannot be rewritten: apiritif
    self._mark_plugins_for_rewrite(hook)

-- Docs: https://docs.pytest.org/en/latest/warnings.html
======================== 14 passed, 1 warning in 17.31s ========================
============================= test session starts ==============================
platform linux -- Python 3.8.0, pytest-5.4.3, py-1.9.0, pluggy-0.13.1
rootdir: /dc-app-performance-toolkit/app
plugins: apiritif-0.9.3
collected 14 items

selenium_ui/jira_ui.py get driver from global
1597743742981,122,selenium_login:open_login_page,Success,True
1597743743701,719,selenium_login:login_and_view_dashboard,Success,True
1597743743701,842,selenium_login,Success,True
.test_0_selenium_a_login,Total:141 Passed:141 Failed:0
1597743744052,336,selenium_browse_projects_list,Success,True
.test_1_selenium_browse_projects_list,Total:142 Passed:142 Failed:0
1597743744416,362,selenium_browse_boards_list,Success,True
.test_1_selenium_browse_boards_list,Total:143 Passed:143 Failed:0
1597743745384,937,selenium_create_issue:open_quick_create,Success,True
1597743748468,651,selenium_create_issue:fill_and_submit_issue_form:submit_issue_form,Success,True
1597743748468,3084,selenium_create_issue:fill_and_submit_issue_form,Success,True
1597743748468,4022,selenium_create_issue,Success,True
.test_1_selenium_create_issue,Total:144 Passed:144 Failed:0
1597743749099,613,selenium_edit_issue:open_edit_issue_form,Success,True
1597743750740,844,selenium_edit_issue:save_edit_issue_form,Success,True
1597743750740,2255,selenium_edit_issue,Success,True
.test_1_selenium_edit_issue,Total:145 Passed:145 Failed:0
1597743751131,389,selenium_save_comment:open_comment_form,Success,True
1597743752313,954,selenium_save_comment:submit_form,Success,True
1597743752313,1571,selenium_save_comment,Success,True
.test_1_selenium_save_comment,Total:146 Passed:146 Failed:0
1597743753571,1257,selenium_search_jql,Success,True
.test_1_selenium_search_jql,Total:147 Passed:147 Failed:0
1597743754456,882,selenium_view_scrum_board_backlog,Success,True
.test_1_selenium_view_backlog_for_scrum_board,Total:148 Passed:148 Failed:0
1597743755278,820,selenium_view_scrum_board,Success,True
.test_1_selenium_view_scrum_board,Total:149 Passed:149 Failed:0
1597743756331,1051,selenium_view_kanban_board,Success,True
.test_1_selenium_view_kanban_board,Total:150 Passed:150 Failed:0
1597743756644,312,selenium_view_dashboard,Success,True
.test_1_selenium_view_dashboard,Total:151 Passed:151 Failed:0
1597743757469,823,selenium_view_issue,Success,True
.test_1_selenium_view_issue,Total:152 Passed:152 Failed:0
1597743758024,553,selenium_project_summary,Success,True
.test_1_selenium_view_project_summary,Total:153 Passed:153 Failed:0
1597743758447,421,selenium_log_out,Success,True
.test_2_selenium_z_log_out,Total:154 Passed:154 Failed:0


=============================== warnings summary ===============================
/usr/local/lib/python3.8/dist-packages/_pytest/config/__init__.py:935
  /usr/local/lib/python3.8/dist-packages/_pytest/config/__init__.py:935: PytestAssertRewriteWarning: Module already imported so cannot be rewritten: apiritif
    self._mark_plugins_for_rewrite(hook)

-- Docs: https://docs.pytest.org/en/latest/warnings.html
======================== 14 passed, 1 warning in 15.60s ========================
============================= test session starts ==============================
platform linux -- Python 3.8.0, pytest-5.4.3, py-1.9.0, pluggy-0.13.1
rootdir: /dc-app-performance-toolkit/app
plugins: apiritif-0.9.3
collected 14 items

selenium_ui/jira_ui.py get driver from global
1597743758622,118,selenium_login:open_login_page,Success,True
1597743759379,756,selenium_login:login_and_view_dashboard,Success,True
1597743759379,875,selenium_login,Success,True
.test_0_selenium_a_login,Total:155 Passed:155 Failed:0
1597743759754,361,selenium_browse_projects_list,Success,True
.test_1_selenium_browse_projects_list,Total:156 Passed:156 Failed:0
1597743760298,541,selenium_browse_boards_list,Success,True
.test_1_selenium_browse_boards_list,Total:157 Passed:157 Failed:0
1597743761355,1008,selenium_create_issue:open_quick_create,Success,True
1597743764431,643,selenium_create_issue:fill_and_submit_issue_form:submit_issue_form,Success,True
1597743764431,3076,selenium_create_issue:fill_and_submit_issue_form,Success,True
1597743764431,4085,selenium_create_issue,Success,True
.test_1_selenium_create_issue,Total:158 Passed:158 Failed:0
1597743765020,571,selenium_edit_issue:open_edit_issue_form,Success,True
1597743766493,704,selenium_edit_issue:save_edit_issue_form,Success,True
1597743766493,2044,selenium_edit_issue,Success,True
.test_1_selenium_edit_issue,Total:159 Passed:159 Failed:0
1597743766937,441,selenium_save_comment:open_comment_form,Success,True
1597743768068,926,selenium_save_comment:submit_form,Success,True
1597743768068,1572,selenium_save_comment,Success,True
.test_1_selenium_save_comment,Total:160 Passed:160 Failed:0
1597743769316,1245,selenium_search_jql,Success,True
.test_1_selenium_search_jql,Total:161 Passed:161 Failed:0
1597743770844,1527,selenium_view_scrum_board_backlog,Success,True
.test_1_selenium_view_backlog_for_scrum_board,Total:162 Passed:162 Failed:0
1597743771665,819,selenium_view_scrum_board,Success,True
.test_1_selenium_view_scrum_board,Total:163 Passed:163 Failed:0
1597743772478,811,selenium_view_kanban_board,Success,True
.test_1_selenium_view_kanban_board,Total:164 Passed:164 Failed:0
1597743772941,460,selenium_view_dashboard,Success,True
.test_1_selenium_view_dashboard,Total:165 Passed:165 Failed:0
1597743773673,731,selenium_view_issue,Success,True
.test_1_selenium_view_issue,Total:166 Passed:166 Failed:0
1597743774300,624,selenium_project_summary,Success,True
.test_1_selenium_view_project_summary,Total:167 Passed:167 Failed:0
1597743774677,374,selenium_log_out,Success,True
.test_2_selenium_z_log_out,Total:168 Passed:168 Failed:0


=============================== warnings summary ===============================
/usr/local/lib/python3.8/dist-packages/_pytest/config/__init__.py:935
  /usr/local/lib/python3.8/dist-packages/_pytest/config/__init__.py:935: PytestAssertRewriteWarning: Module already imported so cannot be rewritten: apiritif
    self._mark_plugins_for_rewrite(hook)

-- Docs: https://docs.pytest.org/en/latest/warnings.html
======================== 14 passed, 1 warning in 16.18s ========================
============================= test session starts ==============================
platform linux -- Python 3.8.0, pytest-5.4.3, py-1.9.0, pluggy-0.13.1
rootdir: /dc-app-performance-toolkit/app
plugins: apiritif-0.9.3
collected 14 items

selenium_ui/jira_ui.py get driver from global
1597743774898,163,selenium_login:open_login_page,Success,True
1597743775669,770,selenium_login:login_and_view_dashboard,Success,True
1597743775669,934,selenium_login,Success,True
.test_0_selenium_a_login,Total:169 Passed:169 Failed:0
1597743776030,326,selenium_browse_projects_list,Success,True
.test_1_selenium_browse_projects_list,Total:170 Passed:170 Failed:0
1597743776366,333,selenium_browse_boards_list,Success,True
.test_1_selenium_browse_boards_list,Total:171 Passed:171 Failed:0
1597743777263,881,selenium_create_issue:open_quick_create,Success,True
1597743780307,685,selenium_create_issue:fill_and_submit_issue_form:submit_issue_form,Success,True
1597743780307,3044,selenium_create_issue:fill_and_submit_issue_form,Success,True
1597743780307,3926,selenium_create_issue,Success,True
.test_1_selenium_create_issue,Total:172 Passed:172 Failed:0
1597743780923,593,selenium_edit_issue:open_edit_issue_form,Success,True
1597743782466,747,selenium_edit_issue:save_edit_issue_form,Success,True
1597743782466,2136,selenium_edit_issue,Success,True
.test_1_selenium_edit_issue,Total:173 Passed:173 Failed:0
1597743782850,381,selenium_save_comment:open_comment_form,Success,True
1597743784055,984,selenium_save_comment:submit_form,Success,True
1597743784056,1587,selenium_save_comment,Success,True
.test_1_selenium_save_comment,Total:174 Passed:174 Failed:0
1597743785334,1276,selenium_search_jql,Success,True
.test_1_selenium_search_jql,Total:175 Passed:175 Failed:0
1597743787106,1770,selenium_view_scrum_board_backlog,Success,True
.test_1_selenium_view_backlog_for_scrum_board,Total:176 Passed:176 Failed:0
1597743787934,826,selenium_view_scrum_board,Success,True
.test_1_selenium_view_scrum_board,Total:177 Passed:177 Failed:0
1597743788897,960,selenium_view_kanban_board,Success,True
.test_1_selenium_view_kanban_board,Total:178 Passed:178 Failed:0
1597743789252,353,selenium_view_dashboard,Success,True
.test_1_selenium_view_dashboard,Total:179 Passed:179 Failed:0
1597743790039,784,selenium_view_issue,Success,True
.test_1_selenium_view_issue,Total:180 Passed:180 Failed:0
1597743790635,594,selenium_project_summary,Success,True
.test_1_selenium_view_project_summary,Total:181 Passed:181 Failed:0
1597743791051,414,selenium_log_out,Success,True
.test_2_selenium_z_log_out,Total:182 Passed:182 Failed:0


=============================== warnings summary ===============================
/usr/local/lib/python3.8/dist-packages/_pytest/config/__init__.py:935
  /usr/local/lib/python3.8/dist-packages/_pytest/config/__init__.py:935: PytestAssertRewriteWarning: Module already imported so cannot be rewritten: apiritif
    self._mark_plugins_for_rewrite(hook)

-- Docs: https://docs.pytest.org/en/latest/warnings.html
======================== 14 passed, 1 warning in 16.33s ========================
============================= test session starts ==============================
platform linux -- Python 3.8.0, pytest-5.4.3, py-1.9.0, pluggy-0.13.1
rootdir: /dc-app-performance-toolkit/app
plugins: apiritif-0.9.3
collected 14 items

selenium_ui/jira_ui.py get driver from global
1597743791229,123,selenium_login:open_login_page,Success,True
1597743791998,769,selenium_login:login_and_view_dashboard,Success,True
1597743791998,893,selenium_login,Success,True
.test_0_selenium_a_login,Total:183 Passed:183 Failed:0
1597743792339,326,selenium_browse_projects_list,Success,True
.test_1_selenium_browse_projects_list,Total:184 Passed:184 Failed:0
1597743792687,346,selenium_browse_boards_list,Success,True
.test_1_selenium_browse_boards_list,Total:185 Passed:185 Failed:0
1597743793584,884,selenium_create_issue:open_quick_create,Success,True
1597743796612,638,selenium_create_issue:fill_and_submit_issue_form:submit_issue_form,Success,True
1597743796612,3027,selenium_create_issue:fill_and_submit_issue_form,Success,True
1597743796612,3912,selenium_create_issue,Success,True
.test_1_selenium_create_issue,Total:186 Passed:186 Failed:0
1597743797228,592,selenium_edit_issue:open_edit_issue_form,Success,True
1597743798665,640,selenium_edit_issue:save_edit_issue_form,Success,True
1597743798665,2029,selenium_edit_issue,Success,True
.test_1_selenium_edit_issue,Total:187 Passed:187 Failed:0
1597743799069,402,selenium_save_comment:open_comment_form,Success,True
1597743800271,984,selenium_save_comment:submit_form,Success,True
1597743800272,1605,selenium_save_comment,Success,True
.test_1_selenium_save_comment,Total:188 Passed:188 Failed:0
1597743801675,1401,selenium_search_jql,Success,True
.test_1_selenium_search_jql,Total:189 Passed:189 Failed:0
1597743803220,1544,selenium_view_scrum_board_backlog,Success,True
.test_1_selenium_view_backlog_for_scrum_board,Total:190 Passed:190 Failed:0
1597743804067,845,selenium_view_scrum_board,Success,True
.test_1_selenium_view_scrum_board,Total:191 Passed:191 Failed:0
1597743805121,1052,selenium_view_kanban_board,Success,True
.test_1_selenium_view_kanban_board,Total:192 Passed:192 Failed:0
1597743805527,404,selenium_view_dashboard,Success,True
.test_1_selenium_view_dashboard,Total:193 Passed:193 Failed:0
1597743806368,839,selenium_view_issue,Success,True
.test_1_selenium_view_issue,Total:194 Passed:194 Failed:0
1597743806913,542,selenium_project_summary,Success,True
.test_1_selenium_view_project_summary,Total:195 Passed:195 Failed:0
1597743807397,482,selenium_log_out,Success,True
.test_2_selenium_z_log_out,Total:196 Passed:196 Failed:0


=============================== warnings summary ===============================
/usr/local/lib/python3.8/dist-packages/_pytest/config/__init__.py:935
  /usr/local/lib/python3.8/dist-packages/_pytest/config/__init__.py:935: PytestAssertRewriteWarning: Module already imported so cannot be rewritten: apiritif
    self._mark_plugins_for_rewrite(hook)

-- Docs: https://docs.pytest.org/en/latest/warnings.html
======================== 14 passed, 1 warning in 16.30s ========================
============================= test session starts ==============================
platform linux -- Python 3.8.0, pytest-5.4.3, py-1.9.0, pluggy-0.13.1
rootdir: /dc-app-performance-toolkit/app
plugins: apiritif-0.9.3
collected 14 items

selenium_ui/jira_ui.py get driver from global
1597743807569,116,selenium_login:open_login_page,Success,True
1597743808177,608,selenium_login:login_and_view_dashboard,Success,True
1597743808177,724,selenium_login,Success,True
.test_0_selenium_a_login,Total:197 Passed:197 Failed:0
1597743808523,331,selenium_browse_projects_list,Success,True
.test_1_selenium_browse_projects_list,Total:198 Passed:198 Failed:0
1597743808866,341,selenium_browse_boards_list,Success,True
.test_1_selenium_browse_boards_list,Total:199 Passed:199 Failed:0
1597743809669,767,selenium_create_issue:open_quick_create,Success,True
1597743814033,697,selenium_create_issue:fill_and_submit_issue_form:submit_issue_form,Success,True
1597743814033,4363,selenium_create_issue:fill_and_submit_issue_form,Success,True
1597743814033,5131,selenium_create_issue,Success,True
.test_1_selenium_create_issue,Total:200 Passed:200 Failed:0
1597743814716,665,selenium_edit_issue:open_edit_issue_form,Success,True
1597743816305,820,selenium_edit_issue:save_edit_issue_form,Success,True
1597743816305,2255,selenium_edit_issue,Success,True
.test_1_selenium_edit_issue,Total:201 Passed:201 Failed:0
1597743816684,376,selenium_save_comment:open_comment_form,Success,True
1597743817731,843,selenium_save_comment:submit_form,Success,True
1597743817731,1424,selenium_save_comment,Success,True
.test_1_selenium_save_comment,Total:202 Passed:202 Failed:0
1597743819041,1308,selenium_search_jql,Success,True
.test_1_selenium_search_jql,Total:203 Passed:203 Failed:0
1597743819892,849,selenium_view_scrum_board_backlog,Success,True
.test_1_selenium_view_backlog_for_scrum_board,Total:204 Passed:204 Failed:0
1597743820718,824,selenium_view_scrum_board,Success,True
.test_1_selenium_view_scrum_board,Total:205 Passed:205 Failed:0
1597743822199,1479,selenium_view_kanban_board,Success,True
.test_1_selenium_view_kanban_board,Total:206 Passed:206 Failed:0
1597743822810,609,selenium_view_dashboard,Success,True
.test_1_selenium_view_dashboard,Total:207 Passed:207 Failed:0
1597743823518,706,selenium_view_issue,Success,True
.test_1_selenium_view_issue,Total:208 Passed:208 Failed:0
1597743824039,519,selenium_project_summary,Success,True
.test_1_selenium_view_project_summary,Total:209 Passed:209 Failed:0
1597743824423,382,selenium_log_out,Success,True
.test_2_selenium_z_log_out,Total:210 Passed:210 Failed:0


=============================== warnings summary ===============================
/usr/local/lib/python3.8/dist-packages/_pytest/config/__init__.py:935
  /usr/local/lib/python3.8/dist-packages/_pytest/config/__init__.py:935: PytestAssertRewriteWarning: Module already imported so cannot be rewritten: apiritif
    self._mark_plugins_for_rewrite(hook)

-- Docs: https://docs.pytest.org/en/latest/warnings.html
======================== 14 passed, 1 warning in 16.98s ========================
============================= test session starts ==============================
platform linux -- Python 3.8.0, pytest-5.4.3, py-1.9.0, pluggy-0.13.1
rootdir: /dc-app-performance-toolkit/app
plugins: apiritif-0.9.3
collected 14 items

selenium_ui/jira_ui.py get driver from global
1597743824599,120,selenium_login:open_login_page,Success,True
1597743825245,645,selenium_login:login_and_view_dashboard,Success,True
1597743825245,766,selenium_login,Success,True
.test_0_selenium_a_login,Total:211 Passed:211 Failed:0
1597743825625,357,selenium_browse_projects_list,Success,True
.test_1_selenium_browse_projects_list,Total:212 Passed:212 Failed:0
1597743825951,324,selenium_browse_boards_list,Success,True
.test_1_selenium_browse_boards_list,Total:213 Passed:213 Failed:0
1597743826916,941,selenium_create_issue:open_quick_create,Success,True
1597743829931,638,selenium_create_issue:fill_and_submit_issue_form:submit_issue_form,Success,True
1597743829931,3014,selenium_create_issue:fill_and_submit_issue_form,Success,True
1597743829931,3956,selenium_create_issue,Success,True
.test_1_selenium_create_issue,Total:214 Passed:214 Failed:0
1597743830756,797,selenium_edit_issue:open_edit_issue_form,Success,True
1597743832162,867,selenium_edit_issue:save_edit_issue_form,Success,True
1597743832162,2203,selenium_edit_issue,Success,True
.test_1_selenium_edit_issue,Total:215 Passed:215 Failed:0
1597743832617,453,selenium_save_comment:open_comment_form,Success,True
1597743833670,892,selenium_save_comment:submit_form,Success,True
1597743833670,1506,selenium_save_comment,Success,True
.test_1_selenium_save_comment,Total:216 Passed:216 Failed:0
1597743834978,1306,selenium_search_jql,Success,True
.test_1_selenium_search_jql,Total:217 Passed:217 Failed:0
1597743836538,1558,selenium_view_scrum_board_backlog,Success,True
.test_1_selenium_view_backlog_for_scrum_board,Total:218 Passed:218 Failed:0
1597743837362,822,selenium_view_scrum_board,Success,True
.test_1_selenium_view_scrum_board,Total:219 Passed:219 Failed:0
1597743838323,959,selenium_view_kanban_board,Success,True
.test_1_selenium_view_kanban_board,Total:220 Passed:220 Failed:0
1597743838621,296,selenium_view_dashboard,Success,True
.test_1_selenium_view_dashboard,Total:221 Passed:221 Failed:0
1597743839433,810,selenium_view_issue,Success,True
.test_1_selenium_view_issue,Total:222 Passed:222 Failed:0
1597743840038,603,selenium_project_summary,Success,True
.test_1_selenium_view_project_summary,Total:223 Passed:223 Failed:0
1597743840455,415,selenium_log_out,Success,True
.test_2_selenium_z_log_out,Total:224 Passed:224 Failed:0


=============================== warnings summary ===============================
/usr/local/lib/python3.8/dist-packages/_pytest/config/__init__.py:935
  /usr/local/lib/python3.8/dist-packages/_pytest/config/__init__.py:935: PytestAssertRewriteWarning: Module already imported so cannot be rewritten: apiritif
    self._mark_plugins_for_rewrite(hook)

-- Docs: https://docs.pytest.org/en/latest/warnings.html
======================== 14 passed, 1 warning in 15.99s ========================
============================= test session starts ==============================
platform linux -- Python 3.8.0, pytest-5.4.3, py-1.9.0, pluggy-0.13.1
rootdir: /dc-app-performance-toolkit/app
plugins: apiritif-0.9.3
collected 14 items

selenium_ui/jira_ui.py get driver from global
1597743840654,111,selenium_login:open_login_page,Success,True
1597743841412,757,selenium_login:login_and_view_dashboard,Success,True
1597743841412,869,selenium_login,Success,True
.test_0_selenium_a_login,Total:225 Passed:225 Failed:0
1597743841788,332,selenium_browse_projects_list,Success,True
.test_1_selenium_browse_projects_list,Total:226 Passed:226 Failed:0
1597743842147,357,selenium_browse_boards_list,Success,True
.test_1_selenium_browse_boards_list,Total:227 Passed:227 Failed:0
1597743843065,906,selenium_create_issue:open_quick_create,Success,True
1597743846097,651,selenium_create_issue:fill_and_submit_issue_form:submit_issue_form,Success,True
1597743846097,3032,selenium_create_issue:fill_and_submit_issue_form,Success,True
1597743846097,3938,selenium_create_issue,Success,True
.test_1_selenium_create_issue,Total:228 Passed:228 Failed:0
1597743846700,581,selenium_edit_issue:open_edit_issue_form,Success,True
1597743848360,817,selenium_edit_issue:save_edit_issue_form,Success,True
1597743848360,2241,selenium_edit_issue,Success,True
.test_1_selenium_edit_issue,Total:229 Passed:229 Failed:0
1597743848770,407,selenium_save_comment:open_comment_form,Success,True
1597743849991,1014,selenium_save_comment:submit_form,Success,True
1597743849992,1629,selenium_save_comment,Success,True
.test_1_selenium_save_comment,Total:230 Passed:230 Failed:0
1597743851305,1311,selenium_search_jql,Success,True
.test_1_selenium_search_jql,Total:231 Passed:231 Failed:0
1597743852844,1537,selenium_view_scrum_board_backlog,Success,True
.test_1_selenium_view_backlog_for_scrum_board,Total:232 Passed:232 Failed:0
1597743853696,851,selenium_view_scrum_board,Success,True
.test_1_selenium_view_scrum_board,Total:233 Passed:233 Failed:0
1597743854811,1113,selenium_view_kanban_board,Success,True
.test_1_selenium_view_kanban_board,Total:234 Passed:234 Failed:0
1597743855085,272,selenium_view_dashboard,Success,True
.test_1_selenium_view_dashboard,Total:235 Passed:235 Failed:0
1597743855953,866,selenium_view_issue,Success,True
.test_1_selenium_view_issue,Total:236 Passed:236 Failed:0
1597743856560,605,selenium_project_summary,Success,True
.test_1_selenium_view_project_summary,Total:237 Passed:237 Failed:0
1597743856949,387,selenium_log_out,Success,True
.test_2_selenium_z_log_out,Total:238 Passed:238 Failed:0


=============================== warnings summary ===============================
/usr/local/lib/python3.8/dist-packages/_pytest/config/__init__.py:935
  /usr/local/lib/python3.8/dist-packages/_pytest/config/__init__.py:935: PytestAssertRewriteWarning: Module already imported so cannot be rewritten: apiritif
    self._mark_plugins_for_rewrite(hook)

-- Docs: https://docs.pytest.org/en/latest/warnings.html
======================== 14 passed, 1 warning in 16.42s ========================
============================= test session starts ==============================
platform linux -- Python 3.8.0, pytest-5.4.3, py-1.9.0, pluggy-0.13.1
rootdir: /dc-app-performance-toolkit/app
plugins: apiritif-0.9.3
collected 14 items

selenium_ui/jira_ui.py get driver from global
1597743857131,127,selenium_login:open_login_page,Success,True
1597743857854,723,selenium_login:login_and_view_dashboard,Success,True
1597743857854,850,selenium_login,Success,True
.test_0_selenium_a_login,Total:239 Passed:239 Failed:0
1597743858208,314,selenium_browse_projects_list,Success,True
.test_1_selenium_browse_projects_list,Total:240 Passed:240 Failed:0
1597743858545,336,selenium_browse_boards_list,Success,True
.test_1_selenium_browse_boards_list,Total:241 Passed:241 Failed:0
1597743859474,898,selenium_create_issue:open_quick_create,Success,True
1597743862588,643,selenium_create_issue:fill_and_submit_issue_form:submit_issue_form,Success,True
1597743862588,3114,selenium_create_issue:fill_and_submit_issue_form,Success,True
1597743862588,4013,selenium_create_issue,Success,True
.test_1_selenium_create_issue,Total:242 Passed:242 Failed:0
1597743863320,709,selenium_edit_issue:open_edit_issue_form,Success,True
1597743864841,836,selenium_edit_issue:save_edit_issue_form,Success,True
1597743864841,2230,selenium_edit_issue,Success,True
.test_1_selenium_edit_issue,Total:243 Passed:243 Failed:0
1597743865259,416,selenium_save_comment:open_comment_form,Success,True
1597743866400,933,selenium_save_comment:submit_form,Success,True
1597743866400,1558,selenium_save_comment,Success,True
.test_1_selenium_save_comment,Total:244 Passed:244 Failed:0
1597743867680,1278,selenium_search_jql,Success,True
.test_1_selenium_search_jql,Total:245 Passed:245 Failed:0
1597743868587,905,selenium_view_scrum_board_backlog,Success,True
.test_1_selenium_view_backlog_for_scrum_board,Total:246 Passed:246 Failed:0
1597743869417,827,selenium_view_scrum_board,Success,True
.test_1_selenium_view_scrum_board,Total:247 Passed:247 Failed:0
1597743870510,1092,selenium_view_kanban_board,Success,True
.test_1_selenium_view_kanban_board,Total:248 Passed:248 Failed:0
1597743871011,498,selenium_view_dashboard,Success,True
.test_1_selenium_view_dashboard,Total:249 Passed:249 Failed:0
1597743871848,835,selenium_view_issue,Success,True
.test_1_selenium_view_issue,Total:250 Passed:250 Failed:0
1597743872419,569,selenium_project_summary,Success,True
.test_1_selenium_view_project_summary,Total:251 Passed:251 Failed:0
1597743872822,400,selenium_log_out,Success,True
.test_2_selenium_z_log_out,Total:252 Passed:252 Failed:0


=============================== warnings summary ===============================
/usr/local/lib/python3.8/dist-packages/_pytest/config/__init__.py:935
  /usr/local/lib/python3.8/dist-packages/_pytest/config/__init__.py:935: PytestAssertRewriteWarning: Module already imported so cannot be rewritten: apiritif
    self._mark_plugins_for_rewrite(hook)

-- Docs: https://docs.pytest.org/en/latest/warnings.html
======================== 14 passed, 1 warning in 15.83s ========================
============================= test session starts ==============================
platform linux -- Python 3.8.0, pytest-5.4.3, py-1.9.0, pluggy-0.13.1
rootdir: /dc-app-performance-toolkit/app
plugins: apiritif-0.9.3
collected 14 items

selenium_ui/jira_ui.py get driver from global
1597743872990,113,selenium_login:open_login_page,Success,True
1597743873616,625,selenium_login:login_and_view_dashboard,Success,True
1597743873616,739,selenium_login,Success,True
.test_0_selenium_a_login,Total:253 Passed:253 Failed:0
1597743874015,379,selenium_browse_projects_list,Success,True
.test_1_selenium_browse_projects_list,Total:254 Passed:254 Failed:0
1597743874352,335,selenium_browse_boards_list,Success,True
.test_1_selenium_browse_boards_list,Total:255 Passed:255 Failed:0
1597743875237,865,selenium_create_issue:open_quick_create,Success,True
1597743878341,636,selenium_create_issue:fill_and_submit_issue_form:submit_issue_form,Success,True
1597743878341,3103,selenium_create_issue:fill_and_submit_issue_form,Success,True
1597743878341,3969,selenium_create_issue,Success,True
.test_1_selenium_create_issue,Total:256 Passed:256 Failed:0
1597743879070,709,selenium_edit_issue:open_edit_issue_form,Success,True
1597743880317,636,selenium_edit_issue:save_edit_issue_form,Success,True
1597743880317,1957,selenium_edit_issue,Success,True
.test_1_selenium_edit_issue,Total:257 Passed:257 Failed:0
1597743880847,528,selenium_save_comment:open_comment_form,Success,True
1597743882031,1031,selenium_save_comment:submit_form,Success,True
1597743882031,1712,selenium_save_comment,Success,True
.test_1_selenium_save_comment,Total:258 Passed:258 Failed:0
1597743883268,1235,selenium_search_jql,Success,True
.test_1_selenium_search_jql,Total:259 Passed:259 Failed:0
1597743884808,1538,selenium_view_scrum_board_backlog,Success,True
.test_1_selenium_view_backlog_for_scrum_board,Total:260 Passed:260 Failed:0
1597743885668,859,selenium_view_scrum_board,Success,True
.test_1_selenium_view_scrum_board,Total:261 Passed:261 Failed:0
1597743886623,952,selenium_view_kanban_board,Success,True
.test_1_selenium_view_kanban_board,Total:262 Passed:262 Failed:0
1597743887158,533,selenium_view_dashboard,Success,True
.test_1_selenium_view_dashboard,Total:263 Passed:263 Failed:0
1597743887984,824,selenium_view_issue,Success,True
.test_1_selenium_view_issue,Total:264 Passed:264 Failed:0
1597743888502,515,selenium_project_summary,Success,True
.test_1_selenium_view_project_summary,Total:265 Passed:265 Failed:0
1597743888936,433,selenium_log_out,Success,True
.test_2_selenium_z_log_out,Total:266 Passed:266 Failed:0


=============================== warnings summary ===============================
/usr/local/lib/python3.8/dist-packages/_pytest/config/__init__.py:935
  /usr/local/lib/python3.8/dist-packages/_pytest/config/__init__.py:935: PytestAssertRewriteWarning: Module already imported so cannot be rewritten: apiritif
    self._mark_plugins_for_rewrite(hook)

-- Docs: https://docs.pytest.org/en/latest/warnings.html
======================== 14 passed, 1 warning in 16.07s ========================
============================= test session starts ==============================
platform linux -- Python 3.8.0, pytest-5.4.3, py-1.9.0, pluggy-0.13.1
rootdir: /dc-app-performance-toolkit/app
plugins: apiritif-0.9.3
collected 14 items

selenium_ui/jira_ui.py get driver from global
1597743889132,140,selenium_login:open_login_page,Success,True
1597743889902,768,selenium_login:login_and_view_dashboard,Success,True
1597743889902,909,selenium_login,Success,True
.test_0_selenium_a_login,Total:267 Passed:267 Failed:0
1597743890243,315,selenium_browse_projects_list,Success,True
.test_1_selenium_browse_projects_list,Total:268 Passed:268 Failed:0
1597743890606,360,selenium_browse_boards_list,Success,True
.test_1_selenium_browse_boards_list,Total:269 Passed:269 Failed:0
1597743891533,910,selenium_create_issue:open_quick_create,Success,True
1597743894419,647,selenium_create_issue:fill_and_submit_issue_form:submit_issue_form,Success,True
1597743894419,2885,selenium_create_issue:fill_and_submit_issue_form,Success,True
1597743894419,3796,selenium_create_issue,Success,True
.test_1_selenium_create_issue,Total:270 Passed:270 Failed:0
1597743895039,600,selenium_edit_issue:open_edit_issue_form,Success,True
1597743896496,675,selenium_edit_issue:save_edit_issue_form,Success,True
1597743896496,2057,selenium_edit_issue,Success,True
.test_1_selenium_edit_issue,Total:271 Passed:271 Failed:0
1597743896904,406,selenium_save_comment:open_comment_form,Success,True
1597743898063,940,selenium_save_comment:submit_form,Success,True
1597743898063,1565,selenium_save_comment,Success,True
.test_1_selenium_save_comment,Total:272 Passed:272 Failed:0
1597743899362,1297,selenium_search_jql,Success,True
.test_1_selenium_search_jql,Total:273 Passed:273 Failed:0
1597743900260,896,selenium_view_scrum_board_backlog,Success,True
.test_1_selenium_view_backlog_for_scrum_board,Total:274 Passed:274 Failed:0
1597743901102,840,selenium_view_scrum_board,Success,True
.test_1_selenium_view_scrum_board,Total:275 Passed:275 Failed:0
1597743902122,1019,selenium_view_kanban_board,Success,True
.test_1_selenium_view_kanban_board,Total:276 Passed:276 Failed:0
1597743902595,470,selenium_view_dashboard,Success,True
.test_1_selenium_view_dashboard,Total:277 Passed:277 Failed:0
1597743903445,847,selenium_view_issue,Success,True
.test_1_selenium_view_issue,Total:278 Passed:278 Failed:0
1597743904032,586,selenium_project_summary,Success,True
.test_1_selenium_view_project_summary,Total:279 Passed:279 Failed:0
1597743904429,395,selenium_log_out,Success,True
.test_2_selenium_z_log_out,Total:280 Passed:280 Failed:0


=============================== warnings summary ===============================
/usr/local/lib/python3.8/dist-packages/_pytest/config/__init__.py:935
  /usr/local/lib/python3.8/dist-packages/_pytest/config/__init__.py:935: PytestAssertRewriteWarning: Module already imported so cannot be rewritten: apiritif
    self._mark_plugins_for_rewrite(hook)

-- Docs: https://docs.pytest.org/en/latest/warnings.html
======================== 14 passed, 1 warning in 15.45s ========================
============================= test session starts ==============================
platform linux -- Python 3.8.0, pytest-5.4.3, py-1.9.0, pluggy-0.13.1
rootdir: /dc-app-performance-toolkit/app
plugins: apiritif-0.9.3
collected 14 items

selenium_ui/jira_ui.py get driver from global
1597743904599,113,selenium_login:open_login_page,Success,True
1597743905218,619,selenium_login:login_and_view_dashboard,Success,True
1597743905218,732,selenium_login,Success,True
.test_0_selenium_a_login,Total:281 Passed:281 Failed:0
1597743905596,355,selenium_browse_projects_list,Success,True
.test_1_selenium_browse_projects_list,Total:282 Passed:282 Failed:0
1597743905953,355,selenium_browse_boards_list,Success,True
.test_1_selenium_browse_boards_list,Total:283 Passed:283 Failed:0
1597743906768,794,selenium_create_issue:open_quick_create,Success,True
1597743909533,745,selenium_create_issue:fill_and_submit_issue_form:submit_issue_form,Success,True
1597743909533,2765,selenium_create_issue:fill_and_submit_issue_form,Success,True
1597743909533,3559,selenium_create_issue,Success,True
.test_1_selenium_create_issue,Total:284 Passed:284 Failed:0
1597743910121,570,selenium_edit_issue:open_edit_issue_form,Success,True
1597743911636,745,selenium_edit_issue:save_edit_issue_form,Success,True
1597743911636,2085,selenium_edit_issue,Success,True
.test_1_selenium_edit_issue,Total:285 Passed:285 Failed:0
1597743912075,437,selenium_save_comment:open_comment_form,Success,True
1597743913240,951,selenium_save_comment:submit_form,Success,True
1597743913240,1602,selenium_save_comment,Success,True
.test_1_selenium_save_comment,Total:286 Passed:286 Failed:0
1597743914462,1220,selenium_search_jql,Success,True
.test_1_selenium_search_jql,Total:287 Passed:287 Failed:0
1597743915300,836,selenium_view_scrum_board_backlog,Success,True
.test_1_selenium_view_backlog_for_scrum_board,Total:288 Passed:288 Failed:0
1597743916128,826,selenium_view_scrum_board,Success,True
.test_1_selenium_view_scrum_board,Total:289 Passed:289 Failed:0
1597743917572,1442,selenium_view_kanban_board,Success,True
.test_1_selenium_view_kanban_board,Total:290 Passed:290 Failed:0
1597743917924,350,selenium_view_dashboard,Success,True
.test_1_selenium_view_dashboard,Total:291 Passed:291 Failed:0
1597743918739,813,selenium_view_issue,Success,True
.test_1_selenium_view_issue,Total:292 Passed:292 Failed:0
1597743919452,711,selenium_project_summary,Success,True
.test_1_selenium_view_project_summary,Total:293 Passed:293 Failed:0
1597743919812,358,selenium_log_out,Success,True
.test_2_selenium_z_log_out,Total:294 Passed:294 Failed:0


=============================== warnings summary ===============================
/usr/local/lib/python3.8/dist-packages/_pytest/config/__init__.py:935
  /usr/local/lib/python3.8/dist-packages/_pytest/config/__init__.py:935: PytestAssertRewriteWarning: Module already imported so cannot be rewritten: apiritif
    self._mark_plugins_for_rewrite(hook)

-- Docs: https://docs.pytest.org/en/latest/warnings.html
======================== 14 passed, 1 warning in 15.34s ========================
============================= test session starts ==============================
platform linux -- Python 3.8.0, pytest-5.4.3, py-1.9.0, pluggy-0.13.1
rootdir: /dc-app-performance-toolkit/app
plugins: apiritif-0.9.3
collected 14 items

selenium_ui/jira_ui.py get driver from global
1597743919986,117,selenium_login:open_login_page,Success,True
1597743920735,749,selenium_login:login_and_view_dashboard,Success,True
1597743920735,866,selenium_login,Success,True
.test_0_selenium_a_login,Total:295 Passed:295 Failed:0
1597743921094,323,selenium_browse_projects_list,Success,True
.test_1_selenium_browse_projects_list,Total:296 Passed:296 Failed:0
1597743921471,375,selenium_browse_boards_list,Success,True
.test_1_selenium_browse_boards_list,Total:297 Passed:297 Failed:0
1597743922431,930,selenium_create_issue:open_quick_create,Success,True
1597743925343,641,selenium_create_issue:fill_and_submit_issue_form:submit_issue_form,Success,True
1597743925343,2912,selenium_create_issue:fill_and_submit_issue_form,Success,True
1597743925343,3843,selenium_create_issue,Success,True
.test_1_selenium_create_issue,Total:298 Passed:298 Failed:0
1597743926053,689,selenium_edit_issue:open_edit_issue_form,Success,True
1597743927415,735,selenium_edit_issue:save_edit_issue_form,Success,True
1597743927415,2052,selenium_edit_issue,Success,True
.test_1_selenium_edit_issue,Total:299 Passed:299 Failed:0
1597743927851,433,selenium_save_comment:open_comment_form,Success,True
1597743929119,1051,selenium_save_comment:submit_form,Success,True
1597743929119,1702,selenium_save_comment,Success,True
.test_1_selenium_save_comment,Total:300 Passed:300 Failed:0
1597743930359,1238,selenium_search_jql,Success,True
.test_1_selenium_search_jql,Total:301 Passed:301 Failed:0
1597743931202,841,selenium_view_scrum_board_backlog,Success,True
.test_1_selenium_view_backlog_for_scrum_board,Total:302 Passed:302 Failed:0
1597743932047,842,selenium_view_scrum_board,Success,True
.test_1_selenium_view_scrum_board,Total:303 Passed:303 Failed:0
1597743933037,989,selenium_view_kanban_board,Success,True
.test_1_selenium_view_kanban_board,Total:304 Passed:304 Failed:0
1597743933672,632,selenium_view_dashboard,Success,True
.test_1_selenium_view_dashboard,Total:305 Passed:305 Failed:0
1597743934475,800,selenium_view_issue,Success,True
.test_1_selenium_view_issue,Total:306 Passed:306 Failed:0
1597743935017,541,selenium_project_summary,Success,True
.test_1_selenium_view_project_summary,Total:307 Passed:307 Failed:0
1597743935483,464,selenium_log_out,Success,True
.test_2_selenium_z_log_out,Total:308 Passed:308 Failed:0


=============================== warnings summary ===============================
/usr/local/lib/python3.8/dist-packages/_pytest/config/__init__.py:935
  /usr/local/lib/python3.8/dist-packages/_pytest/config/__init__.py:935: PytestAssertRewriteWarning: Module already imported so cannot be rewritten: apiritif
    self._mark_plugins_for_rewrite(hook)

-- Docs: https://docs.pytest.org/en/latest/warnings.html
======================== 14 passed, 1 warning in 15.63s ========================
============================= test session starts ==============================
platform linux -- Python 3.8.0, pytest-5.4.3, py-1.9.0, pluggy-0.13.1
rootdir: /dc-app-performance-toolkit/app
plugins: apiritif-0.9.3
collected 14 items

selenium_ui/jira_ui.py get driver from global
1597743935692,153,selenium_login:open_login_page,Success,True
1597743936484,791,selenium_login:login_and_view_dashboard,Success,True
1597743936484,945,selenium_login,Success,True
.test_0_selenium_a_login,Total:309 Passed:309 Failed:0
1597743936814,314,selenium_browse_projects_list,Success,True
.test_1_selenium_browse_projects_list,Total:310 Passed:310 Failed:0
1597743937142,326,selenium_browse_boards_list,Success,True
.test_1_selenium_browse_boards_list,Total:311 Passed:311 Failed:0
1597743938039,863,selenium_create_issue:open_quick_create,Success,True
1597743941092,636,selenium_create_issue:fill_and_submit_issue_form:submit_issue_form,Success,True
1597743941092,3052,selenium_create_issue:fill_and_submit_issue_form,Success,True
1597743941092,3916,selenium_create_issue,Success,True
.test_1_selenium_create_issue,Total:312 Passed:312 Failed:0
1597743941820,710,selenium_edit_issue:open_edit_issue_form,Success,True
1597743943177,701,selenium_edit_issue:save_edit_issue_form,Success,True
1597743943177,2067,selenium_edit_issue,Success,True
.test_1_selenium_edit_issue,Total:313 Passed:313 Failed:0
1597743943644,465,selenium_save_comment:open_comment_form,Success,True
1597743944810,942,selenium_save_comment:submit_form,Success,True
1597743944810,1631,selenium_save_comment,Success,True
.test_1_selenium_save_comment,Total:314 Passed:314 Failed:0
1597743946114,1302,selenium_search_jql,Success,True
.test_1_selenium_search_jql,Total:315 Passed:315 Failed:0
1597743947726,1610,selenium_view_scrum_board_backlog,Success,True
.test_1_selenium_view_backlog_for_scrum_board,Total:316 Passed:316 Failed:0
1597743948549,820,selenium_view_scrum_board,Success,True
.test_1_selenium_view_scrum_board,Total:317 Passed:317 Failed:0
1597743949292,742,selenium_view_kanban_board,Success,True
.test_1_selenium_view_kanban_board,Total:318 Passed:318 Failed:0
1597743949710,415,selenium_view_dashboard,Success,True
.test_1_selenium_view_dashboard,Total:319 Passed:319 Failed:0
1597743950532,821,selenium_view_issue,Success,True
.test_1_selenium_view_issue,Total:320 Passed:320 Failed:0
1597743951117,583,selenium_project_summary,Success,True
.test_1_selenium_view_project_summary,Total:321 Passed:321 Failed:0
1597743951511,392,selenium_log_out,Success,True
.test_2_selenium_z_log_out,Total:322 Passed:322 Failed:0


=============================== warnings summary ===============================
/usr/local/lib/python3.8/dist-packages/_pytest/config/__init__.py:935
  /usr/local/lib/python3.8/dist-packages/_pytest/config/__init__.py:935: PytestAssertRewriteWarning: Module already imported so cannot be rewritten: apiritif
    self._mark_plugins_for_rewrite(hook)

-- Docs: https://docs.pytest.org/en/latest/warnings.html
======================== 14 passed, 1 warning in 15.99s ========================
============================= test session starts ==============================
platform linux -- Python 3.8.0, pytest-5.4.3, py-1.9.0, pluggy-0.13.1
rootdir: /dc-app-performance-toolkit/app
plugins: apiritif-0.9.3
collected 14 items

selenium_ui/jira_ui.py get driver from global
1597743951684,116,selenium_login:open_login_page,Success,True
1597743952289,605,selenium_login:login_and_view_dashboard,Success,True
1597743952289,722,selenium_login,Success,True
.test_0_selenium_a_login,Total:323 Passed:323 Failed:0
1597743952748,435,selenium_browse_projects_list,Success,True
.test_1_selenium_browse_projects_list,Total:324 Passed:324 Failed:0
1597743953094,344,selenium_browse_boards_list,Success,True
.test_1_selenium_browse_boards_list,Total:325 Passed:325 Failed:0
1597743953950,844,selenium_create_issue:open_quick_create,Success,True
1597743957348,643,selenium_create_issue:fill_and_submit_issue_form:submit_issue_form,Success,True
1597743957348,3398,selenium_create_issue:fill_and_submit_issue_form,Success,True
1597743957348,4242,selenium_create_issue,Success,True
.test_1_selenium_create_issue,Total:326 Passed:326 Failed:0
1597743958097,731,selenium_edit_issue:open_edit_issue_form,Success,True
1597743959404,675,selenium_edit_issue:save_edit_issue_form,Success,True
1597743959404,2038,selenium_edit_issue,Success,True
.test_1_selenium_edit_issue,Total:327 Passed:327 Failed:0
1597743959835,429,selenium_save_comment:open_comment_form,Success,True
1597743960938,889,selenium_save_comment:submit_form,Success,True
1597743960938,1531,selenium_save_comment,Success,True
.test_1_selenium_save_comment,Total:328 Passed:328 Failed:0
1597743962213,1273,selenium_search_jql,Success,True
.test_1_selenium_search_jql,Total:329 Passed:329 Failed:0
1597743963728,1514,selenium_view_scrum_board_backlog,Success,True
.test_1_selenium_view_backlog_for_scrum_board,Total:330 Passed:330 Failed:0
1597743964577,847,selenium_view_scrum_board,Success,True
.test_1_selenium_view_scrum_board,Total:331 Passed:331 Failed:0
1597743965992,1413,selenium_view_kanban_board,Success,True
.test_1_selenium_view_kanban_board,Total:332 Passed:332 Failed:0
1597743966337,343,selenium_view_dashboard,Success,True
.test_1_selenium_view_dashboard,Total:333 Passed:333 Failed:0
1597743967084,744,selenium_view_issue,Success,True
.test_1_selenium_view_issue,Total:334 Passed:334 Failed:0
1597743967613,527,selenium_project_summary,Success,True
.test_1_selenium_view_project_summary,Total:335 Passed:335 Failed:0
1597743968050,435,selenium_log_out,Success,True
.test_2_selenium_z_log_out,Total:336 Passed:336 Failed:0


=============================== warnings summary ===============================
/usr/local/lib/python3.8/dist-packages/_pytest/config/__init__.py:935
  /usr/local/lib/python3.8/dist-packages/_pytest/config/__init__.py:935: PytestAssertRewriteWarning: Module already imported so cannot be rewritten: apiritif
    self._mark_plugins_for_rewrite(hook)

-- Docs: https://docs.pytest.org/en/latest/warnings.html
======================== 14 passed, 1 warning in 16.49s ========================
============================= test session starts ==============================
platform linux -- Python 3.8.0, pytest-5.4.3, py-1.9.0, pluggy-0.13.1
rootdir: /dc-app-performance-toolkit/app
plugins: apiritif-0.9.3
collected 14 items

selenium_ui/jira_ui.py get driver from global
1597743968216,111,selenium_login:open_login_page,Success,True
1597743968991,774,selenium_login:login_and_view_dashboard,Success,True
1597743968991,885,selenium_login,Success,True
.test_0_selenium_a_login,Total:337 Passed:337 Failed:0
1597743969319,312,selenium_browse_projects_list,Success,True
.test_1_selenium_browse_projects_list,Total:338 Passed:338 Failed:0
1597743969671,350,selenium_browse_boards_list,Success,True
.test_1_selenium_browse_boards_list,Total:339 Passed:339 Failed:0
1597743970597,906,selenium_create_issue:open_quick_create,Success,True
1597743973640,650,selenium_create_issue:fill_and_submit_issue_form:submit_issue_form,Success,True
1597743973640,3043,selenium_create_issue:fill_and_submit_issue_form,Success,True
1597743973640,3950,selenium_create_issue,Success,True
.test_1_selenium_create_issue,Total:340 Passed:340 Failed:0
1597743974306,641,selenium_edit_issue:open_edit_issue_form,Success,True
1597743975821,687,selenium_edit_issue:save_edit_issue_form,Success,True
1597743975821,2157,selenium_edit_issue,Success,True
.test_1_selenium_edit_issue,Total:341 Passed:341 Failed:0
1597743976171,349,selenium_save_comment:open_comment_form,Success,True
1597743977352,951,selenium_save_comment:submit_form,Success,True
1597743977352,1529,selenium_save_comment,Success,True
.test_1_selenium_save_comment,Total:342 Passed:342 Failed:0
1597743978604,1249,selenium_search_jql,Success,True
.test_1_selenium_search_jql,Total:343 Passed:343 Failed:0
1597743979499,893,selenium_view_scrum_board_backlog,Success,True
.test_1_selenium_view_backlog_for_scrum_board,Total:344 Passed:344 Failed:0
1597743980342,841,selenium_view_scrum_board,Success,True
.test_1_selenium_view_scrum_board,Total:345 Passed:345 Failed:0
1597743981258,915,selenium_view_kanban_board,Success,True
.test_1_selenium_view_kanban_board,Total:346 Passed:346 Failed:0
1597743981543,283,selenium_view_dashboard,Success,True
.test_1_selenium_view_dashboard,Total:347 Passed:347 Failed:0
1597743982356,811,selenium_view_issue,Success,True
.test_1_selenium_view_issue,Total:348 Passed:348 Failed:0
1597743982838,480,selenium_project_summary,Success,True
.test_1_selenium_view_project_summary,Total:349 Passed:349 Failed:0
1597743983223,384,selenium_log_out,Success,True
.test_2_selenium_z_log_out,Total:350 Passed:350 Failed:0


=============================== warnings summary ===============================
/usr/local/lib/python3.8/dist-packages/_pytest/config/__init__.py:935
  /usr/local/lib/python3.8/dist-packages/_pytest/config/__init__.py:935: PytestAssertRewriteWarning: Module already imported so cannot be rewritten: apiritif
    self._mark_plugins_for_rewrite(hook)

-- Docs: https://docs.pytest.org/en/latest/warnings.html
======================== 14 passed, 1 warning in 15.13s ========================
============================= test session starts ==============================
platform linux -- Python 3.8.0, pytest-5.4.3, py-1.9.0, pluggy-0.13.1
rootdir: /dc-app-performance-toolkit/app
plugins: apiritif-0.9.3
collected 14 items

selenium_ui/jira_ui.py get driver from global
1597743983404,126,selenium_login:open_login_page,Success,True
1597743984037,632,selenium_login:login_and_view_dashboard,Success,True
1597743984037,759,selenium_login,Success,True
.test_0_selenium_a_login,Total:351 Passed:351 Failed:0
1597743984450,386,selenium_browse_projects_list,Success,True
.test_1_selenium_browse_projects_list,Total:352 Passed:352 Failed:0
1597743984785,333,selenium_browse_boards_list,Success,True
.test_1_selenium_browse_boards_list,Total:353 Passed:353 Failed:0
1597743985710,906,selenium_create_issue:open_quick_create,Success,True
1597743988748,660,selenium_create_issue:fill_and_submit_issue_form:submit_issue_form,Success,True
1597743988748,3037,selenium_create_issue:fill_and_submit_issue_form,Success,True
1597743988748,3943,selenium_create_issue,Success,True
.test_1_selenium_create_issue,Total:354 Passed:354 Failed:0
1597743989486,721,selenium_edit_issue:open_edit_issue_form,Success,True
1597743990745,634,selenium_edit_issue:save_edit_issue_form,Success,True
1597743990745,1980,selenium_edit_issue,Success,True
.test_1_selenium_edit_issue,Total:355 Passed:355 Failed:0
1597743991130,383,selenium_save_comment:open_comment_form,Success,True
1597743992268,926,selenium_save_comment:submit_form,Success,True
1597743992268,1521,selenium_save_comment,Success,True
.test_1_selenium_save_comment,Total:356 Passed:356 Failed:0
1597743993610,1340,selenium_search_jql,Success,True
.test_1_selenium_search_jql,Total:357 Passed:357 Failed:0
1597743995261,1649,selenium_view_scrum_board_backlog,Success,True
.test_1_selenium_view_backlog_for_scrum_board,Total:358 Passed:358 Failed:0
1597743996080,817,selenium_view_scrum_board,Success,True
.test_1_selenium_view_scrum_board,Total:359 Passed:359 Failed:0
1597743997403,1321,selenium_view_kanban_board,Success,True
.test_1_selenium_view_kanban_board,Total:360 Passed:360 Failed:0
1597743997707,302,selenium_view_dashboard,Success,True
.test_1_selenium_view_dashboard,Total:361 Passed:361 Failed:0
1597743998521,812,selenium_view_issue,Success,True
.test_1_selenium_view_issue,Total:362 Passed:362 Failed:0
1597743999180,657,selenium_project_summary,Success,True
.test_1_selenium_view_project_summary,Total:363 Passed:363 Failed:0
1597743999642,460,selenium_log_out,Success,True
.test_2_selenium_z_log_out,Total:364 Passed:364 Failed:0


=============================== warnings summary ===============================
/usr/local/lib/python3.8/dist-packages/_pytest/config/__init__.py:935
  /usr/local/lib/python3.8/dist-packages/_pytest/config/__init__.py:935: PytestAssertRewriteWarning: Module already imported so cannot be rewritten: apiritif
    self._mark_plugins_for_rewrite(hook)

-- Docs: https://docs.pytest.org/en/latest/warnings.html
======================== 14 passed, 1 warning in 16.38s ========================
============================= test session starts ==============================
[...]
1597746187294,879,selenium_view_scrum_board_backlog,Success,True
.test_1_selenium_view_backlog_for_scrum_board,Total:2276 Passed:2276 Failed:0
1597746188144,848,selenium_view_scrum_board,Success,True
.test_1_selenium_view_scrum_board,Total:2277 Passed:2277 Failed:0
1597746189060,914,selenium_view_kanban_board,Success,True
.test_1_selenium_view_kanban_board,Total:2278 Passed:2278 Failed:0
1597746189363,301,selenium_view_dashboard,Success,True
.test_1_selenium_view_dashboard,Total:2279 Passed:2279 Failed:0
1597746190173,808,selenium_view_issue,Success,True
.test_1_selenium_view_issue,Total:2280 Passed:2280 Failed:0
1597746190808,632,selenium_project_summary,Success,True
.test_1_selenium_view_project_summary,Total:2281 Passed:2281 Failed:0
1597746191248,438,selenium_log_out,Success,True
.test_2_selenium_z_log_out,Total:2282 Passed:2282 Failed:0


=============================== warnings summary ===============================
/usr/local/lib/python3.8/dist-packages/_pytest/config/__init__.py:935
  /usr/local/lib/python3.8/dist-packages/_pytest/config/__init__.py:935: PytestAssertRewriteWarning: Module already imported so cannot be rewritten: apiritif
    self._mark_plugins_for_rewrite(hook)

-- Docs: https://docs.pytest.org/en/latest/warnings.html
======================== 14 passed, 1 warning in 15.13s ========================
============================= test session starts ==============================
platform linux -- Python 3.8.0, pytest-5.4.3, py-1.9.0, pluggy-0.13.1
rootdir: /dc-app-performance-toolkit/app
plugins: apiritif-0.9.3
collected 14 items

selenium_ui/jira_ui.py get driver from global
1597746191416,112,selenium_login:open_login_page,Success,True
1597746192113,696,selenium_login:login_and_view_dashboard,Success,True
1597746192113,809,selenium_login,Success,True
.test_0_selenium_a_login,Total:2283 Passed:2283 Failed:0
1597746192445,316,selenium_browse_projects_list,Success,True
.test_1_selenium_browse_projects_list,Total:2284 Passed:2284 Failed:0
1597746192804,356,selenium_browse_boards_list,Success,True
.test_1_selenium_browse_boards_list,Total:2285 Passed:2285 Failed:0
1597746193748,932,selenium_create_issue:open_quick_create,Success,True
1597746196802,638,selenium_create_issue:fill_and_submit_issue_form:submit_issue_form,Success,True
1597746196802,3053,selenium_create_issue:fill_and_submit_issue_form,Success,True
1597746196802,3986,selenium_create_issue,Success,True
.test_1_selenium_create_issue,Total:2286 Passed:2286 Failed:0
1597746197401,582,selenium_edit_issue:open_edit_issue_form,Success,True
1597746198883,696,selenium_edit_issue:save_edit_issue_form,Success,True
1597746198883,2063,selenium_edit_issue,Success,True
.test_1_selenium_edit_issue,Total:2287 Passed:2287 Failed:0
1597746199309,424,selenium_save_comment:open_comment_form,Success,True
1597746200386,868,selenium_save_comment:submit_form,Success,True
1597746200386,1501,selenium_save_comment,Success,True
.test_1_selenium_save_comment,Total:2288 Passed:2288 Failed:0
1597746201692,1304,selenium_search_jql,Success,True
.test_1_selenium_search_jql,Total:2289 Passed:2289 Failed:0
1597746202586,892,selenium_view_scrum_board_backlog,Success,True
.test_1_selenium_view_backlog_for_scrum_board,Total:2290 Passed:2290 Failed:0
1597746203422,835,selenium_view_scrum_board,Success,True
.test_1_selenium_view_scrum_board,Total:2291 Passed:2291 Failed:0
1597746204490,1066,selenium_view_kanban_board,Success,True
.test_1_selenium_view_kanban_board,Total:2292 Passed:2292 Failed:0
1597746204775,283,selenium_view_dashboard,Success,True
.test_1_selenium_view_dashboard,Total:2293 Passed:2293 Failed:0
1597746205654,876,selenium_view_issue,Success,True
.test_1_selenium_view_issue,Total:2294 Passed:2294 Failed:0
1597746206197,541,selenium_project_summary,Success,True
.test_1_selenium_view_project_summary,Total:2295 Passed:2295 Failed:0
1597746206667,468,selenium_log_out,Success,True
.test_2_selenium_z_log_out,Total:2296 Passed:2296 Failed:0


=============================== warnings summary ===============================
/usr/local/lib/python3.8/dist-packages/_pytest/config/__init__.py:935
  /usr/local/lib/python3.8/dist-packages/_pytest/config/__init__.py:935: PytestAssertRewriteWarning: Module already imported so cannot be rewritten: apiritif
    self._mark_plugins_for_rewrite(hook)

-- Docs: https://docs.pytest.org/en/latest/warnings.html
======================== 14 passed, 1 warning in 15.38s ========================
============================= test session starts ==============================
platform linux -- Python 3.8.0, pytest-5.4.3, py-1.9.0, pluggy-0.13.1
rootdir: /dc-app-performance-toolkit/app
plugins: apiritif-0.9.3
collected 14 items

selenium_ui/jira_ui.py get driver from global
1597746206855,132,selenium_login:open_login_page,Success,True
1597746207565,709,selenium_login:login_and_view_dashboard,Success,True
1597746207565,842,selenium_login,Success,True
.test_0_selenium_a_login,Total:2297 Passed:2297 Failed:0
1597746207901,320,selenium_browse_projects_list,Success,True
.test_1_selenium_browse_projects_list,Total:2298 Passed:2298 Failed:0
1597746208234,331,selenium_browse_boards_list,Success,True
.test_1_selenium_browse_boards_list,Total:2299 Passed:2299 Failed:0
1597746209137,883,selenium_create_issue:open_quick_create,Success,True
1597746212068,639,selenium_create_issue:fill_and_submit_issue_form:submit_issue_form,Success,True
1597746212068,2931,selenium_create_issue:fill_and_submit_issue_form,Success,True
1597746212068,3815,selenium_create_issue,Success,True
.test_1_selenium_create_issue,Total:2300 Passed:2300 Failed:0
1597746212674,587,selenium_edit_issue:open_edit_issue_form,Success,True
1597746214104,684,selenium_edit_issue:save_edit_issue_form,Success,True
1597746214104,2017,selenium_edit_issue,Success,True
.test_1_selenium_edit_issue,Total:2301 Passed:2301 Failed:0
1597746214503,397,selenium_save_comment:open_comment_form,Success,True
1597746215647,933,selenium_save_comment:submit_form,Success,True
1597746215647,1541,selenium_save_comment,Success,True
.test_1_selenium_save_comment,Total:2302 Passed:2302 Failed:0
1597746216861,1212,selenium_search_jql,Success,True
.test_1_selenium_search_jql,Total:2303 Passed:2303 Failed:0
1597746218443,1579,selenium_view_scrum_board_backlog,Success,True
.test_1_selenium_view_backlog_for_scrum_board,Total:2304 Passed:2304 Failed:0
1597746219262,817,selenium_view_scrum_board,Success,True
.test_1_selenium_view_scrum_board,Total:2305 Passed:2305 Failed:0
1597746219777,513,selenium_view_kanban_board,Success,True
.test_1_selenium_view_kanban_board,Total:2306 Passed:2306 Failed:0
1597746220067,288,selenium_view_dashboard,Success,True
.test_1_selenium_view_dashboard,Total:2307 Passed:2307 Failed:0
1597746220902,833,selenium_view_issue,Success,True
.test_1_selenium_view_issue,Total:2308 Passed:2308 Failed:0
1597746221448,544,selenium_project_summary,Success,True
.test_1_selenium_view_project_summary,Total:2309 Passed:2309 Failed:0
1597746221871,422,selenium_log_out,Success,True
.test_2_selenium_z_log_out,Total:2310 Passed:2310 Failed:0


=============================== warnings summary ===============================
/usr/local/lib/python3.8/dist-packages/_pytest/config/__init__.py:935
  /usr/local/lib/python3.8/dist-packages/_pytest/config/__init__.py:935: PytestAssertRewriteWarning: Module already imported so cannot be rewritten: apiritif
    self._mark_plugins_for_rewrite(hook)

-- Docs: https://docs.pytest.org/en/latest/warnings.html
======================== 14 passed, 1 warning in 15.16s ========================
============================= test session starts ==============================
platform linux -- Python 3.8.0, pytest-5.4.3, py-1.9.0, pluggy-0.13.1
rootdir: /dc-app-performance-toolkit/app
plugins: apiritif-0.9.3
collected 14 items

selenium_ui/jira_ui.py get driver from global
1597746222055,117,selenium_login:open_login_page,Success,True
1597746222836,781,selenium_login:login_and_view_dashboard,Success,True
1597746222836,898,selenium_login,Success,True
.test_0_selenium_a_login,Total:2311 Passed:2311 Failed:0
1597746223214,363,selenium_browse_projects_list,Success,True
.test_1_selenium_browse_projects_list,Total:2312 Passed:2312 Failed:0
1597746223616,399,selenium_browse_boards_list,Success,True
.test_1_selenium_browse_boards_list,Total:2313 Passed:2313 Failed:0
1597746224382,753,selenium_create_issue:open_quick_create,Success,True
1597746228735,686,selenium_create_issue:fill_and_submit_issue_form:submit_issue_form,Success,True
1597746228735,4352,selenium_create_issue:fill_and_submit_issue_form,Success,True
1597746228735,5106,selenium_create_issue,Success,True
.test_1_selenium_create_issue,Total:2314 Passed:2314 Failed:0
1597746229397,644,selenium_edit_issue:open_edit_issue_form,Success,True
1597746231024,810,selenium_edit_issue:save_edit_issue_form,Success,True
1597746231024,2272,selenium_edit_issue,Success,True
.test_1_selenium_edit_issue,Total:2315 Passed:2315 Failed:0
1597746231413,387,selenium_save_comment:open_comment_form,Success,True
1597746232628,1010,selenium_save_comment:submit_form,Success,True
1597746232628,1602,selenium_save_comment,Success,True
.test_1_selenium_save_comment,Total:2316 Passed:2316 Failed:0
1597746233927,1297,selenium_search_jql,Success,True
.test_1_selenium_search_jql,Total:2317 Passed:2317 Failed:0
1597746235545,1616,selenium_view_scrum_board_backlog,Success,True
.test_1_selenium_view_backlog_for_scrum_board,Total:2318 Passed:2318 Failed:0
1597746236364,817,selenium_view_scrum_board,Success,True
.test_1_selenium_view_scrum_board,Total:2319 Passed:2319 Failed:0
1597746237643,1277,selenium_view_kanban_board,Success,True
.test_1_selenium_view_kanban_board,Total:2320 Passed:2320 Failed:0
1597746237933,288,selenium_view_dashboard,Success,True
.test_1_selenium_view_dashboard,Total:2321 Passed:2321 Failed:0
1597746238872,938,selenium_view_issue,Success,True
.test_1_selenium_view_issue,Total:2322 Passed:2322 Failed:0
1597746239427,553,selenium_project_summary,Success,True
.test_1_selenium_view_project_summary,Total:2323 Passed:2323 Failed:0
1597746239893,464,selenium_log_out,Success,True
.test_2_selenium_z_log_out,Total:2324 Passed:2324 Failed:0


=============================== warnings summary ===============================
/usr/local/lib/python3.8/dist-packages/_pytest/config/__init__.py:935
  /usr/local/lib/python3.8/dist-packages/_pytest/config/__init__.py:935: PytestAssertRewriteWarning: Module already imported so cannot be rewritten: apiritif
    self._mark_plugins_for_rewrite(hook)

-- Docs: https://docs.pytest.org/en/latest/warnings.html
======================== 14 passed, 1 warning in 17.97s ========================
============================= test session starts ==============================
platform linux -- Python 3.8.0, pytest-5.4.3, py-1.9.0, pluggy-0.13.1
rootdir: /dc-app-performance-toolkit/app
plugins: apiritif-0.9.3
collected 14 items

selenium_ui/jira_ui.py get driver from global
1597746240070,122,selenium_login:open_login_page,Success,True
1597746240875,804,selenium_login:login_and_view_dashboard,Success,True
1597746240875,927,selenium_login,Success,True
.test_0_selenium_a_login,Total:2325 Passed:2325 Failed:0
1597746241218,323,selenium_browse_projects_list,Success,True
.test_1_selenium_browse_projects_list,Total:2326 Passed:2326 Failed:0
1597746241541,320,selenium_browse_boards_list,Success,True
.test_1_selenium_browse_boards_list,Total:2327 Passed:2327 Failed:0
1597746242483,893,selenium_create_issue:open_quick_create,Success,True
1597746245509,796,selenium_create_issue:fill_and_submit_issue_form:submit_issue_form,Success,True
1597746245509,3025,selenium_create_issue:fill_and_submit_issue_form,Success,True
1597746245509,3919,selenium_create_issue,Success,True
.test_1_selenium_create_issue,Total:2328 Passed:2328 Failed:0
1597746246042,516,selenium_edit_issue:open_edit_issue_form,Success,True
1597746247549,683,selenium_edit_issue:save_edit_issue_form,Success,True
1597746247549,2024,selenium_edit_issue,Success,True
.test_1_selenium_edit_issue,Total:2329 Passed:2329 Failed:0
1597746247883,332,selenium_save_comment:open_comment_form,Success,True
1597746249008,907,selenium_save_comment:submit_form,Success,True
1597746249008,1457,selenium_save_comment,Success,True
.test_1_selenium_save_comment,Total:2330 Passed:2330 Failed:0
1597746250226,1216,selenium_search_jql,Success,True
.test_1_selenium_search_jql,Total:2331 Passed:2331 Failed:0
1597746251922,1694,selenium_view_scrum_board_backlog,Success,True
.test_1_selenium_view_backlog_for_scrum_board,Total:2332 Passed:2332 Failed:0
1597746252752,828,selenium_view_scrum_board,Success,True
.test_1_selenium_view_scrum_board,Total:2333 Passed:2333 Failed:0
1597746253658,904,selenium_view_kanban_board,Success,True
.test_1_selenium_view_kanban_board,Total:2334 Passed:2334 Failed:0
1597746254043,382,selenium_view_dashboard,Success,True
.test_1_selenium_view_dashboard,Total:2335 Passed:2335 Failed:0
1597746254849,804,selenium_view_issue,Success,True
.test_1_selenium_view_issue,Total:2336 Passed:2336 Failed:0
1597746255374,522,selenium_project_summary,Success,True
.test_1_selenium_view_project_summary,Total:2337 Passed:2337 Failed:0
1597746255789,414,selenium_log_out,Success,True
.test_2_selenium_z_log_out,Total:2338 Passed:2338 Failed:0


=============================== warnings summary ===============================
/usr/local/lib/python3.8/dist-packages/_pytest/config/__init__.py:935
  /usr/local/lib/python3.8/dist-packages/_pytest/config/__init__.py:935: PytestAssertRewriteWarning: Module already imported so cannot be rewritten: apiritif
    self._mark_plugins_for_rewrite(hook)

-- Docs: https://docs.pytest.org/en/latest/warnings.html
======================== 14 passed, 1 warning in 15.85s ========================
============================= test session starts ==============================
platform linux -- Python 3.8.0, pytest-5.4.3, py-1.9.0, pluggy-0.13.1
rootdir: /dc-app-performance-toolkit/app
plugins: apiritif-0.9.3
collected 14 items

selenium_ui/jira_ui.py get driver from global
1597746255963,116,selenium_login:open_login_page,Success,True
1597746256732,769,selenium_login:login_and_view_dashboard,Success,True
1597746256732,886,selenium_login,Success,True
.test_0_selenium_a_login,Total:2339 Passed:2339 Failed:0
1597746257119,347,selenium_browse_projects_list,Success,True
.test_1_selenium_browse_projects_list,Total:2340 Passed:2340 Failed:0
1597746257501,380,selenium_browse_boards_list,Success,True
.test_1_selenium_browse_boards_list,Total:2341 Passed:2341 Failed:0
1597746258428,915,selenium_create_issue:open_quick_create,Success,True
1597746261429,637,selenium_create_issue:fill_and_submit_issue_form:submit_issue_form,Success,True
1597746261429,3001,selenium_create_issue:fill_and_submit_issue_form,Success,True
1597746261429,3916,selenium_create_issue,Success,True
.test_1_selenium_create_issue,Total:2342 Passed:2342 Failed:0
1597746262127,677,selenium_edit_issue:open_edit_issue_form,Success,True
1597746263658,825,selenium_edit_issue:save_edit_issue_form,Success,True
1597746263658,2207,selenium_edit_issue,Success,True
.test_1_selenium_edit_issue,Total:2343 Passed:2343 Failed:0
1597746264058,398,selenium_save_comment:open_comment_form,Success,True
1597746265219,962,selenium_save_comment:submit_form,Success,True
1597746265219,1559,selenium_save_comment,Success,True
.test_1_selenium_save_comment,Total:2344 Passed:2344 Failed:0
1597746266462,1242,selenium_search_jql,Success,True
.test_1_selenium_search_jql,Total:2345 Passed:2345 Failed:0
1597746268037,1573,selenium_view_scrum_board_backlog,Success,True
.test_1_selenium_view_backlog_for_scrum_board,Total:2346 Passed:2346 Failed:0
1597746268860,822,selenium_view_scrum_board,Success,True
.test_1_selenium_view_scrum_board,Total:2347 Passed:2347 Failed:0
1597746270054,1192,selenium_view_kanban_board,Success,True
.test_1_selenium_view_kanban_board,Total:2348 Passed:2348 Failed:0
1597746270348,292,selenium_view_dashboard,Success,True
.test_1_selenium_view_dashboard,Total:2349 Passed:2349 Failed:0
1597746271125,776,selenium_view_issue,Success,True
.test_1_selenium_view_issue,Total:2350 Passed:2350 Failed:0
1597746271660,533,selenium_project_summary,Success,True
.test_1_selenium_view_project_summary,Total:2351 Passed:2351 Failed:0
1597746272094,431,selenium_log_out,Success,True
.test_2_selenium_z_log_out,Total:2352 Passed:2352 Failed:0


=============================== warnings summary ===============================
/usr/local/lib/python3.8/dist-packages/_pytest/config/__init__.py:935
  /usr/local/lib/python3.8/dist-packages/_pytest/config/__init__.py:935: PytestAssertRewriteWarning: Module already imported so cannot be rewritten: apiritif
    self._mark_plugins_for_rewrite(hook)

-- Docs: https://docs.pytest.org/en/latest/warnings.html
======================== 14 passed, 1 warning in 16.26s ========================
============================= test session starts ==============================
platform linux -- Python 3.8.0, pytest-5.4.3, py-1.9.0, pluggy-0.13.1
rootdir: /dc-app-performance-toolkit/app
plugins: apiritif-0.9.3
collected 14 items

selenium_ui/jira_ui.py get driver from global
1597746272262,113,selenium_login:open_login_page,Success,True
1597746273043,780,selenium_login:login_and_view_dashboard,Success,True
1597746273043,895,selenium_login,Success,True
.test_0_selenium_a_login,Total:2353 Passed:2353 Failed:0
1597746273387,327,selenium_browse_projects_list,Success,True
.test_1_selenium_browse_projects_list,Total:2354 Passed:2354 Failed:0
1597746273737,348,selenium_browse_boards_list,Success,True
.test_1_selenium_browse_boards_list,Total:2355 Passed:2355 Failed:0
1597746274656,895,selenium_create_issue:open_quick_create,Success,True
1597746277641,648,selenium_create_issue:fill_and_submit_issue_form:submit_issue_form,Success,True
1597746277641,2984,selenium_create_issue:fill_and_submit_issue_form,Success,True
1597746277641,3880,selenium_create_issue,Success,True
.test_1_selenium_create_issue,Total:2356 Passed:2356 Failed:0
1597746278467,809,selenium_edit_issue:open_edit_issue_form,Success,True
1597746279737,719,selenium_edit_issue:save_edit_issue_form,Success,True
1597746279737,2080,selenium_edit_issue,Success,True
.test_1_selenium_edit_issue,Total:2357 Passed:2357 Failed:0
1597746280158,419,selenium_save_comment:open_comment_form,Success,True
1597746281330,967,selenium_save_comment:submit_form,Success,True
1597746281330,1591,selenium_save_comment,Success,True
.test_1_selenium_save_comment,Total:2358 Passed:2358 Failed:0
1597746282536,1203,selenium_search_jql,Success,True
.test_1_selenium_search_jql,Total:2359 Passed:2359 Failed:0
1597746284094,1557,selenium_view_scrum_board_backlog,Success,True
.test_1_selenium_view_backlog_for_scrum_board,Total:2360 Passed:2360 Failed:0
1597746284929,833,selenium_view_scrum_board,Success,True
.test_1_selenium_view_scrum_board,Total:2361 Passed:2361 Failed:0
1597746285861,930,selenium_view_kanban_board,Success,True
.test_1_selenium_view_kanban_board,Total:2362 Passed:2362 Failed:0
1597746286149,286,selenium_view_dashboard,Success,True
.test_1_selenium_view_dashboard,Total:2363 Passed:2363 Failed:0
1597746287031,879,selenium_view_issue,Success,True
.test_1_selenium_view_issue,Total:2364 Passed:2364 Failed:0
1597746287602,570,selenium_project_summary,Success,True
.test_1_selenium_view_project_summary,Total:2365 Passed:2365 Failed:0
1597746287994,390,selenium_log_out,Success,True
.test_2_selenium_z_log_out,Total:2366 Passed:2366 Failed:0


=============================== warnings summary ===============================
/usr/local/lib/python3.8/dist-packages/_pytest/config/__init__.py:935
  /usr/local/lib/python3.8/dist-packages/_pytest/config/__init__.py:935: PytestAssertRewriteWarning: Module already imported so cannot be rewritten: apiritif
    self._mark_plugins_for_rewrite(hook)

-- Docs: https://docs.pytest.org/en/latest/warnings.html
======================== 14 passed, 1 warning in 15.86s ========================
